#
# There is insufficient memory for the Java Runtime Environment to continue.
# Native memory allocation (mmap) failed to map 549453824 bytes for Failed to commit area from 0x0000000091b00000 to 0x00000000b2700000 of length 549453824.
# Possible reasons:
#   The system is out of physical RAM or swap space
#   The process is running with CompressedOops enabled, and the Java Heap may be blocking the growth of the native heap
# Possible solutions:
#   Reduce memory load on the system
#   Increase physical memory or swap space
#   Check if swap backing store is full
#   Decrease Java heap size (-Xmx/-Xms)
#   Decrease number of Java threads
#   Decrease Java thread stack sizes (-Xss)
#   Set larger code cache with -XX:ReservedCodeCacheSize=
#   JVM is running with Unscaled Compressed Oops mode in which the Java heap is
#     placed in the first 4GB address space. The Java Heap base address is the
#     maximum limit for the native heap growth. Please use -XX:HeapBaseMinAddress
#     to set the Java Heap base and to place the Java Heap above 4GB virtual address.
# This output file may be truncated or incomplete.
#
#  Out of Memory Error (./src/hotspot/os/windows/os_windows.cpp:3303), pid=12572, tid=14948
#
# JRE version: OpenJDK Runtime Environment (11.0.8+10) (build 11.0.8+10-b944.6842174)
# Java VM: OpenJDK 64-Bit Server VM (11.0.8+10-b944.6842174, mixed mode, tiered, compressed oops, g1 gc, windows-amd64)
# No core dump will be written. Minidumps are not enabled by default on client versions of Windows
#

---------------  S U M M A R Y ------------

Command Line: --add-opens=java.base/java.util=ALL-UNNAMED --add-opens=java.base/java.lang=ALL-UNNAMED --add-opens=java.base/java.lang.invoke=ALL-UNNAMED --add-opens=java.prefs/java.util.prefs=ALL-UNNAMED -Xmx2048m -Dfile.encoding=UTF-8 -Duser.country=US -Duser.language=en -Duser.variant org.gradle.launcher.daemon.bootstrap.GradleDaemon 6.7.1

Host: Intel(R) Core(TM) i5-10210U CPU @ 1.60GHz, 8 cores, 7G,  Windows 10 , 64 bit Build 19041 (10.0.19041.928)
Time: Tue Jun 15 09:11:29 2021 India Standard Time elapsed time: 54 seconds (0d 0h 0m 54s)

---------------  T H R E A D  ---------------

Current thread (0x000001d3c3efe000):  VMThread "VM Thread" [stack: 0x0000007311e00000,0x0000007311f00000] [id=14948]

Stack: [0x0000007311e00000,0x0000007311f00000]
[error occurred during error reporting (printing stack bounds), id 0xc0000005, EXCEPTION_ACCESS_VIOLATION (0xc0000005) at pc=0x000001d3acdd0dad]

Native frames: (J=compiled Java code, j=interpreted, Vv=VM code, C=native code)
V  [jvm.dll+0x5de50a]
V  [jvm.dll+0x7122f5]
V  [jvm.dll+0x71384d]
V  [jvm.dll+0x713e65]
V  [jvm.dll+0x713e1b]
V  [jvm.dll+0x5dd958]
V  [jvm.dll+0x5de0f8]
C  [ntdll.dll+0xa217f]
C  [ntdll.dll+0x51454]
C  [ntdll.dll+0xa0cae]
C  0x000001d3acdd0dad

VM_Operation (0x000000731c5fa810): G1CollectForAllocation, mode: safepoint, requested by thread 0x000001d3ca809000


---------------  P R O C E S S  ---------------

Threads class SMR info:
_java_thread_list=0x000001d3cfdcd480, length=156, elements={
0x000001d3a9449000, 0x000001d3c3f01800, 0x000001d3c3f0b000, 0x000001d3c4882800,
0x000001d3c3f19800, 0x000001d3c3f1a000, 0x000001d3c3f26800, 0x000001d3c3f2e800,
0x000001d3c49d7800, 0x000001d3c49d8800, 0x000001d3c5a15000, 0x000001d3c4b5c000,
0x000001d3c4b5e800, 0x000001d3c577a000, 0x000001d3c5794800, 0x000001d3c636f000,
0x000001d3c636d800, 0x000001d3c636e000, 0x000001d3c636c000, 0x000001d3c6372800,
0x000001d3c9336800, 0x000001d3c9331800, 0x000001d3c9337800, 0x000001d3c9334000,
0x000001d3c9335000, 0x000001d3c9338000, 0x000001d3c9332800, 0x000001d3c9339000,
0x000001d3c9333800, 0x000001d3c933a000, 0x000001d3c933a800, 0x000001d3c933b800,
0x000001d3c9336000, 0x000001d3c933c800, 0x000001d3c933d000, 0x000001d3c933e000,
0x000001d3c933e800, 0x000001d3c933f800, 0x000001d3c6370000, 0x000001d3c6370800,
0x000001d3c6371800, 0x000001d3c636c800, 0x000001d3c6dd2800, 0x000001d3c6dd9000,
0x000001d3c6dd6800, 0x000001d3c6dd3800, 0x000001d3c6dd8000, 0x000001d3c6dda000,
0x000001d3c6dd4000, 0x000001d3c6dd7800, 0x000001d3c6dd5800, 0x000001d3c6dda800,
0x000001d3c6dd5000, 0x000001d3c6de1000, 0x000001d3c6ddb800, 0x000001d3c6dde800,
0x000001d3c6ddc000, 0x000001d3c6de0800, 0x000001d3c6ddd000, 0x000001d3c6dde000,
0x000001d3c6ddf800, 0x000001d3c6dfb000, 0x000001d3c6df5800, 0x000001d3c6df7000,
0x000001d3c6df6000, 0x000001d3c6df8000, 0x000001d3c6df8800, 0x000001d3c6dfa800,
0x000001d3c6df9800, 0x000001d3c6dfd800, 0x000001d3c6e01000, 0x000001d3c6dfe800,
0x000001d3c6e01800, 0x000001d3c6dff000, 0x000001d3c6dfc000, 0x000001d3c6e02800,
0x000001d3c6e00000, 0x000001d3c6dfd000, 0x000001d3c6e03800, 0x000001d3c6e04000,
0x000001d3c755f800, 0x000001d3c755c000, 0x000001d3c7559800, 0x000001d3c755e800,
0x000001d3c755a800, 0x000001d3c755d000, 0x000001d3c755e000, 0x000001d3c7560800,
0x000001d3c7561000, 0x000001d3c755b800, 0x000001d3c7565000, 0x000001d3c7562000,
0x000001d3c7564800, 0x000001d3c7568800, 0x000001d3c7566000, 0x000001d3c7567800,
0x000001d3c7562800, 0x000001d3c7567000, 0x000001d3c7563800, 0x000001d3c6b57000,
0x000001d3c6b57800, 0x000001d3c6b58800, 0x000001d3c6b5c000, 0x000001d3c6b59800,
0x000001d3c6b56000, 0x000001d3c6b5c800, 0x000001d3c6b5d800, 0x000001d3c6b5e000,
0x000001d3c6b5a000, 0x000001d3c6b60000, 0x000001d3c6b5f000, 0x000001d3c6b60800,
0x000001d3c6b5b000, 0x000001d3c6b63000, 0x000001d3c6b61800, 0x000001d3c6b64000,
0x000001d3c6b62800, 0x000001d3c6b64800, 0x000001d3c8e1e000, 0x000001d3c8e1c800,
0x000001d3c8e1d800, 0x000001d3c8e1a000, 0x000001d3c8e1b000, 0x000001d3c8e1f000,
0x000001d3c8e19800, 0x000001d3c8e21800, 0x000001d3c8e20000, 0x000001d3c8e20800,
0x000001d3c8e1b800, 0x000001d3c8e24800, 0x000001d3c8e25800, 0x000001d3c8e27000,
0x000001d3c8e28000, 0x000001d3c8e24000, 0x000001d3c8e23000, 0x000001d3c8e22800,
0x000001d3c8e26800, 0x000001d3c98a1000, 0x000001d3c98a4000, 0x000001d3c98a5000,
0x000001d3c98a1800, 0x000001d3c98a5800, 0x000001d3c98a0000, 0x000001d3c98a7800,
0x000001d3c98a3000, 0x000001d3c98a8000, 0x000001d3c98ae800, 0x000001d3c98ae000,
0x000001d3c98ab800, 0x000001d3c98aa000, 0x000001d3c98ac000, 0x000001d3ca809000,
0x000001d3ca808800, 0x000001d3ca80a000, 0x000001d3ca80b000, 0x000001d3ca80b800
}

Java Threads: ( => current thread )
  0x000001d3a9449000 JavaThread "main" [_thread_blocked, id=14968, stack(0x0000007311800000,0x0000007311900000)]
  0x000001d3c3f01800 JavaThread "Reference Handler" daemon [_thread_blocked, id=21904, stack(0x0000007311f00000,0x0000007312000000)]
  0x000001d3c3f0b000 JavaThread "Finalizer" daemon [_thread_blocked, id=20304, stack(0x0000007312000000,0x0000007312100000)]
  0x000001d3c4882800 JavaThread "Signal Dispatcher" daemon [_thread_blocked, id=704, stack(0x0000007312100000,0x0000007312200000)]
  0x000001d3c3f19800 JavaThread "Attach Listener" daemon [_thread_blocked, id=21664, stack(0x0000007312200000,0x0000007312300000)]
  0x000001d3c3f1a000 JavaThread "C2 CompilerThread0" daemon [_thread_in_native, id=10576, stack(0x0000007312300000,0x0000007312400000)]
  0x000001d3c3f26800 JavaThread "C1 CompilerThread0" daemon [_thread_blocked, id=22188, stack(0x0000007312400000,0x0000007312500000)]
  0x000001d3c3f2e800 JavaThread "Sweeper thread" daemon [_thread_blocked, id=22256, stack(0x0000007312500000,0x0000007312600000)]
  0x000001d3c49d7800 JavaThread "Common-Cleaner" daemon [_thread_blocked, id=23264, stack(0x0000007312600000,0x0000007312700000)]
  0x000001d3c49d8800 JavaThread "Service Thread" daemon [_thread_blocked, id=21980, stack(0x0000007312700000,0x0000007312800000)]
  0x000001d3c5a15000 JavaThread "Daemon health stats" [_thread_blocked, id=21680, stack(0x0000007312900000,0x0000007312a00000)]
  0x000001d3c4b5c000 JavaThread "Incoming local TCP Connector on port 61301" [_thread_in_native, id=6696, stack(0x0000007312e00000,0x0000007312f00000)]
  0x000001d3c4b5e800 JavaThread "Daemon periodic checks" [_thread_blocked, id=23280, stack(0x0000007312f00000,0x0000007313000000)]
  0x000001d3c577a000 JavaThread "Daemon" [_thread_blocked, id=5680, stack(0x0000007313000000,0x0000007313100000)]
  0x000001d3c5794800 JavaThread "Daemon worker" [_thread_blocked, id=15304, stack(0x0000007313300000,0x0000007313400000)]
  0x000001d3c636f000 JavaThread "Cache worker for file hash cache (C:\Users\vaish\.gradle\caches\6.7.1\fileHashes)" [_thread_blocked, id=2776, stack(0x0000007313c00000,0x0000007313d00000)]
  0x000001d3c636d800 JavaThread "File lock request listener" [_thread_in_native, id=6672, stack(0x0000007313d00000,0x0000007313e00000)]
  0x000001d3c636e000 JavaThread "Cache worker for journal cache (C:\Users\vaish\.gradle\caches\journal-1)" [_thread_blocked, id=17724, stack(0x0000007313f00000,0x0000007314000000)]
  0x000001d3c636c000 JavaThread "Cache worker for execution history cache (C:\Users\vaish\.gradle\caches\6.7.1\executionHistory)" [_thread_blocked, id=9372, stack(0x0000007314500000,0x0000007314600000)]
  0x000001d3c6372800 JavaThread "jar transforms" [_thread_blocked, id=2692, stack(0x0000007314600000,0x0000007314700000)]
  0x000001d3c9336800 JavaThread "Cache worker for file content cache (C:\Users\vaish\.gradle\caches\6.7.1\fileContent)" [_thread_blocked, id=4072, stack(0x0000007314700000,0x0000007314800000)]
  0x000001d3c9331800 JavaThread "Handler for socket connection from /127.0.0.1:61301 to /127.0.0.1:61313" [_thread_in_native, id=16740, stack(0x0000007313100000,0x0000007313200000)]
  0x000001d3c9337800 JavaThread "Cancel handler" [_thread_blocked, id=21660, stack(0x0000007313200000,0x0000007313300000)]
  0x000001d3c9334000 JavaThread "Asynchronous log dispatcher for DefaultDaemonConnection: socket connection from /127.0.0.1:61301 to /127.0.0.1:61313" [_thread_blocked, id=16548, stack(0x0000007313400000,0x0000007313500000)]
  0x000001d3c9335000 JavaThread "Stdin handler" [_thread_blocked, id=22488, stack(0x0000007313500000,0x0000007313600000)]
  0x000001d3c9338000 JavaThread "Thread-22" [_thread_blocked, id=12156, stack(0x0000007313600000,0x0000007313700000)]
  0x000001d3c9332800 JavaThread "Cache worker for file hash cache (C:\Users\vaish\AndroidStudioProjects\Fitnessapp2\.gradle\6.7.1\fileHashes)" [_thread_blocked, id=8904, stack(0x0000007314000000,0x0000007314100000)]
  0x000001d3c9339000 JavaThread "Cache worker for checksums cache (C:\Users\vaish\AndroidStudioProjects\Fitnessapp2\.gradle\checksums)" [_thread_blocked, id=12608, stack(0x0000007314100000,0x0000007314200000)]
  0x000001d3c9333800 JavaThread "Cache worker for cache directory md-supplier (C:\Users\vaish\.gradle\caches\6.7.1\md-supplier)" [_thread_blocked, id=23336, stack(0x0000007314200000,0x0000007314300000)]
  0x000001d3c933a000 JavaThread "Cache worker for cache directory md-rule (C:\Users\vaish\.gradle\caches\6.7.1\md-rule)" [_thread_blocked, id=13360, stack(0x0000007314300000,0x0000007314400000)]
  0x000001d3c933a800 JavaThread "Cache worker for Build Output Cleanup Cache (C:\Users\vaish\AndroidStudioProjects\Fitnessapp2\.gradle\buildOutputCleanup)" [_thread_blocked, id=22420, stack(0x0000007314400000,0x0000007314500000)]
  0x000001d3c933b800 JavaThread "Build operations" [_thread_blocked, id=328, stack(0x0000007314800000,0x0000007314900000)]
  0x000001d3c9336000 JavaThread "Build operations Thread 2" [_thread_blocked, id=18904, stack(0x0000007314900000,0x0000007314a00000)]
  0x000001d3c933c800 JavaThread "Build operations Thread 3" [_thread_blocked, id=1936, stack(0x0000007314a00000,0x0000007314b00000)]
  0x000001d3c933d000 JavaThread "Build operations Thread 4" [_thread_blocked, id=20900, stack(0x0000007314b00000,0x0000007314c00000)]
  0x000001d3c933e000 JavaThread "Build operations Thread 5" [_thread_blocked, id=6664, stack(0x0000007314c00000,0x0000007314d00000)]
  0x000001d3c933e800 JavaThread "Build operations Thread 6" [_thread_blocked, id=7552, stack(0x0000007314d00000,0x0000007314e00000)]
  0x000001d3c933f800 JavaThread "Build operations Thread 7" [_thread_blocked, id=20968, stack(0x0000007314e00000,0x0000007314f00000)]
  0x000001d3c6370000 JavaThread "Build operations Thread 8" [_thread_blocked, id=15608, stack(0x0000007314f00000,0x0000007315000000)]
  0x000001d3c6370800 JavaThread "jar transforms Thread 2" [_thread_blocked, id=18584, stack(0x0000007315000000,0x0000007315100000)]
  0x000001d3c6371800 JavaThread "jar transforms Thread 3" [_thread_blocked, id=14248, stack(0x0000007315100000,0x0000007315200000)]
  0x000001d3c636c800 JavaThread "jar transforms Thread 4" [_thread_blocked, id=348, stack(0x0000007315200000,0x0000007315300000)]
  0x000001d3c6dd2800 JavaThread "jar transforms Thread 5" [_thread_blocked, id=20904, stack(0x0000007315300000,0x0000007315400000)]
  0x000001d3c6dd9000 JavaThread "jar transforms Thread 6" [_thread_blocked, id=21520, stack(0x0000007315400000,0x0000007315500000)]
  0x000001d3c6dd6800 JavaThread "jar transforms Thread 7" [_thread_blocked, id=19428, stack(0x0000007315500000,0x0000007315600000)]
  0x000001d3c6dd3800 JavaThread "jar transforms Thread 8" [_thread_blocked, id=19364, stack(0x0000007315600000,0x0000007315700000)]
  0x000001d3c6dd8000 JavaThread "jar transforms Thread 9" [_thread_blocked, id=21368, stack(0x0000007315700000,0x0000007315800000)]
  0x000001d3c6dda000 JavaThread "jar transforms Thread 10" [_thread_blocked, id=12796, stack(0x0000007315800000,0x0000007315900000)]
  0x000001d3c6dd4000 JavaThread "jar transforms Thread 11" [_thread_blocked, id=16056, stack(0x0000007315900000,0x0000007315a00000)]
  0x000001d3c6dd7800 JavaThread "jar transforms Thread 12" [_thread_blocked, id=6960, stack(0x0000007315a00000,0x0000007315b00000)]
  0x000001d3c6dd5800 JavaThread "jar transforms Thread 13" [_thread_blocked, id=16404, stack(0x0000007315b00000,0x0000007315c00000)]
  0x000001d3c6dda800 JavaThread "jar transforms Thread 14" [_thread_blocked, id=8216, stack(0x0000007315c00000,0x0000007315d00000)]
  0x000001d3c6dd5000 JavaThread "jar transforms Thread 15" [_thread_blocked, id=23380, stack(0x0000007315d00000,0x0000007315e00000)]
  0x000001d3c6de1000 JavaThread "jar transforms Thread 16" [_thread_blocked, id=5984, stack(0x0000007315e00000,0x0000007315f00000)]
  0x000001d3c6ddb800 JavaThread "jar transforms Thread 17" [_thread_blocked, id=15972, stack(0x0000007315f00000,0x0000007316000000)]
  0x000001d3c6dde800 JavaThread "jar transforms Thread 18" [_thread_blocked, id=11080, stack(0x0000007316000000,0x0000007316100000)]
  0x000001d3c6ddc000 JavaThread "jar transforms Thread 19" [_thread_blocked, id=22072, stack(0x0000007316100000,0x0000007316200000)]
  0x000001d3c6de0800 JavaThread "jar transforms Thread 20" [_thread_blocked, id=1508, stack(0x0000007316200000,0x0000007316300000)]
  0x000001d3c6ddd000 JavaThread "jar transforms Thread 21" [_thread_blocked, id=13812, stack(0x0000007316300000,0x0000007316400000)]
  0x000001d3c6dde000 JavaThread "jar transforms Thread 22" [_thread_blocked, id=2904, stack(0x0000007316400000,0x0000007316500000)]
  0x000001d3c6ddf800 JavaThread "jar transforms Thread 23" [_thread_blocked, id=9512, stack(0x0000007316500000,0x0000007316600000)]
  0x000001d3c6dfb000 JavaThread "jar transforms Thread 24" [_thread_blocked, id=18588, stack(0x0000007316600000,0x0000007316700000)]
  0x000001d3c6df5800 JavaThread "jar transforms Thread 25" [_thread_blocked, id=23536, stack(0x0000007316700000,0x0000007316800000)]
  0x000001d3c6df7000 JavaThread "jar transforms Thread 26" [_thread_blocked, id=7756, stack(0x0000007316800000,0x0000007316900000)]
  0x000001d3c6df6000 JavaThread "jar transforms Thread 27" [_thread_blocked, id=18640, stack(0x0000007316900000,0x0000007316a00000)]
  0x000001d3c6df8000 JavaThread "jar transforms Thread 28" [_thread_blocked, id=3912, stack(0x0000007316a00000,0x0000007316b00000)]
  0x000001d3c6df8800 JavaThread "jar transforms Thread 29" [_thread_blocked, id=9416, stack(0x0000007316b00000,0x0000007316c00000)]
  0x000001d3c6dfa800 JavaThread "jar transforms Thread 30" [_thread_blocked, id=17820, stack(0x0000007316c00000,0x0000007316d00000)]
  0x000001d3c6df9800 JavaThread "jar transforms Thread 31" [_thread_blocked, id=756, stack(0x0000007316d00000,0x0000007316e00000)]
  0x000001d3c6dfd800 JavaThread "jar transforms Thread 32" [_thread_blocked, id=8284, stack(0x0000007316e00000,0x0000007316f00000)]
  0x000001d3c6e01000 JavaThread "jar transforms Thread 33" [_thread_blocked, id=20484, stack(0x0000007316f00000,0x0000007317000000)]
  0x000001d3c6dfe800 JavaThread "jar transforms Thread 34" [_thread_blocked, id=15728, stack(0x0000007317000000,0x0000007317100000)]
  0x000001d3c6e01800 JavaThread "jar transforms Thread 35" [_thread_blocked, id=11000, stack(0x0000007317100000,0x0000007317200000)]
  0x000001d3c6dff000 JavaThread "jar transforms Thread 36" [_thread_blocked, id=19584, stack(0x0000007317200000,0x0000007317300000)]
  0x000001d3c6dfc000 JavaThread "jar transforms Thread 37" [_thread_blocked, id=1704, stack(0x0000007317300000,0x0000007317400000)]
  0x000001d3c6e02800 JavaThread "jar transforms Thread 38" [_thread_blocked, id=19180, stack(0x0000007317400000,0x0000007317500000)]
  0x000001d3c6e00000 JavaThread "jar transforms Thread 39" [_thread_blocked, id=20624, stack(0x0000007317500000,0x0000007317600000)]
  0x000001d3c6dfd000 JavaThread "jar transforms Thread 40" [_thread_blocked, id=13832, stack(0x0000007317600000,0x0000007317700000)]
  0x000001d3c6e03800 JavaThread "jar transforms Thread 41" [_thread_blocked, id=6972, stack(0x0000007317700000,0x0000007317800000)]
  0x000001d3c6e04000 JavaThread "jar transforms Thread 42" [_thread_blocked, id=14600, stack(0x0000007317800000,0x0000007317900000)]
  0x000001d3c755f800 JavaThread "jar transforms Thread 43" [_thread_blocked, id=10820, stack(0x0000007317900000,0x0000007317a00000)]
  0x000001d3c755c000 JavaThread "jar transforms Thread 44" [_thread_blocked, id=18148, stack(0x0000007317a00000,0x0000007317b00000)]
  0x000001d3c7559800 JavaThread "jar transforms Thread 45" [_thread_blocked, id=14340, stack(0x0000007317b00000,0x0000007317c00000)]
  0x000001d3c755e800 JavaThread "jar transforms Thread 46" [_thread_blocked, id=1288, stack(0x0000007317c00000,0x0000007317d00000)]
  0x000001d3c755a800 JavaThread "jar transforms Thread 47" [_thread_blocked, id=20072, stack(0x0000007317d00000,0x0000007317e00000)]
  0x000001d3c755d000 JavaThread "jar transforms Thread 48" [_thread_blocked, id=19024, stack(0x0000007317e00000,0x0000007317f00000)]
  0x000001d3c755e000 JavaThread "jar transforms Thread 49" [_thread_blocked, id=11236, stack(0x0000007317f00000,0x0000007318000000)]
  0x000001d3c7560800 JavaThread "jar transforms Thread 50" [_thread_blocked, id=18772, stack(0x0000007318000000,0x0000007318100000)]
  0x000001d3c7561000 JavaThread "jar transforms Thread 51" [_thread_blocked, id=2172, stack(0x0000007318100000,0x0000007318200000)]
  0x000001d3c755b800 JavaThread "jar transforms Thread 52" [_thread_blocked, id=7272, stack(0x0000007318200000,0x0000007318300000)]
  0x000001d3c7565000 JavaThread "jar transforms Thread 53" [_thread_blocked, id=20328, stack(0x0000007318300000,0x0000007318400000)]
  0x000001d3c7562000 JavaThread "jar transforms Thread 54" [_thread_blocked, id=7112, stack(0x0000007318400000,0x0000007318500000)]
  0x000001d3c7564800 JavaThread "jar transforms Thread 55" [_thread_blocked, id=4904, stack(0x0000007318500000,0x0000007318600000)]
  0x000001d3c7568800 JavaThread "jar transforms Thread 56" [_thread_blocked, id=2036, stack(0x0000007318600000,0x0000007318700000)]
  0x000001d3c7566000 JavaThread "jar transforms Thread 57" [_thread_blocked, id=7936, stack(0x0000007318700000,0x0000007318800000)]
  0x000001d3c7567800 JavaThread "jar transforms Thread 58" [_thread_blocked, id=22408, stack(0x0000007318800000,0x0000007318900000)]
  0x000001d3c7562800 JavaThread "jar transforms Thread 59" [_thread_blocked, id=21404, stack(0x0000007318900000,0x0000007318a00000)]
  0x000001d3c7567000 JavaThread "jar transforms Thread 60" [_thread_blocked, id=23508, stack(0x0000007318a00000,0x0000007318b00000)]
  0x000001d3c7563800 JavaThread "jar transforms Thread 61" [_thread_blocked, id=7348, stack(0x0000007318b00000,0x0000007318c00000)]
  0x000001d3c6b57000 JavaThread "jar transforms Thread 62" [_thread_blocked, id=21576, stack(0x0000007318c00000,0x0000007318d00000)]
  0x000001d3c6b57800 JavaThread "jar transforms Thread 63" [_thread_blocked, id=11156, stack(0x0000007318d00000,0x0000007318e00000)]
  0x000001d3c6b58800 JavaThread "jar transforms Thread 64" [_thread_blocked, id=11016, stack(0x0000007318e00000,0x0000007318f00000)]
  0x000001d3c6b5c000 JavaThread "jar transforms Thread 65" [_thread_blocked, id=17880, stack(0x0000007318f00000,0x0000007319000000)]
  0x000001d3c6b59800 JavaThread "jar transforms Thread 66" [_thread_blocked, id=12692, stack(0x0000007319000000,0x0000007319100000)]
  0x000001d3c6b56000 JavaThread "jar transforms Thread 67" [_thread_blocked, id=4424, stack(0x0000007319100000,0x0000007319200000)]
  0x000001d3c6b5c800 JavaThread "jar transforms Thread 68" [_thread_blocked, id=22280, stack(0x0000007319200000,0x0000007319300000)]
  0x000001d3c6b5d800 JavaThread "jar transforms Thread 69" [_thread_blocked, id=11612, stack(0x0000007319300000,0x0000007319400000)]
  0x000001d3c6b5e000 JavaThread "jar transforms Thread 70" [_thread_blocked, id=14504, stack(0x0000007319400000,0x0000007319500000)]
  0x000001d3c6b5a000 JavaThread "jar transforms Thread 71" [_thread_blocked, id=23108, stack(0x0000007319500000,0x0000007319600000)]
  0x000001d3c6b60000 JavaThread "jar transforms Thread 72" [_thread_blocked, id=10944, stack(0x0000007319600000,0x0000007319700000)]
  0x000001d3c6b5f000 JavaThread "jar transforms Thread 73" [_thread_blocked, id=19480, stack(0x0000007319700000,0x0000007319800000)]
  0x000001d3c6b60800 JavaThread "jar transforms Thread 74" [_thread_blocked, id=11076, stack(0x0000007319800000,0x0000007319900000)]
  0x000001d3c6b5b000 JavaThread "jar transforms Thread 75" [_thread_blocked, id=5516, stack(0x0000007319900000,0x0000007319a00000)]
  0x000001d3c6b63000 JavaThread "jar transforms Thread 76" [_thread_blocked, id=23056, stack(0x0000007319a00000,0x0000007319b00000)]
  0x000001d3c6b61800 JavaThread "jar transforms Thread 77" [_thread_blocked, id=17468, stack(0x0000007319b00000,0x0000007319c00000)]
  0x000001d3c6b64000 JavaThread "jar transforms Thread 78" [_thread_blocked, id=19628, stack(0x0000007319c00000,0x0000007319d00000)]
  0x000001d3c6b62800 JavaThread "jar transforms Thread 79" [_thread_blocked, id=21876, stack(0x0000007319d00000,0x0000007319e00000)]
  0x000001d3c6b64800 JavaThread "jar transforms Thread 80" [_thread_blocked, id=8120, stack(0x0000007319e00000,0x0000007319f00000)]
  0x000001d3c8e1e000 JavaThread "jar transforms Thread 81" [_thread_blocked, id=2096, stack(0x0000007319f00000,0x000000731a000000)]
  0x000001d3c8e1c800 JavaThread "jar transforms Thread 82" [_thread_blocked, id=17048, stack(0x000000731a000000,0x000000731a100000)]
  0x000001d3c8e1d800 JavaThread "jar transforms Thread 83" [_thread_blocked, id=14736, stack(0x000000731a100000,0x000000731a200000)]
  0x000001d3c8e1a000 JavaThread "jar transforms Thread 84" [_thread_blocked, id=3320, stack(0x000000731a200000,0x000000731a300000)]
  0x000001d3c8e1b000 JavaThread "jar transforms Thread 85" [_thread_blocked, id=19788, stack(0x000000731a300000,0x000000731a400000)]
  0x000001d3c8e1f000 JavaThread "jar transforms Thread 86" [_thread_blocked, id=2628, stack(0x000000731a400000,0x000000731a500000)]
  0x000001d3c8e19800 JavaThread "jar transforms Thread 87" [_thread_blocked, id=19804, stack(0x000000731a500000,0x000000731a600000)]
  0x000001d3c8e21800 JavaThread "jar transforms Thread 88" [_thread_blocked, id=23528, stack(0x000000731a600000,0x000000731a700000)]
  0x000001d3c8e20000 JavaThread "jar transforms Thread 89" [_thread_blocked, id=22052, stack(0x000000731a700000,0x000000731a800000)]
  0x000001d3c8e20800 JavaThread "jar transforms Thread 90" [_thread_blocked, id=13484, stack(0x000000731a800000,0x000000731a900000)]
  0x000001d3c8e1b800 JavaThread "jar transforms Thread 91" [_thread_blocked, id=20100, stack(0x000000731a900000,0x000000731aa00000)]
  0x000001d3c8e24800 JavaThread "jar transforms Thread 92" [_thread_blocked, id=13524, stack(0x000000731aa00000,0x000000731ab00000)]
  0x000001d3c8e25800 JavaThread "jar transforms Thread 93" [_thread_blocked, id=9176, stack(0x000000731ab00000,0x000000731ac00000)]
  0x000001d3c8e27000 JavaThread "jar transforms Thread 94" [_thread_blocked, id=19128, stack(0x000000731ac00000,0x000000731ad00000)]
  0x000001d3c8e28000 JavaThread "jar transforms Thread 95" [_thread_blocked, id=20572, stack(0x000000731ad00000,0x000000731ae00000)]
  0x000001d3c8e24000 JavaThread "jar transforms Thread 96" [_thread_blocked, id=10584, stack(0x000000731ae00000,0x000000731af00000)]
  0x000001d3c8e23000 JavaThread "jar transforms Thread 97" [_thread_blocked, id=19644, stack(0x000000731af00000,0x000000731b000000)]
  0x000001d3c8e22800 JavaThread "Memory manager" [_thread_blocked, id=20700, stack(0x000000731b000000,0x000000731b100000)]
  0x000001d3c8e26800 JavaThread "build event listener" [_thread_blocked, id=18512, stack(0x000000731b100000,0x000000731b200000)]
  0x000001d3c98a1000 JavaThread "build event listener" [_thread_blocked, id=20672, stack(0x000000731b200000,0x000000731b300000)]
  0x000001d3c98a4000 JavaThread "Execution worker for ':'" [_thread_blocked, id=21584, stack(0x000000731b300000,0x000000731b400000)]
  0x000001d3c98a5000 JavaThread "Execution worker for ':' Thread 2" [_thread_blocked, id=22776, stack(0x000000731b400000,0x000000731b500000)]
  0x000001d3c98a1800 JavaThread "Execution worker for ':' Thread 3" [_thread_blocked, id=16468, stack(0x000000731b500000,0x000000731b600000)]
  0x000001d3c98a5800 JavaThread "Execution worker for ':' Thread 4" [_thread_blocked, id=4340, stack(0x000000731b600000,0x000000731b700000)]
  0x000001d3c98a0000 JavaThread "Execution worker for ':' Thread 5" [_thread_blocked, id=19028, stack(0x000000731b700000,0x000000731b800000)]
  0x000001d3c98a7800 JavaThread "Execution worker for ':' Thread 6" [_thread_blocked, id=18572, stack(0x000000731b800000,0x000000731b900000)]
  0x000001d3c98a3000 JavaThread "Execution worker for ':' Thread 7" [_thread_blocked, id=680, stack(0x000000731b900000,0x000000731ba00000)]
  0x000001d3c98a8000 JavaThread "Cache worker for execution history cache (C:\Users\vaish\AndroidStudioProjects\Fitnessapp2\.gradle\6.7.1\executionHistory)" [_thread_blocked, id=21288, stack(0x000000731ba00000,0x000000731bb00000)]
  0x000001d3c98ae800 JavaThread "WorkerExecutor Queue Thread 5" [_thread_blocked, id=20972, stack(0x000000731bf00000,0x000000731c000000)]
  0x000001d3c98ae000 JavaThread "Java2D Disposer" daemon [_thread_blocked, id=23068, stack(0x000000731c300000,0x000000731c400000)]
  0x000001d3c98ab800 JavaThread "pool-4-thread-1" [_thread_blocked, id=14204, stack(0x000000731c000000,0x000000731c100000)]
  0x000001d3c98aa000 JavaThread "stderr" [_thread_in_native, id=14104, stack(0x000000731c100000,0x000000731c200000)]
  0x000001d3c98ac000 JavaThread "stdout" [_thread_in_native, id=3780, stack(0x000000731c200000,0x000000731c300000)]
  0x000001d3ca809000 JavaThread "WorkerExecutor Queue Thread 14" [_thread_blocked, id=15576, stack(0x000000731c500000,0x000000731c600000)]
  0x000001d3ca808800 JavaThread "Cache worker for Java compile cache (C:\Users\vaish\.gradle\caches\6.7.1\javaCompile)" [_thread_blocked, id=1408, stack(0x000000731c700000,0x000000731c800000)]
  0x000001d3ca80a000 JavaThread "Cache worker for Java compile cache (C:\Users\vaish\AndroidStudioProjects\Fitnessapp2\.gradle\6.7.1\javaCompile)" [_thread_blocked, id=5716, stack(0x000000731c800000,0x000000731c900000)]
  0x000001d3ca80b000 JavaThread "WorkerExecutor Queue Thread 16" [_thread_blocked, id=7088, stack(0x000000731bb00000,0x000000731bc00000)]
  0x000001d3ca80b800 JavaThread "WorkerExecutor Queue Thread 17" [_thread_blocked, id=9440, stack(0x000000731bc00000,0x000000731bd00000)]

Other Threads:
=>0x000001d3c3efe000 VMThread "VM Thread" [stack: 0x0000007311e00000,0x0000007311f00000] [id=14948]
  0x000001d3c49e9000 WatcherThread [stack: 0x0000007312800000,0x0000007312900000] [id=20964]
  0x000001d3a9460000 GCTaskThread "GC Thread#0" [stack: 0x0000007311900000,0x0000007311a00000] [id=12160]
  0x000001d3c57aa800 GCTaskThread "GC Thread#1" [stack: 0x0000007312a00000,0x0000007312b00000] [id=4840]
  0x000001d3c48ec800 GCTaskThread "GC Thread#2" [stack: 0x0000007312b00000,0x0000007312c00000] [id=4312]
  0x000001d3c5b60000 GCTaskThread "GC Thread#3" [stack: 0x0000007313700000,0x0000007313800000] [id=21744]
  0x000001d3c68b8000 GCTaskThread "GC Thread#4" [stack: 0x0000007313800000,0x0000007313900000] [id=19432]
  0x000001d3c6b82800 GCTaskThread "GC Thread#5" [stack: 0x0000007313900000,0x0000007313a00000] [id=11116]
  0x000001d3c673f800 GCTaskThread "GC Thread#6" [stack: 0x0000007313a00000,0x0000007313b00000] [id=21724]
  0x000001d3c6353000 GCTaskThread "GC Thread#7" [stack: 0x0000007313b00000,0x0000007313c00000] [id=19328]
  0x000001d3a9493000 ConcurrentGCThread "G1 Main Marker" [stack: 0x0000007311a00000,0x0000007311b00000] [id=15144]
  0x000001d3a9494800 ConcurrentGCThread "G1 Conc#0" [stack: 0x0000007311b00000,0x0000007311c00000] [id=8848]
  0x000001d3c67c5800 ConcurrentGCThread "G1 Conc#1" [stack: 0x0000007313e00000,0x0000007313f00000] [id=988]
  0x000001d3c3d50800 ConcurrentGCThread "G1 Refine#0" [stack: 0x0000007311c00000,0x0000007311d00000] [id=23120]
  0x000001d3c3d51800 ConcurrentGCThread "G1 Young RemSet Sampling" [stack: 0x0000007311d00000,0x0000007311e00000] [id=16048]

Threads with active compile tasks:
C2 CompilerThread0  55088 17098 % !   4       com.android.tools.r8.dex.r::c @ 482 (2750 bytes)
C1 CompilerThread0  55088 17247   !   2       java.net.URL::<init> (543 bytes)

VM state:at safepoint (normal execution)

VM Mutex/Monitor currently owned by a thread:  ([mutex/lock_event])
[0x000001d3a9442900] Threads_lock - owner thread: 0x000001d3c3efe000
[0x000001d3a9442f30] Heap_lock - owner thread: 0x000001d3ca809000

Heap address: 0x0000000080000000, size: 2048 MB, Compressed Oops mode: 32-bit
Narrow klass base: 0x0000000000000000, Narrow klass shift: 3
Compressed class space size: 1073741824 Address: 0x0000000100000000

Heap:
 garbage-first heap   total 826368K, used 157257K [0x0000000080000000, 0x0000000100000000)
  region size 1024K, 2 young (2048K), 2 survivors (2048K)
 Metaspace       used 115417K, capacity 118422K, committed 119372K, reserved 1153024K
  class space    used 14514K, capacity 15605K, committed 16000K, reserved 1048576K
Heap Regions: E=young(eden), S=young(survivor), O=old, HS=humongous(starts), HC=humongous(continues), CS=collection set, F=free, A=archive, TAMS=top-at-mark-start (previous, next)
|   0|0x0000000080000000, 0x0000000080100000, 0x0000000080100000|100%| O|  |TAMS 0x0000000080100000, 0x0000000080000000| Untracked 
|   1|0x0000000080100000, 0x0000000080200000, 0x0000000080200000|100%| O|  |TAMS 0x0000000080200000, 0x0000000080100000| Untracked 
|   2|0x0000000080200000, 0x0000000080300000, 0x0000000080300000|100%| O|  |TAMS 0x0000000080300000, 0x0000000080200000| Untracked 
|   3|0x0000000080300000, 0x0000000080400000, 0x0000000080400000|100%|HS|  |TAMS 0x0000000080400000, 0x0000000080300000| Complete 
|   4|0x0000000080400000, 0x0000000080500000, 0x0000000080500000|100%|HC|  |TAMS 0x0000000080500000, 0x0000000080400000| Complete 
|   5|0x0000000080500000, 0x0000000080600000, 0x0000000080600000|100%|HC|  |TAMS 0x0000000080600000, 0x0000000080500000| Complete 
|   6|0x0000000080600000, 0x0000000080700000, 0x0000000080700000|100%| O|  |TAMS 0x0000000080700000, 0x0000000080600000| Untracked 
|   7|0x0000000080700000, 0x0000000080800000, 0x0000000080800000|100%| O|  |TAMS 0x0000000080800000, 0x0000000080700000| Untracked 
|   8|0x0000000080800000, 0x0000000080900000, 0x0000000080900000|100%| O|  |TAMS 0x0000000080900000, 0x0000000080800000| Untracked 
|   9|0x0000000080900000, 0x0000000080a00000, 0x0000000080a00000|100%| O|  |TAMS 0x0000000080a00000, 0x0000000080900000| Untracked 
|  10|0x0000000080a00000, 0x0000000080b00000, 0x0000000080b00000|100%| O|  |TAMS 0x0000000080b00000, 0x0000000080a00000| Untracked 
|  11|0x0000000080b00000, 0x0000000080c00000, 0x0000000080c00000|100%| O|  |TAMS 0x0000000080c00000, 0x0000000080b00000| Untracked 
|  12|0x0000000080c00000, 0x0000000080d00000, 0x0000000080d00000|100%| O|  |TAMS 0x0000000080d00000, 0x0000000080c00000| Untracked 
|  13|0x0000000080d00000, 0x0000000080e00000, 0x0000000080e00000|100%| O|  |TAMS 0x0000000080e00000, 0x0000000080d00000| Untracked 
|  14|0x0000000080e00000, 0x0000000080f00000, 0x0000000080f00000|100%| O|  |TAMS 0x0000000080f00000, 0x0000000080e00000| Untracked 
|  15|0x0000000080f00000, 0x0000000081000000, 0x0000000081000000|100%| O|  |TAMS 0x0000000081000000, 0x0000000080f00000| Untracked 
|  16|0x0000000081000000, 0x0000000081100000, 0x0000000081100000|100%| O|  |TAMS 0x0000000081100000, 0x0000000081000000| Untracked 
|  17|0x0000000081100000, 0x0000000081200000, 0x0000000081200000|100%| O|  |TAMS 0x0000000081200000, 0x0000000081100000| Untracked 
|  18|0x0000000081200000, 0x0000000081300000, 0x0000000081300000|100%| O|  |TAMS 0x0000000081300000, 0x0000000081200000| Untracked 
|  19|0x0000000081300000, 0x0000000081400000, 0x0000000081400000|100%| O|  |TAMS 0x0000000081400000, 0x0000000081300000| Untracked 
|  20|0x0000000081400000, 0x0000000081500000, 0x0000000081500000|100%| O|  |TAMS 0x0000000081500000, 0x0000000081400000| Untracked 
|  21|0x0000000081500000, 0x0000000081600000, 0x0000000081600000|100%|HS|  |TAMS 0x0000000081600000, 0x0000000081500000| Complete 
|  22|0x0000000081600000, 0x0000000081700000, 0x0000000081700000|100%|HS|  |TAMS 0x0000000081700000, 0x0000000081600000| Complete 
|  23|0x0000000081700000, 0x0000000081800000, 0x0000000081800000|100%|HC|  |TAMS 0x0000000081800000, 0x0000000081700000| Complete 
|  24|0x0000000081800000, 0x0000000081900000, 0x0000000081900000|100%| O|  |TAMS 0x0000000081900000, 0x0000000081800000| Untracked 
|  25|0x0000000081900000, 0x0000000081a00000, 0x0000000081a00000|100%| O|  |TAMS 0x0000000081a00000, 0x0000000081900000| Untracked 
|  26|0x0000000081a00000, 0x0000000081b00000, 0x0000000081b00000|100%| O|  |TAMS 0x0000000081b00000, 0x0000000081a00000| Untracked 
|  27|0x0000000081b00000, 0x0000000081c00000, 0x0000000081c00000|100%| O|  |TAMS 0x0000000081c00000, 0x0000000081b00000| Untracked 
|  28|0x0000000081c00000, 0x0000000081d00000, 0x0000000081d00000|100%| O|  |TAMS 0x0000000081d00000, 0x0000000081c00000| Untracked 
|  29|0x0000000081d00000, 0x0000000081e00000, 0x0000000081e00000|100%| O|  |TAMS 0x0000000081e00000, 0x0000000081d00000| Untracked 
|  30|0x0000000081e00000, 0x0000000081f00000, 0x0000000081f00000|100%| O|  |TAMS 0x0000000081f00000, 0x0000000081e00000| Untracked 
|  31|0x0000000081f00000, 0x0000000082000000, 0x0000000082000000|100%| O|  |TAMS 0x0000000082000000, 0x0000000081f00000| Untracked 
|  32|0x0000000082000000, 0x0000000082100000, 0x0000000082100000|100%| O|  |TAMS 0x0000000082100000, 0x0000000082000000| Untracked 
|  33|0x0000000082100000, 0x0000000082200000, 0x0000000082200000|100%| O|  |TAMS 0x0000000082200000, 0x0000000082100000| Untracked 
|  34|0x0000000082200000, 0x0000000082300000, 0x0000000082300000|100%| O|  |TAMS 0x0000000082300000, 0x0000000082200000| Untracked 
|  35|0x0000000082300000, 0x0000000082400000, 0x0000000082400000|100%| O|  |TAMS 0x0000000082400000, 0x0000000082300000| Untracked 
|  36|0x0000000082400000, 0x0000000082500000, 0x0000000082500000|100%| O|  |TAMS 0x0000000082500000, 0x0000000082400000| Untracked 
|  37|0x0000000082500000, 0x0000000082600000, 0x0000000082600000|100%| O|  |TAMS 0x0000000082600000, 0x0000000082500000| Untracked 
|  38|0x0000000082600000, 0x0000000082700000, 0x0000000082700000|100%| O|  |TAMS 0x0000000082700000, 0x0000000082600000| Untracked 
|  39|0x0000000082700000, 0x0000000082800000, 0x0000000082800000|100%| O|  |TAMS 0x0000000082800000, 0x0000000082700000| Untracked 
|  40|0x0000000082800000, 0x0000000082900000, 0x0000000082900000|100%| O|  |TAMS 0x0000000082900000, 0x0000000082800000| Untracked 
|  41|0x0000000082900000, 0x0000000082a00000, 0x0000000082a00000|100%| O|  |TAMS 0x0000000082a00000, 0x0000000082900000| Untracked 
|  42|0x0000000082a00000, 0x0000000082b00000, 0x0000000082b00000|100%| O|  |TAMS 0x0000000082b00000, 0x0000000082a00000| Untracked 
|  43|0x0000000082b00000, 0x0000000082c00000, 0x0000000082c00000|100%| O|  |TAMS 0x0000000082c00000, 0x0000000082b00000| Untracked 
|  44|0x0000000082c00000, 0x0000000082d00000, 0x0000000082d00000|100%| O|  |TAMS 0x0000000082d00000, 0x0000000082c00000| Untracked 
|  45|0x0000000082d00000, 0x0000000082e00000, 0x0000000082e00000|100%| O|  |TAMS 0x0000000082e00000, 0x0000000082d00000| Untracked 
|  46|0x0000000082e00000, 0x0000000082f00000, 0x0000000082f00000|100%| O|  |TAMS 0x0000000082f00000, 0x0000000082e00000| Untracked 
|  47|0x0000000082f00000, 0x0000000083000000, 0x0000000083000000|100%| O|  |TAMS 0x0000000083000000, 0x0000000082f00000| Untracked 
|  48|0x0000000083000000, 0x0000000083100000, 0x0000000083100000|100%| O|  |TAMS 0x0000000083100000, 0x0000000083000000| Untracked 
|  49|0x0000000083100000, 0x0000000083200000, 0x0000000083200000|100%| O|  |TAMS 0x0000000083200000, 0x0000000083100000| Untracked 
|  50|0x0000000083200000, 0x0000000083300000, 0x0000000083300000|100%| O|  |TAMS 0x0000000083300000, 0x0000000083200000| Untracked 
|  51|0x0000000083300000, 0x0000000083400000, 0x0000000083400000|100%|HS|  |TAMS 0x0000000083300000, 0x0000000083300000| Complete 
|  52|0x0000000083400000, 0x0000000083500000, 0x0000000083500000|100%| O|  |TAMS 0x0000000083500000, 0x0000000083400000| Untracked 
|  53|0x0000000083500000, 0x0000000083600000, 0x0000000083600000|100%| O|  |TAMS 0x0000000083600000, 0x0000000083500000| Untracked 
|  54|0x0000000083600000, 0x0000000083700000, 0x0000000083700000|100%| O|  |TAMS 0x0000000083700000, 0x0000000083600000| Untracked 
|  55|0x0000000083700000, 0x0000000083800000, 0x0000000083800000|100%| O|  |TAMS 0x0000000083800000, 0x0000000083700000| Untracked 
|  56|0x0000000083800000, 0x0000000083900000, 0x0000000083900000|100%| O|  |TAMS 0x0000000083900000, 0x0000000083800000| Untracked 
|  57|0x0000000083900000, 0x0000000083a00000, 0x0000000083a00000|100%| O|  |TAMS 0x0000000083a00000, 0x0000000083900000| Untracked 
|  58|0x0000000083a00000, 0x0000000083b00000, 0x0000000083b00000|100%| O|  |TAMS 0x0000000083b00000, 0x0000000083a00000| Untracked 
|  59|0x0000000083b00000, 0x0000000083c00000, 0x0000000083c00000|100%| O|  |TAMS 0x0000000083b00000, 0x0000000083b00000| Untracked 
|  60|0x0000000083c00000, 0x0000000083d00000, 0x0000000083d00000|100%| O|  |TAMS 0x0000000083c00000, 0x0000000083c00000| Untracked 
|  61|0x0000000083d00000, 0x0000000083e00000, 0x0000000083e00000|100%| O|  |TAMS 0x0000000083e00000, 0x0000000083d00000| Untracked 
|  62|0x0000000083e00000, 0x0000000083f00000, 0x0000000083f00000|100%| O|  |TAMS 0x0000000083e00000, 0x0000000083e00000| Untracked 
|  63|0x0000000083f00000, 0x0000000084000000, 0x0000000084000000|100%| O|  |TAMS 0x0000000084000000, 0x0000000083f00000| Untracked 
|  64|0x0000000084000000, 0x0000000084100000, 0x0000000084100000|100%| O|  |TAMS 0x0000000084000000, 0x0000000084000000| Untracked 
|  65|0x0000000084100000, 0x0000000084200000, 0x0000000084200000|100%| O|  |TAMS 0x0000000084200000, 0x0000000084100000| Untracked 
|  66|0x0000000084200000, 0x0000000084300000, 0x0000000084300000|100%| O|  |TAMS 0x0000000084300000, 0x0000000084200000| Untracked 
|  67|0x0000000084300000, 0x0000000084400000, 0x0000000084400000|100%| O|  |TAMS 0x0000000084400000, 0x0000000084300000| Untracked 
|  68|0x0000000084400000, 0x0000000084500000, 0x0000000084500000|100%| O|  |TAMS 0x0000000084500000, 0x0000000084400000| Untracked 
|  69|0x0000000084500000, 0x0000000084600000, 0x0000000084600000|100%| O|  |TAMS 0x0000000084600000, 0x0000000084500000| Untracked 
|  70|0x0000000084600000, 0x0000000084700000, 0x0000000084700000|100%| O|  |TAMS 0x0000000084600000, 0x0000000084600000| Untracked 
|  71|0x0000000084700000, 0x0000000084800000, 0x0000000084800000|100%| O|  |TAMS 0x0000000084700000, 0x0000000084700000| Untracked 
|  72|0x0000000084800000, 0x0000000084900000, 0x0000000084900000|100%| O|  |TAMS 0x0000000084800000, 0x0000000084800000| Untracked 
|  73|0x0000000084900000, 0x0000000084a00000, 0x0000000084a00000|100%| O|  |TAMS 0x0000000084900000, 0x0000000084900000| Untracked 
|  74|0x0000000084a00000, 0x0000000084b00000, 0x0000000084b00000|100%|HS|  |TAMS 0x0000000084a00000, 0x0000000084a00000| Complete 
|  75|0x0000000084b00000, 0x0000000084c00000, 0x0000000084c00000|100%| O|  |TAMS 0x0000000084c00000, 0x0000000084b00000| Untracked 
|  76|0x0000000084c00000, 0x0000000084d00000, 0x0000000084d00000|100%| O|  |TAMS 0x0000000084c00000, 0x0000000084c00000| Untracked 
|  77|0x0000000084d00000, 0x0000000084e00000, 0x0000000084e00000|100%| O|  |TAMS 0x0000000084e00000, 0x0000000084d00000| Untracked 
|  78|0x0000000084e00000, 0x0000000084f00000, 0x0000000084f00000|100%| O|  |TAMS 0x0000000084e00000, 0x0000000084e00000| Untracked 
|  79|0x0000000084f00000, 0x0000000085000000, 0x0000000085000000|100%| O|  |TAMS 0x0000000084f00000, 0x0000000084f00000| Untracked 
|  80|0x0000000085000000, 0x0000000085100000, 0x0000000085100000|100%| O|  |TAMS 0x0000000085000000, 0x0000000085000000| Untracked 
|  81|0x0000000085100000, 0x0000000085200000, 0x0000000085200000|100%| O|  |TAMS 0x0000000085100000, 0x0000000085100000| Untracked 
|  82|0x0000000085200000, 0x0000000085300000, 0x0000000085300000|100%| O|  |TAMS 0x0000000085200000, 0x0000000085200000| Untracked 
|  83|0x0000000085300000, 0x0000000085400000, 0x0000000085400000|100%| O|  |TAMS 0x0000000085300000, 0x0000000085300000| Untracked 
|  84|0x0000000085400000, 0x0000000085500000, 0x0000000085500000|100%| O|  |TAMS 0x0000000085400000, 0x0000000085400000| Untracked 
|  85|0x0000000085500000, 0x0000000085600000, 0x0000000085600000|100%| O|  |TAMS 0x0000000085500000, 0x0000000085500000| Untracked 
|  86|0x0000000085600000, 0x0000000085700000, 0x0000000085700000|100%| O|  |TAMS 0x0000000085600000, 0x0000000085600000| Untracked 
|  87|0x0000000085700000, 0x0000000085800000, 0x0000000085800000|100%| O|  |TAMS 0x0000000085700000, 0x0000000085700000| Untracked 
|  88|0x0000000085800000, 0x0000000085900000, 0x0000000085900000|100%| O|  |TAMS 0x0000000085800000, 0x0000000085800000| Untracked 
|  89|0x0000000085900000, 0x0000000085a00000, 0x0000000085a00000|100%| O|  |TAMS 0x0000000085900000, 0x0000000085900000| Untracked 
|  90|0x0000000085a00000, 0x0000000085b00000, 0x0000000085b00000|100%|HS|  |TAMS 0x0000000085a00000, 0x0000000085a00000| Complete 
|  91|0x0000000085b00000, 0x0000000085c00000, 0x0000000085c00000|100%| O|  |TAMS 0x0000000085b00000, 0x0000000085b00000| Untracked 
|  92|0x0000000085c00000, 0x0000000085d00000, 0x0000000085d00000|100%| O|  |TAMS 0x0000000085c00000, 0x0000000085c00000| Untracked 
|  93|0x0000000085d00000, 0x0000000085e00000, 0x0000000085e00000|100%| O|  |TAMS 0x0000000085d00000, 0x0000000085d00000| Untracked 
|  94|0x0000000085e00000, 0x0000000085f00000, 0x0000000085f00000|100%| O|  |TAMS 0x0000000085e00000, 0x0000000085e00000| Untracked 
|  95|0x0000000085f00000, 0x0000000086000000, 0x0000000086000000|100%| O|  |TAMS 0x0000000085f00000, 0x0000000085f00000| Untracked 
|  96|0x0000000086000000, 0x0000000086100000, 0x0000000086100000|100%| O|  |TAMS 0x0000000086000000, 0x0000000086000000| Untracked 
|  97|0x0000000086100000, 0x0000000086200000, 0x0000000086200000|100%| O|  |TAMS 0x0000000086100000, 0x0000000086100000| Untracked 
|  98|0x0000000086200000, 0x0000000086300000, 0x0000000086300000|100%| O|  |TAMS 0x0000000086200000, 0x0000000086200000| Untracked 
|  99|0x0000000086300000, 0x0000000086400000, 0x0000000086400000|100%| O|  |TAMS 0x0000000086300000, 0x0000000086300000| Untracked 
| 100|0x0000000086400000, 0x0000000086500000, 0x0000000086500000|100%|HS|  |TAMS 0x0000000086400000, 0x0000000086400000| Complete 
| 101|0x0000000086500000, 0x0000000086600000, 0x0000000086600000|100%| O|  |TAMS 0x0000000086500000, 0x0000000086500000| Untracked 
| 102|0x0000000086600000, 0x0000000086700000, 0x0000000086700000|100%| O|  |TAMS 0x0000000086600000, 0x0000000086600000| Untracked 
| 103|0x0000000086700000, 0x0000000086800000, 0x0000000086800000|100%| O|  |TAMS 0x0000000086700000, 0x0000000086700000| Untracked 
| 104|0x0000000086800000, 0x0000000086900000, 0x0000000086900000|100%| O|  |TAMS 0x0000000086800000, 0x0000000086800000| Untracked 
| 105|0x0000000086900000, 0x0000000086a00000, 0x0000000086a00000|100%| O|  |TAMS 0x0000000086900000, 0x0000000086900000| Untracked 
| 106|0x0000000086a00000, 0x0000000086b00000, 0x0000000086b00000|100%| O|  |TAMS 0x0000000086a00000, 0x0000000086a00000| Untracked 
| 107|0x0000000086b00000, 0x0000000086c00000, 0x0000000086c00000|100%| O|  |TAMS 0x0000000086b00000, 0x0000000086b00000| Untracked 
| 108|0x0000000086c00000, 0x0000000086d00000, 0x0000000086d00000|100%| O|  |TAMS 0x0000000086c00000, 0x0000000086c00000| Untracked 
| 109|0x0000000086d00000, 0x0000000086e00000, 0x0000000086e00000|100%| O|  |TAMS 0x0000000086d00000, 0x0000000086d00000| Untracked 
| 110|0x0000000086e00000, 0x0000000086f00000, 0x0000000086f00000|100%|HS|  |TAMS 0x0000000086e00000, 0x0000000086e00000| Complete 
| 111|0x0000000086f00000, 0x0000000087000000, 0x0000000087000000|100%|HS|  |TAMS 0x0000000086f00000, 0x0000000086f00000| Complete 
| 112|0x0000000087000000, 0x0000000087100000, 0x0000000087100000|100%| O|  |TAMS 0x0000000087000000, 0x0000000087000000| Untracked 
| 113|0x0000000087100000, 0x0000000087200000, 0x0000000087200000|100%| O|  |TAMS 0x0000000087100000, 0x0000000087100000| Untracked 
| 114|0x0000000087200000, 0x0000000087300000, 0x0000000087300000|100%| O|  |TAMS 0x0000000087200000, 0x0000000087200000| Untracked 
| 115|0x0000000087300000, 0x0000000087400000, 0x0000000087400000|100%| O|  |TAMS 0x0000000087300000, 0x0000000087300000| Untracked 
| 116|0x0000000087400000, 0x0000000087500000, 0x0000000087500000|100%| O|  |TAMS 0x0000000087400000, 0x0000000087400000| Untracked 
| 117|0x0000000087500000, 0x0000000087600000, 0x0000000087600000|100%| O|  |TAMS 0x0000000087500000, 0x0000000087500000| Untracked 
| 118|0x0000000087600000, 0x0000000087700000, 0x0000000087700000|100%|HS|  |TAMS 0x0000000087600000, 0x0000000087600000| Complete 
| 119|0x0000000087700000, 0x0000000087700000, 0x0000000087800000|  0%| F|  |TAMS 0x0000000087700000, 0x0000000087700000| Untracked 
| 120|0x0000000087800000, 0x0000000087800000, 0x0000000087900000|  0%| F|  |TAMS 0x0000000087800000, 0x0000000087800000| Untracked 
| 121|0x0000000087900000, 0x0000000087900000, 0x0000000087a00000|  0%| F|  |TAMS 0x0000000087900000, 0x0000000087900000| Untracked 
| 122|0x0000000087a00000, 0x0000000087a00000, 0x0000000087b00000|  0%| F|  |TAMS 0x0000000087a00000, 0x0000000087a00000| Untracked 
| 123|0x0000000087b00000, 0x0000000087b00000, 0x0000000087c00000|  0%| F|  |TAMS 0x0000000087b00000, 0x0000000087b00000| Untracked 
| 124|0x0000000087c00000, 0x0000000087d00000, 0x0000000087d00000|100%| O|  |TAMS 0x0000000087c00000, 0x0000000087c00000| Untracked 
| 125|0x0000000087d00000, 0x0000000087e00000, 0x0000000087e00000|100%| O|  |TAMS 0x0000000087d00000, 0x0000000087d00000| Untracked 
| 126|0x0000000087e00000, 0x0000000087f00000, 0x0000000087f00000|100%| O|  |TAMS 0x0000000087e00000, 0x0000000087e00000| Untracked 
| 127|0x0000000087f00000, 0x0000000088000000, 0x0000000088000000|100%| O|  |TAMS 0x0000000087f00000, 0x0000000087f00000| Untracked 
| 128|0x0000000088000000, 0x0000000088100000, 0x0000000088100000|100%| O|  |TAMS 0x0000000088100000, 0x0000000088000000| Untracked 
| 129|0x0000000088100000, 0x0000000088200000, 0x0000000088200000|100%| O|  |TAMS 0x0000000088100000, 0x0000000088100000| Untracked 
| 130|0x0000000088200000, 0x0000000088300000, 0x0000000088300000|100%| O|  |TAMS 0x0000000088200000, 0x0000000088200000| Untracked 
| 131|0x0000000088300000, 0x0000000088400000, 0x0000000088400000|100%| O|  |TAMS 0x0000000088300000, 0x0000000088300000| Untracked 
| 132|0x0000000088400000, 0x0000000088500000, 0x0000000088500000|100%| O|  |TAMS 0x0000000088400000, 0x0000000088400000| Untracked 
| 133|0x0000000088500000, 0x0000000088600000, 0x0000000088600000|100%| O|  |TAMS 0x0000000088500000, 0x0000000088500000| Untracked 
| 134|0x0000000088600000, 0x000000008865ee00, 0x0000000088700000| 37%| O|  |TAMS 0x0000000088600000, 0x0000000088600000| Untracked 
| 135|0x0000000088700000, 0x0000000088700000, 0x0000000088800000|  0%| F|  |TAMS 0x0000000088700000, 0x0000000088700000| Untracked 
| 136|0x0000000088800000, 0x0000000088900000, 0x0000000088900000|100%| O|  |TAMS 0x0000000088900000, 0x0000000088800000| Untracked 
| 137|0x0000000088900000, 0x0000000088a00000, 0x0000000088a00000|100%| O|  |TAMS 0x0000000088a00000, 0x0000000088900000| Untracked 
| 138|0x0000000088a00000, 0x0000000088a00000, 0x0000000088b00000|  0%| F|  |TAMS 0x0000000088a00000, 0x0000000088a00000| Untracked 
| 139|0x0000000088b00000, 0x0000000088b00000, 0x0000000088c00000|  0%| F|  |TAMS 0x0000000088b00000, 0x0000000088b00000| Untracked 
| 140|0x0000000088c00000, 0x0000000088c00000, 0x0000000088d00000|  0%| F|  |TAMS 0x0000000088c00000, 0x0000000088c00000| Untracked 
| 141|0x0000000088d00000, 0x0000000088d00000, 0x0000000088e00000|  0%| F|  |TAMS 0x0000000088d00000, 0x0000000088d00000| Untracked 
| 142|0x0000000088e00000, 0x0000000088f00000, 0x0000000088f00000|100%| O|  |TAMS 0x0000000088f00000, 0x0000000088e00000| Untracked 
| 143|0x0000000088f00000, 0x0000000088f00000, 0x0000000089000000|  0%| F|  |TAMS 0x0000000088f00000, 0x0000000088f00000| Untracked 
| 144|0x0000000089000000, 0x0000000089000000, 0x0000000089100000|  0%| F|  |TAMS 0x0000000089000000, 0x0000000089000000| Untracked 
| 145|0x0000000089100000, 0x0000000089100000, 0x0000000089200000|  0%| F|  |TAMS 0x0000000089100000, 0x0000000089100000| Untracked 
| 146|0x0000000089200000, 0x0000000089200000, 0x0000000089300000|  0%| F|  |TAMS 0x0000000089200000, 0x0000000089200000| Untracked 
| 147|0x0000000089300000, 0x0000000089300000, 0x0000000089400000|  0%| F|  |TAMS 0x0000000089300000, 0x0000000089300000| Untracked 
| 148|0x0000000089400000, 0x0000000089400000, 0x0000000089500000|  0%| F|  |TAMS 0x0000000089400000, 0x0000000089400000| Untracked 
| 149|0x0000000089500000, 0x0000000089600000, 0x0000000089600000|100%| O|  |TAMS 0x0000000089600000, 0x0000000089500000| Untracked 
| 150|0x0000000089600000, 0x0000000089700000, 0x0000000089700000|100%| O|  |TAMS 0x0000000089700000, 0x0000000089600000| Untracked 
| 151|0x0000000089700000, 0x0000000089800000, 0x0000000089800000|100%| O|  |TAMS 0x0000000089800000, 0x0000000089700000| Untracked 
| 152|0x0000000089800000, 0x0000000089900000, 0x0000000089900000|100%| O|  |TAMS 0x0000000089900000, 0x0000000089800000| Untracked 
| 153|0x0000000089900000, 0x0000000089a00000, 0x0000000089a00000|100%| O|  |TAMS 0x0000000089a00000, 0x0000000089900000| Untracked 
| 154|0x0000000089a00000, 0x0000000089b00000, 0x0000000089b00000|100%| O|  |TAMS 0x0000000089b00000, 0x0000000089a00000| Untracked 
| 155|0x0000000089b00000, 0x0000000089b00000, 0x0000000089c00000|  0%| F|  |TAMS 0x0000000089b00000, 0x0000000089b00000| Untracked 
| 156|0x0000000089c00000, 0x0000000089c00000, 0x0000000089d00000|  0%| F|  |TAMS 0x0000000089c00000, 0x0000000089c00000| Untracked 
| 157|0x0000000089d00000, 0x0000000089e00000, 0x0000000089e00000|100%| O|  |TAMS 0x0000000089e00000, 0x0000000089d00000| Untracked 
| 158|0x0000000089e00000, 0x0000000089e00000, 0x0000000089f00000|  0%| F|  |TAMS 0x0000000089e00000, 0x0000000089e00000| Untracked 
| 159|0x0000000089f00000, 0x0000000089f00000, 0x000000008a000000|  0%| F|  |TAMS 0x0000000089f00000, 0x0000000089f00000| Untracked 
| 160|0x000000008a000000, 0x000000008a100000, 0x000000008a100000|100%| O|  |TAMS 0x000000008a100000, 0x000000008a000000| Untracked 
| 161|0x000000008a100000, 0x000000008a100000, 0x000000008a200000|  0%| F|  |TAMS 0x000000008a100000, 0x000000008a100000| Untracked 
| 162|0x000000008a200000, 0x000000008a200000, 0x000000008a300000|  0%| F|  |TAMS 0x000000008a200000, 0x000000008a200000| Untracked 
| 163|0x000000008a300000, 0x000000008a300000, 0x000000008a400000|  0%| F|  |TAMS 0x000000008a300000, 0x000000008a300000| Untracked 
| 164|0x000000008a400000, 0x000000008a400000, 0x000000008a500000|  0%| F|  |TAMS 0x000000008a400000, 0x000000008a400000| Untracked 
| 165|0x000000008a500000, 0x000000008a600000, 0x000000008a600000|100%| O|  |TAMS 0x000000008a600000, 0x000000008a500000| Untracked 
| 166|0x000000008a600000, 0x000000008a700000, 0x000000008a700000|100%| O|  |TAMS 0x000000008a700000, 0x000000008a600000| Untracked 
| 167|0x000000008a700000, 0x000000008a800000, 0x000000008a800000|100%| O|  |TAMS 0x000000008a800000, 0x000000008a700000| Untracked 
| 168|0x000000008a800000, 0x000000008a800000, 0x000000008a900000|  0%| F|  |TAMS 0x000000008a800000, 0x000000008a800000| Untracked 
| 169|0x000000008a900000, 0x000000008a900000, 0x000000008aa00000|  0%| F|  |TAMS 0x000000008a900000, 0x000000008a900000| Untracked 
| 170|0x000000008aa00000, 0x000000008aa00000, 0x000000008ab00000|  0%| F|  |TAMS 0x000000008aa00000, 0x000000008aa00000| Untracked 
| 171|0x000000008ab00000, 0x000000008ab00000, 0x000000008ac00000|  0%| F|  |TAMS 0x000000008ab00000, 0x000000008ab00000| Untracked 
| 172|0x000000008ac00000, 0x000000008ac00000, 0x000000008ad00000|  0%| F|  |TAMS 0x000000008ac00000, 0x000000008ac00000| Untracked 
| 173|0x000000008ad00000, 0x000000008ae00000, 0x000000008ae00000|100%| O|  |TAMS 0x000000008ad62200, 0x000000008ad00000| Untracked 
| 174|0x000000008ae00000, 0x000000008af00000, 0x000000008af00000|100%|HS|  |TAMS 0x000000008ae00000, 0x000000008ae00000| Complete 
| 175|0x000000008af00000, 0x000000008b000000, 0x000000008b000000|100%|HC|  |TAMS 0x000000008af00000, 0x000000008af00000| Complete 
| 176|0x000000008b000000, 0x000000008b100000, 0x000000008b100000|100%|HC|  |TAMS 0x000000008b000000, 0x000000008b000000| Complete 
| 177|0x000000008b100000, 0x000000008b200000, 0x000000008b200000|100%|HC|  |TAMS 0x000000008b100000, 0x000000008b100000| Complete 
| 178|0x000000008b200000, 0x000000008b200000, 0x000000008b300000|  0%| F|  |TAMS 0x000000008b200000, 0x000000008b200000| Untracked 
| 179|0x000000008b300000, 0x000000008b300000, 0x000000008b400000|  0%| F|  |TAMS 0x000000008b300000, 0x000000008b300000| Untracked 
| 180|0x000000008b400000, 0x000000008b400000, 0x000000008b500000|  0%| F|  |TAMS 0x000000008b400000, 0x000000008b400000| Untracked 
| 181|0x000000008b500000, 0x000000008b500000, 0x000000008b600000|  0%| F|  |TAMS 0x000000008b500000, 0x000000008b500000| Untracked 
| 182|0x000000008b600000, 0x000000008b700000, 0x000000008b700000|100%|HS|  |TAMS 0x000000008b600000, 0x000000008b600000| Complete 
| 183|0x000000008b700000, 0x000000008b800000, 0x000000008b800000|100%|HC|  |TAMS 0x000000008b700000, 0x000000008b700000| Complete 
| 184|0x000000008b800000, 0x000000008b900000, 0x000000008b900000|100%|HC|  |TAMS 0x000000008b800000, 0x000000008b800000| Complete 
| 185|0x000000008b900000, 0x000000008ba00000, 0x000000008ba00000|100%|HC|  |TAMS 0x000000008b900000, 0x000000008b900000| Complete 
| 186|0x000000008ba00000, 0x000000008ba00000, 0x000000008bb00000|  0%| F|  |TAMS 0x000000008ba00000, 0x000000008ba00000| Untracked 
| 187|0x000000008bb00000, 0x000000008bb00000, 0x000000008bc00000|  0%| F|  |TAMS 0x000000008bb00000, 0x000000008bb00000| Untracked 
| 188|0x000000008bc00000, 0x000000008bc00000, 0x000000008bd00000|  0%| F|  |TAMS 0x000000008bc00000, 0x000000008bc00000| Untracked 
| 189|0x000000008bd00000, 0x000000008bd00000, 0x000000008be00000|  0%| F|  |TAMS 0x000000008bd00000, 0x000000008bd00000| Untracked 
| 190|0x000000008be00000, 0x000000008be00000, 0x000000008bf00000|  0%| F|  |TAMS 0x000000008be00000, 0x000000008be00000| Untracked 
| 191|0x000000008bf00000, 0x000000008bf00000, 0x000000008c000000|  0%| F|  |TAMS 0x000000008bf00000, 0x000000008bf00000| Untracked 
| 192|0x000000008c000000, 0x000000008c000000, 0x000000008c100000|  0%| F|  |TAMS 0x000000008c000000, 0x000000008c000000| Untracked 
| 193|0x000000008c100000, 0x000000008c100000, 0x000000008c200000|  0%| F|  |TAMS 0x000000008c100000, 0x000000008c100000| Untracked 
| 194|0x000000008c200000, 0x000000008c200000, 0x000000008c300000|  0%| F|  |TAMS 0x000000008c200000, 0x000000008c200000| Untracked 
| 195|0x000000008c300000, 0x000000008c300000, 0x000000008c400000|  0%| F|  |TAMS 0x000000008c300000, 0x000000008c300000| Untracked 
| 196|0x000000008c400000, 0x000000008c400000, 0x000000008c500000|  0%| F|  |TAMS 0x000000008c400000, 0x000000008c400000| Untracked 
| 197|0x000000008c500000, 0x000000008c500000, 0x000000008c600000|  0%| F|  |TAMS 0x000000008c500000, 0x000000008c500000| Untracked 
| 198|0x000000008c600000, 0x000000008c600000, 0x000000008c700000|  0%| F|  |TAMS 0x000000008c600000, 0x000000008c600000| Untracked 
| 199|0x000000008c700000, 0x000000008c700000, 0x000000008c800000|  0%| F|  |TAMS 0x000000008c700000, 0x000000008c700000| Untracked 
| 200|0x000000008c800000, 0x000000008c800000, 0x000000008c900000|  0%| F|  |TAMS 0x000000008c800000, 0x000000008c800000| Untracked 
| 201|0x000000008c900000, 0x000000008c900000, 0x000000008ca00000|  0%| F|  |TAMS 0x000000008c900000, 0x000000008c900000| Untracked 
| 202|0x000000008ca00000, 0x000000008ca00000, 0x000000008cb00000|  0%| F|  |TAMS 0x000000008ca00000, 0x000000008ca00000| Untracked 
| 203|0x000000008cb00000, 0x000000008cb00000, 0x000000008cc00000|  0%| F|  |TAMS 0x000000008cb00000, 0x000000008cb00000| Untracked 
| 204|0x000000008cc00000, 0x000000008cc00000, 0x000000008cd00000|  0%| F|  |TAMS 0x000000008cc00000, 0x000000008cc00000| Untracked 
| 205|0x000000008cd00000, 0x000000008cd00000, 0x000000008ce00000|  0%| F|  |TAMS 0x000000008cd00000, 0x000000008cd00000| Untracked 
| 206|0x000000008ce00000, 0x000000008ce00000, 0x000000008cf00000|  0%| F|  |TAMS 0x000000008ce00000, 0x000000008ce00000| Untracked 
| 207|0x000000008cf00000, 0x000000008cf00000, 0x000000008d000000|  0%| F|  |TAMS 0x000000008cf00000, 0x000000008cf00000| Untracked 
| 208|0x000000008d000000, 0x000000008d000000, 0x000000008d100000|  0%| F|  |TAMS 0x000000008d000000, 0x000000008d000000| Untracked 
| 209|0x000000008d100000, 0x000000008d100000, 0x000000008d200000|  0%| F|  |TAMS 0x000000008d100000, 0x000000008d100000| Untracked 
| 210|0x000000008d200000, 0x000000008d200000, 0x000000008d300000|  0%| F|  |TAMS 0x000000008d200000, 0x000000008d200000| Untracked 
| 211|0x000000008d300000, 0x000000008d300000, 0x000000008d400000|  0%| F|  |TAMS 0x000000008d300000, 0x000000008d300000| Untracked 
| 212|0x000000008d400000, 0x000000008d400000, 0x000000008d500000|  0%| F|  |TAMS 0x000000008d400000, 0x000000008d400000| Untracked 
| 213|0x000000008d500000, 0x000000008d500000, 0x000000008d600000|  0%| F|  |TAMS 0x000000008d500000, 0x000000008d500000| Untracked 
| 214|0x000000008d600000, 0x000000008d600000, 0x000000008d700000|  0%| F|  |TAMS 0x000000008d600000, 0x000000008d600000| Untracked 
| 215|0x000000008d700000, 0x000000008d700000, 0x000000008d800000|  0%| F|  |TAMS 0x000000008d700000, 0x000000008d700000| Untracked 
| 216|0x000000008d800000, 0x000000008d800000, 0x000000008d900000|  0%| F|  |TAMS 0x000000008d800000, 0x000000008d800000| Untracked 
| 217|0x000000008d900000, 0x000000008d900000, 0x000000008da00000|  0%| F|  |TAMS 0x000000008d900000, 0x000000008d900000| Untracked 
| 218|0x000000008da00000, 0x000000008da00000, 0x000000008db00000|  0%| F|  |TAMS 0x000000008da00000, 0x000000008da00000| Untracked 
| 219|0x000000008db00000, 0x000000008db00000, 0x000000008dc00000|  0%| F|  |TAMS 0x000000008db00000, 0x000000008db00000| Untracked 
| 220|0x000000008dc00000, 0x000000008dc00000, 0x000000008dd00000|  0%| F|  |TAMS 0x000000008dc00000, 0x000000008dc00000| Untracked 
| 221|0x000000008dd00000, 0x000000008dd00000, 0x000000008de00000|  0%| F|  |TAMS 0x000000008dd00000, 0x000000008dd00000| Untracked 
| 222|0x000000008de00000, 0x000000008de00000, 0x000000008df00000|  0%| F|  |TAMS 0x000000008de00000, 0x000000008de00000| Untracked 
| 223|0x000000008df00000, 0x000000008df00000, 0x000000008e000000|  0%| F|  |TAMS 0x000000008df00000, 0x000000008df00000| Untracked 
| 224|0x000000008e000000, 0x000000008e000000, 0x000000008e100000|  0%| F|  |TAMS 0x000000008e000000, 0x000000008e000000| Untracked 
| 225|0x000000008e100000, 0x000000008e100000, 0x000000008e200000|  0%| F|  |TAMS 0x000000008e100000, 0x000000008e100000| Untracked 
| 226|0x000000008e200000, 0x000000008e200000, 0x000000008e300000|  0%| F|  |TAMS 0x000000008e200000, 0x000000008e200000| Untracked 
| 227|0x000000008e300000, 0x000000008e300000, 0x000000008e400000|  0%| F|  |TAMS 0x000000008e300000, 0x000000008e300000| Untracked 
| 228|0x000000008e400000, 0x000000008e400000, 0x000000008e500000|  0%| F|  |TAMS 0x000000008e400000, 0x000000008e400000| Untracked 
| 229|0x000000008e500000, 0x000000008e500000, 0x000000008e600000|  0%| F|  |TAMS 0x000000008e500000, 0x000000008e500000| Untracked 
| 230|0x000000008e600000, 0x000000008e633930, 0x000000008e700000| 20%| S|CS|TAMS 0x000000008e600000, 0x000000008e600000| Complete 
| 231|0x000000008e700000, 0x000000008e800000, 0x000000008e800000|100%| S|CS|TAMS 0x000000008e700000, 0x000000008e700000| Complete 
| 232|0x000000008e800000, 0x000000008e800000, 0x000000008e900000|  0%| F|  |TAMS 0x000000008e800000, 0x000000008e800000| Untracked 
| 233|0x000000008e900000, 0x000000008e900000, 0x000000008ea00000|  0%| F|  |TAMS 0x000000008e900000, 0x000000008e900000| Untracked 
| 234|0x000000008ea00000, 0x000000008ea00000, 0x000000008eb00000|  0%| F|  |TAMS 0x000000008ea00000, 0x000000008ea00000| Untracked 
| 235|0x000000008eb00000, 0x000000008eb00000, 0x000000008ec00000|  0%| F|  |TAMS 0x000000008eb00000, 0x000000008eb00000| Untracked 
| 236|0x000000008ec00000, 0x000000008ec00000, 0x000000008ed00000|  0%| F|  |TAMS 0x000000008ec00000, 0x000000008ec00000| Untracked 
| 237|0x000000008ed00000, 0x000000008ed00000, 0x000000008ee00000|  0%| F|  |TAMS 0x000000008ed00000, 0x000000008ed00000| Untracked 
| 238|0x000000008ee00000, 0x000000008ee00000, 0x000000008ef00000|  0%| F|  |TAMS 0x000000008ee00000, 0x000000008ee00000| Untracked 
| 239|0x000000008ef00000, 0x000000008ef00000, 0x000000008f000000|  0%| F|  |TAMS 0x000000008ef00000, 0x000000008ef00000| Untracked 
| 240|0x000000008f000000, 0x000000008f000000, 0x000000008f100000|  0%| F|  |TAMS 0x000000008f000000, 0x000000008f000000| Untracked 
| 241|0x000000008f100000, 0x000000008f100000, 0x000000008f200000|  0%| F|  |TAMS 0x000000008f100000, 0x000000008f100000| Untracked 
| 242|0x000000008f200000, 0x000000008f200000, 0x000000008f300000|  0%| F|  |TAMS 0x000000008f200000, 0x000000008f200000| Untracked 
| 243|0x000000008f300000, 0x000000008f300000, 0x000000008f400000|  0%| F|  |TAMS 0x000000008f300000, 0x000000008f300000| Untracked 
| 244|0x000000008f400000, 0x000000008f400000, 0x000000008f500000|  0%| F|  |TAMS 0x000000008f400000, 0x000000008f400000| Untracked 
| 245|0x000000008f500000, 0x000000008f500000, 0x000000008f600000|  0%| F|  |TAMS 0x000000008f500000, 0x000000008f500000| Untracked 
| 246|0x000000008f600000, 0x000000008f600000, 0x000000008f700000|  0%| F|  |TAMS 0x000000008f600000, 0x000000008f600000| Untracked 
| 247|0x000000008f700000, 0x000000008f700000, 0x000000008f800000|  0%| F|  |TAMS 0x000000008f700000, 0x000000008f700000| Untracked 
| 248|0x000000008f800000, 0x000000008f800000, 0x000000008f900000|  0%| F|  |TAMS 0x000000008f800000, 0x000000008f800000| Untracked 
| 249|0x000000008f900000, 0x000000008f900000, 0x000000008fa00000|  0%| F|  |TAMS 0x000000008f900000, 0x000000008f900000| Untracked 
| 250|0x000000008fa00000, 0x000000008fa00000, 0x000000008fb00000|  0%| F|  |TAMS 0x000000008fa00000, 0x000000008fa00000| Untracked 
| 251|0x000000008fb00000, 0x000000008fb00000, 0x000000008fc00000|  0%| F|  |TAMS 0x000000008fb00000, 0x000000008fb00000| Untracked 
| 252|0x000000008fc00000, 0x000000008fc00000, 0x000000008fd00000|  0%| F|  |TAMS 0x000000008fc00000, 0x000000008fc00000| Untracked 
| 253|0x000000008fd00000, 0x000000008fd00000, 0x000000008fe00000|  0%| F|  |TAMS 0x000000008fd00000, 0x000000008fd00000| Untracked 
| 254|0x000000008fe00000, 0x000000008fe00000, 0x000000008ff00000|  0%| F|  |TAMS 0x000000008fe00000, 0x000000008fe00000| Untracked 
| 255|0x000000008ff00000, 0x000000008ff00000, 0x0000000090000000|  0%| F|  |TAMS 0x000000008ff00000, 0x000000008ff00000| Untracked 
| 256|0x0000000090000000, 0x0000000090000000, 0x0000000090100000|  0%| F|  |TAMS 0x0000000090000000, 0x0000000090000000| Untracked 
| 257|0x0000000090100000, 0x0000000090100000, 0x0000000090200000|  0%| F|  |TAMS 0x0000000090100000, 0x0000000090100000| Untracked 
| 258|0x0000000090200000, 0x0000000090200000, 0x0000000090300000|  0%| F|  |TAMS 0x0000000090200000, 0x0000000090200000| Untracked 
| 259|0x0000000090300000, 0x0000000090300000, 0x0000000090400000|  0%| F|  |TAMS 0x0000000090300000, 0x0000000090300000| Untracked 
| 260|0x0000000090400000, 0x0000000090400000, 0x0000000090500000|  0%| F|  |TAMS 0x0000000090400000, 0x0000000090400000| Untracked 
| 261|0x0000000090500000, 0x0000000090500000, 0x0000000090600000|  0%| F|  |TAMS 0x0000000090500000, 0x0000000090500000| Untracked 
| 262|0x0000000090600000, 0x0000000090600000, 0x0000000090700000|  0%| F|  |TAMS 0x0000000090600000, 0x0000000090600000| Untracked 
| 263|0x0000000090700000, 0x0000000090700000, 0x0000000090800000|  0%| F|  |TAMS 0x0000000090700000, 0x0000000090700000| Untracked 
| 264|0x0000000090800000, 0x0000000090800000, 0x0000000090900000|  0%| F|  |TAMS 0x0000000090800000, 0x0000000090800000| Untracked 
| 265|0x0000000090900000, 0x0000000090900000, 0x0000000090a00000|  0%| F|  |TAMS 0x0000000090900000, 0x0000000090900000| Untracked 
| 266|0x0000000090a00000, 0x0000000090a00000, 0x0000000090b00000|  0%| F|  |TAMS 0x0000000090a00000, 0x0000000090a00000| Untracked 
| 267|0x0000000090b00000, 0x0000000090b00000, 0x0000000090c00000|  0%| F|  |TAMS 0x0000000090b00000, 0x0000000090b00000| Untracked 
| 268|0x0000000090c00000, 0x0000000090c00000, 0x0000000090d00000|  0%| F|  |TAMS 0x0000000090c00000, 0x0000000090c00000| Untracked 
| 269|0x0000000090d00000, 0x0000000090d00000, 0x0000000090e00000|  0%| F|  |TAMS 0x0000000090d00000, 0x0000000090d00000| Untracked 
| 270|0x0000000090e00000, 0x0000000090e00000, 0x0000000090f00000|  0%| F|  |TAMS 0x0000000090e00000, 0x0000000090e00000| Untracked 
| 271|0x0000000090f00000, 0x0000000090f00000, 0x0000000091000000|  0%| F|  |TAMS 0x0000000090f00000, 0x0000000090f00000| Untracked 
| 272|0x0000000091000000, 0x0000000091000000, 0x0000000091100000|  0%| F|  |TAMS 0x0000000091000000, 0x0000000091000000| Untracked 
| 273|0x0000000091100000, 0x0000000091100000, 0x0000000091200000|  0%| F|  |TAMS 0x0000000091100000, 0x0000000091100000| Untracked 
| 274|0x0000000091200000, 0x0000000091200000, 0x0000000091300000|  0%| F|  |TAMS 0x0000000091200000, 0x0000000091200000| Untracked 
| 275|0x0000000091300000, 0x0000000091300000, 0x0000000091400000|  0%| F|  |TAMS 0x0000000091300000, 0x0000000091300000| Untracked 
| 276|0x0000000091400000, 0x0000000091400000, 0x0000000091500000|  0%| F|  |TAMS 0x0000000091400000, 0x0000000091400000| Untracked 
| 277|0x0000000091500000, 0x0000000091500000, 0x0000000091600000|  0%| F|  |TAMS 0x0000000091500000, 0x0000000091500000| Untracked 
| 278|0x0000000091600000, 0x0000000091600000, 0x0000000091700000|  0%| F|  |TAMS 0x0000000091600000, 0x0000000091600000| Untracked 
| 279|0x0000000091700000, 0x0000000091700000, 0x0000000091800000|  0%| F|  |TAMS 0x0000000091700000, 0x0000000091700000| Untracked 
| 280|0x0000000091800000, 0x0000000091800000, 0x0000000091900000|  0%| F|  |TAMS 0x0000000091800000, 0x0000000091800000| Untracked 
| 281|0x0000000091900000, 0x0000000091900000, 0x0000000091a00000|  0%| F|  |TAMS 0x0000000091900000, 0x0000000091900000| Untracked 
| 282|0x0000000091a00000, 0x0000000091a00000, 0x0000000091b00000|  0%| F|  |TAMS 0x0000000091a00000, 0x0000000091a00000| Untracked 

Card table byte_map: [0x000001d3bcc30000,0x000001d3bd030000] _byte_map_base: 0x000001d3bc830000

Marking Bits (Prev, Next): (CMBitMap*) 0x000001d3a948a108, (CMBitMap*) 0x000001d3a948a140
 Prev Bits: [0x000001d3bd430000, 0x000001d3bf430000)
 Next Bits: [0x000001d3bf430000, 0x000001d3c1430000)

Polling page: 0x000001d3a7bd0000

Metaspace:

Usage:
  Non-class:    100.41 MB capacity,    98.54 MB ( 98%) used,     1.54 MB (  2%) free+waste,   340.94 KB ( <1%) overhead. 
      Class:     15.24 MB capacity,    14.17 MB ( 93%) used,   936.11 KB (  6%) free+waste,   154.00 KB ( <1%) overhead. 
       Both:    115.65 MB capacity,   112.71 MB ( 97%) used,     2.45 MB (  2%) free+waste,   494.94 KB ( <1%) overhead. 

Virtual space:
  Non-class space:      102.00 MB reserved,     100.95 MB ( 99%) committed 
      Class space:        1.00 GB reserved,      15.63 MB (  2%) committed 
             Both:        1.10 GB reserved,     116.57 MB ( 10%) committed 

Chunk freelists:
   Non-Class:  555.00 KB
       Class:  331.00 KB
        Both:  886.00 KB

MaxMetaspaceSize: 17179869184.00 GB
CompressedClassSpaceSize: 1.00 GB

CodeHeap 'non-profiled nmethods': size=120000Kb used=7176Kb max_used=7176Kb free=112823Kb
 bounds [0x000001d3b48a0000, 0x000001d3b4fb0000, 0x000001d3bbdd0000]
CodeHeap 'profiled nmethods': size=120000Kb used=32099Kb max_used=32099Kb free=87900Kb
 bounds [0x000001d3ad370000, 0x000001d3af2e0000, 0x000001d3b48a0000]
CodeHeap 'non-nmethods': size=5760Kb used=2380Kb max_used=2424Kb free=3379Kb
 bounds [0x000001d3acdd0000, 0x000001d3ad040000, 0x000001d3ad370000]
 total_blobs=16967 nmethods=15935 adapters=942
 compilation: enabled
              stopped_count=0, restarted_count=0
 full_count=0

Compilation events (20 events):
Event: 54.859 Thread 0x000001d3c3f26800 nmethod 17229 0x000001d3af2cb310 code [0x000001d3af2cb4c0, 0x000001d3af2cb638]
Event: 54.859 Thread 0x000001d3c3f26800 17228       2       jdk.internal.misc.Unsafe::getCharUnaligned (12 bytes)
Event: 54.859 Thread 0x000001d3c3f26800 nmethod 17228 0x000001d3af2cb710 code [0x000001d3af2cb8c0, 0x000001d3af2cb9f8]
Event: 54.859 Thread 0x000001d3c3f26800 17232       2       java.nio.HeapByteBuffer::getChar (25 bytes)
Event: 54.859 Thread 0x000001d3c3f26800 nmethod 17232 0x000001d3af2cba90 code [0x000001d3af2cbc40, 0x000001d3af2cbe88]
Event: 54.859 Thread 0x000001d3c3f26800 17231       2       java.lang.Character::reverseBytes (14 bytes)
Event: 54.859 Thread 0x000001d3c3f26800 nmethod 17231 0x000001d3af2cbf90 code [0x000001d3af2cc140, 0x000001d3af2cc238]
Event: 54.958 Thread 0x000001d3c3f26800 17241       2       com.sun.crypto.provider.DESCrypt::cipherBlock (302 bytes)
Event: 54.958 Thread 0x000001d3c3f26800 nmethod 17241 0x000001d3af2cc310 code [0x000001d3af2cc540, 0x000001d3af2ccb28]
Event: 54.958 Thread 0x000001d3c3f26800 17243       2       com.sun.crypto.provider.DESCrypt::initialPermutationRight (256 bytes)
Event: 54.958 Thread 0x000001d3c3f26800 nmethod 17243 0x000001d3af2cd010 code [0x000001d3af2cd240, 0x000001d3af2cd858]
Event: 54.958 Thread 0x000001d3c3f26800 17244       2       com.sun.crypto.provider.DESCrypt::perm (393 bytes)
Event: 54.959 Thread 0x000001d3c3f26800 nmethod 17244 0x000001d3af2cde10 code [0x000001d3af2ce040, 0x000001d3af2ce698]
Event: 54.959 Thread 0x000001d3c3f26800 17242       2       com.sun.crypto.provider.DESCrypt::initialPermutationLeft (256 bytes)
Event: 54.959 Thread 0x000001d3c3f26800 nmethod 17242 0x000001d3af2cec90 code [0x000001d3af2ceec0, 0x000001d3af2cf4d8]
Event: 54.961 Thread 0x000001d3c3f26800 17245       2       java.lang.StringCoding::deref (19 bytes)
Event: 54.961 Thread 0x000001d3c3f26800 nmethod 17245 0x000001d3af2cfa90 code [0x000001d3af2cfc60, 0x000001d3af2cfdd8]
Event: 54.961 Thread 0x000001d3c3f26800 17246   !   2       java.lang.StringCoding::lookupCharset (24 bytes)
Event: 54.961 Thread 0x000001d3c3f26800 nmethod 17246 0x000001d3af2cff10 code [0x000001d3af2d0100, 0x000001d3af2d03f8]
Event: 54.961 Thread 0x000001d3c3f26800 17247   !   2       java.net.URL::<init> (543 bytes)

GC Heap History (20 events):
Event: 52.149 GC heap after
{Heap after GC invocations=60 (full 0):
 garbage-first heap   total 225280K, used 178824K [0x0000000080000000, 0x0000000100000000)
  region size 1024K, 3 young (3072K), 3 survivors (3072K)
 Metaspace       used 114665K, capacity 117927K, committed 118220K, reserved 1150976K
  class space    used 14582K, capacity 15801K, committed 15872K, reserved 1048576K
}
Event: 52.217 GC heap before
{Heap before GC invocations=60 (full 0):
 garbage-first heap   total 225280K, used 193160K [0x0000000080000000, 0x0000000100000000)
  region size 1024K, 18 young (18432K), 3 survivors (3072K)
 Metaspace       used 114763K, capacity 118000K, committed 118220K, reserved 1150976K
  class space    used 14583K, capacity 15802K, committed 15872K, reserved 1048576K
}
Event: 52.220 GC heap after
{Heap after GC invocations=61 (full 0):
 garbage-first heap   total 225280K, used 179748K [0x0000000080000000, 0x0000000100000000)
  region size 1024K, 3 young (3072K), 3 survivors (3072K)
 Metaspace       used 114763K, capacity 118000K, committed 118220K, reserved 1150976K
  class space    used 14583K, capacity 15802K, committed 15872K, reserved 1048576K
}
Event: 52.544 GC heap before
{Heap before GC invocations=61 (full 0):
 garbage-first heap   total 225280K, used 187940K [0x0000000080000000, 0x0000000100000000)
  region size 1024K, 13 young (13312K), 3 survivors (3072K)
 Metaspace       used 114936K, capacity 118209K, committed 118476K, reserved 1153024K
  class space    used 14588K, capacity 15806K, committed 15872K, reserved 1048576K
}
Event: 52.549 GC heap after
{Heap after GC invocations=62 (full 0):
 garbage-first heap   total 225280K, used 175832K [0x0000000080000000, 0x0000000100000000)
  region size 1024K, 1 young (1024K), 1 survivors (1024K)
 Metaspace       used 114936K, capacity 118209K, committed 118476K, reserved 1153024K
  class space    used 14588K, capacity 15806K, committed 15872K, reserved 1048576K
}
Event: 52.987 GC heap before
{Heap before GC invocations=62 (full 0):
 garbage-first heap   total 225280K, used 178904K [0x0000000080000000, 0x0000000100000000)
  region size 1024K, 18 young (18432K), 1 survivors (1024K)
 Metaspace       used 114343K, capacity 117230K, committed 118476K, reserved 1153024K
  class space    used 14384K, capacity 15447K, committed 15872K, reserved 1048576K
}
Event: 53.002 GC heap after
{Heap after GC invocations=63 (full 0):
 garbage-first heap   total 225280K, used 166098K [0x0000000080000000, 0x0000000100000000)
  region size 1024K, 3 young (3072K), 3 survivors (3072K)
 Metaspace       used 114343K, capacity 117230K, committed 118476K, reserved 1153024K
  class space    used 14384K, capacity 15447K, committed 15872K, reserved 1048576K
}
Event: 53.086 GC heap before
{Heap before GC invocations=64 (full 0):
 garbage-first heap   total 225280K, used 185554K [0x0000000080000000, 0x0000000100000000)
  region size 1024K, 23 young (23552K), 3 survivors (3072K)
 Metaspace       used 114343K, capacity 117230K, committed 118476K, reserved 1153024K
  class space    used 14384K, capacity 15447K, committed 15872K, reserved 1048576K
}
Event: 53.112 GC heap after
{Heap after GC invocations=65 (full 0):
 garbage-first heap   total 225280K, used 176198K [0x0000000080000000, 0x0000000100000000)
  region size 1024K, 3 young (3072K), 3 survivors (3072K)
 Metaspace       used 114343K, capacity 117230K, committed 118476K, reserved 1153024K
  class space    used 14384K, capacity 15447K, committed 15872K, reserved 1048576K
}
Event: 53.138 GC heap before
{Heap before GC invocations=65 (full 0):
 garbage-first heap   total 225280K, used 184390K [0x0000000080000000, 0x0000000100000000)
  region size 1024K, 11 young (11264K), 3 survivors (3072K)
 Metaspace       used 114343K, capacity 117230K, committed 118476K, reserved 1153024K
  class space    used 14384K, capacity 15447K, committed 15872K, reserved 1048576K
}
Event: 53.151 GC heap after
{Heap after GC invocations=66 (full 0):
 garbage-first heap   total 225280K, used 159154K [0x0000000080000000, 0x0000000100000000)
  region size 1024K, 2 young (2048K), 2 survivors (2048K)
 Metaspace       used 114343K, capacity 117230K, committed 118476K, reserved 1153024K
  class space    used 14384K, capacity 15447K, committed 15872K, reserved 1048576K
}
Event: 53.182 GC heap before
{Heap before GC invocations=66 (full 0):
 garbage-first heap   total 225280K, used 167346K [0x0000000080000000, 0x0000000100000000)
  region size 1024K, 11 young (11264K), 2 survivors (2048K)
 Metaspace       used 114343K, capacity 117230K, committed 118476K, reserved 1153024K
  class space    used 14384K, capacity 15447K, committed 15872K, reserved 1048576K
}
Event: 53.271 GC heap after
{Heap after GC invocations=67 (full 0):
 garbage-first heap   total 289792K, used 144525K [0x0000000080000000, 0x0000000100000000)
  region size 1024K, 2 young (2048K), 2 survivors (2048K)
 Metaspace       used 114343K, capacity 117230K, committed 118476K, reserved 1153024K
  class space    used 14384K, capacity 15447K, committed 15872K, reserved 1048576K
}
Event: 53.401 GC heap before
{Heap before GC invocations=67 (full 0):
 garbage-first heap   total 289792K, used 156813K [0x0000000080000000, 0x0000000100000000)
  region size 1024K, 14 young (14336K), 2 survivors (2048K)
 Metaspace       used 114343K, capacity 117230K, committed 118476K, reserved 1153024K
  class space    used 14384K, capacity 15447K, committed 15872K, reserved 1048576K
}
Event: 53.424 GC heap after
{Heap after GC invocations=68 (full 0):
 garbage-first heap   total 289792K, used 136507K [0x0000000080000000, 0x0000000100000000)
  region size 1024K, 2 young (2048K), 2 survivors (2048K)
 Metaspace       used 114343K, capacity 117230K, committed 118476K, reserved 1153024K
  class space    used 14384K, capacity 15447K, committed 15872K, reserved 1048576K
}
Event: 53.968 GC heap before
{Heap before GC invocations=68 (full 0):
 garbage-first heap   total 289792K, used 191803K [0x0000000080000000, 0x0000000100000000)
  region size 1024K, 51 young (52224K), 2 survivors (2048K)
 Metaspace       used 114349K, capacity 117235K, committed 118476K, reserved 1153024K
  class space    used 14384K, capacity 15447K, committed 15872K, reserved 1048576K
}
Event: 54.064 GC heap after
{Heap after GC invocations=69 (full 0):
 garbage-first heap   total 289792K, used 151808K [0x0000000080000000, 0x0000000100000000)
  region size 1024K, 7 young (7168K), 7 survivors (7168K)
 Metaspace       used 114349K, capacity 117235K, committed 118476K, reserved 1153024K
  class space    used 14384K, capacity 15447K, committed 15872K, reserved 1048576K
}
Event: 54.280 GC heap before
{Heap before GC invocations=69 (full 0):
 garbage-first heap   total 289792K, used 205056K [0x0000000080000000, 0x0000000100000000)
  region size 1024K, 54 young (55296K), 7 survivors (7168K)
 Metaspace       used 114353K, capacity 117238K, committed 118476K, reserved 1153024K
  class space    used 14384K, capacity 15447K, committed 15872K, reserved 1048576K
}
Event: 54.298 GC heap after
{Heap after GC invocations=70 (full 0):
 garbage-first heap   total 289792K, used 162809K [0x0000000080000000, 0x0000000100000000)
  region size 1024K, 5 young (5120K), 5 survivors (5120K)
 Metaspace       used 114353K, capacity 117238K, committed 118476K, reserved 1153024K
  class space    used 14384K, capacity 15447K, committed 15872K, reserved 1048576K
}
Event: 54.964 GC heap before
{Heap before GC invocations=70 (full 0):
 garbage-first heap   total 289792K, used 210937K [0x0000000080000000, 0x0000000100000000)
  region size 1024K, 52 young (53248K), 5 survivors (5120K)
 Metaspace       used 115417K, capacity 118422K, committed 119372K, reserved 1153024K
  class space    used 14514K, capacity 15605K, committed 16000K, reserved 1048576K
}

Deoptimization events (20 events):
Event: 54.802 Thread 0x000001d3ca809000 Uncommon trap: trap_request=0xffffff4d fr.pc=0x000001d3b4abfd7c relative=0x00000000000009bc
Event: 54.802 Thread 0x000001d3ca809000 Uncommon trap: reason=unstable_if action=reinterpret pc=0x000001d3b4abfd7c method=sun.net.util.IPAddressUtil.scan(Ljava/lang/String;JJ[C)I @ 14 c2
Event: 54.802 Thread 0x000001d3ca809000 DEOPT PACKING pc=0x000001d3b4abfd7c sp=0x000000731c5fc8c0
Event: 54.802 Thread 0x000001d3ca809000 DEOPT UNPACKING pc=0x000001d3acdf74af sp=0x000000731c5fc740 mode 2
Event: 54.851 Thread 0x000001d3ca809000 Uncommon trap: trap_request=0xffffff4d fr.pc=0x000001d3b4cb7a04 relative=0x0000000000001ca4
Event: 54.851 Thread 0x000001d3ca809000 Uncommon trap: reason=unstable_if action=reinterpret pc=0x000001d3b4cb7a04 method=java.lang.StringCoding.decode(Ljava/lang/String;[BII)Ljava/lang/StringCoding$Result; @ 38 c2
Event: 54.851 Thread 0x000001d3ca809000 DEOPT PACKING pc=0x000001d3b4cb7a04 sp=0x000000731c5fd740
Event: 54.851 Thread 0x000001d3ca809000 DEOPT UNPACKING pc=0x000001d3acdf74af sp=0x000000731c5fd6c8 mode 2
Event: 54.851 Thread 0x000001d3ca809000 Uncommon trap: trap_request=0xffffffc6 fr.pc=0x000001d3b49ab3ec relative=0x00000000000001ec
Event: 54.851 Thread 0x000001d3ca809000 Uncommon trap: reason=bimorphic_or_optimized_type_check action=maybe_recompile pc=0x000001d3b49ab3ec method=java.nio.charset.CharsetDecoder.decode(Ljava/nio/ByteBuffer;Ljava/nio/CharBuffer;Z)Ljava/nio/charset/CoderResult; @ 57 c2
Event: 54.851 Thread 0x000001d3ca809000 DEOPT PACKING pc=0x000001d3b49ab3ec sp=0x000000731c5fd5d0
Event: 54.851 Thread 0x000001d3ca809000 DEOPT UNPACKING pc=0x000001d3acdf74af sp=0x000000731c5fd578 mode 2
Event: 54.860 Thread 0x000001d3ca809000 Uncommon trap: trap_request=0xffffff4d fr.pc=0x000001d3b49b5d84 relative=0x0000000000000344
Event: 54.860 Thread 0x000001d3ca809000 Uncommon trap: reason=unstable_if action=reinterpret pc=0x000001d3b49b5d84 method=java.lang.StringUTF16.compress([CII)[B @ 13 c2
Event: 54.860 Thread 0x000001d3ca809000 DEOPT PACKING pc=0x000001d3b49b5d84 sp=0x000000731c5fbbf0
Event: 54.860 Thread 0x000001d3ca809000 DEOPT UNPACKING pc=0x000001d3acdf74af sp=0x000000731c5fbab8 mode 2
Event: 54.961 Thread 0x000001d3ca809000 Uncommon trap: trap_request=0xffffff4d fr.pc=0x000001d3b4d7c5ec relative=0x00000000000001ac
Event: 54.961 Thread 0x000001d3ca809000 Uncommon trap: reason=unstable_if action=reinterpret pc=0x000001d3b4d7c5ec method=java.util.regex.Pattern$GroupTail.match(Ljava/util/regex/Matcher;ILjava/lang/CharSequence;)Z @ 13 c2
Event: 54.961 Thread 0x000001d3ca809000 DEOPT PACKING pc=0x000001d3b4d7c5ec sp=0x000000731c5fd5a0
Event: 54.961 Thread 0x000001d3ca809000 DEOPT UNPACKING pc=0x000001d3acdf74af sp=0x000000731c5fd548 mode 2

Classes redefined (0 events):
No events

Internal exceptions (20 events):
Event: 52.152 Thread 0x000001d3c98ae800 Exception <a 'sun/nio/fs/WindowsException'{0x000000008db07060}> (0x000000008db07060) thrown at [./src/hotspot/share/prims/jni.cpp, line 615]
Event: 52.153 Thread 0x000001d3ca807000 Exception <a 'sun/nio/fs/WindowsException'{0x000000008daddef8}> (0x000000008daddef8) thrown at [./src/hotspot/share/prims/jni.cpp, line 615]
Event: 52.154 Thread 0x000001d3c98ae800 Exception <a 'sun/nio/fs/WindowsException'{0x000000008da7f6b8}> (0x000000008da7f6b8) thrown at [./src/hotspot/share/prims/jni.cpp, line 615]
Event: 52.155 Thread 0x000001d3ca807000 Exception <a 'sun/nio/fs/WindowsException'{0x000000008d95e900}> (0x000000008d95e900) thrown at [./src/hotspot/share/prims/jni.cpp, line 615]
Event: 52.155 Thread 0x000001d3c98ae800 Exception <a 'sun/nio/fs/WindowsException'{0x000000008d9a8518}> (0x000000008d9a8518) thrown at [./src/hotspot/share/prims/jni.cpp, line 615]
Event: 52.165 Thread 0x000001d3ca809000 Exception <a 'sun/nio/fs/WindowsException'{0x000000008d60a3b8}> (0x000000008d60a3b8) thrown at [./src/hotspot/share/prims/jni.cpp, line 615]
Event: 52.569 Thread 0x000001d3c98ae800 Exception <a 'sun/nio/fs/WindowsException'{0x000000008dbff140}> (0x000000008dbff140) thrown at [./src/hotspot/share/prims/jni.cpp, line 615]
Event: 52.570 Thread 0x000001d3c98ae800 Implicit null exception at 0x000001d3b4f59a70 to 0x000001d3b4f59f24
Event: 52.578 Thread 0x000001d3c98ae800 Implicit null exception at 0x000001d3b4f59090 to 0x000001d3b4f59140
Event: 52.580 Thread 0x000001d3c98ae800 Implicit null exception at 0x000001d3b4e6326c to 0x000001d3b4e69dec
Event: 54.455 Thread 0x000001d3ca810800 Exception <a 'sun/nio/fs/WindowsException'{0x0000000090078610}> (0x0000000090078610) thrown at [./src/hotspot/share/prims/jni.cpp, line 615]
Event: 54.540 Thread 0x000001d3c98a5800 Implicit null exception at 0x000001d3b4f5734c to 0x000001d3b4f57394
Event: 54.555 Thread 0x000001d3c98a5800 Exception <a 'sun/nio/fs/WindowsException'{0x000000008ffae2f0}> (0x000000008ffae2f0) thrown at [./src/hotspot/share/prims/jni.cpp, line 615]
Event: 54.555 Thread 0x000001d3c98a5800 Exception <a 'sun/nio/fs/WindowsException'{0x000000008ffaeec8}> (0x000000008ffaeec8) thrown at [./src/hotspot/share/prims/jni.cpp, line 615]
Event: 54.772 Thread 0x000001d3ca809000 Exception <a 'sun/nio/fs/WindowsException'{0x000000008fa48e88}> (0x000000008fa48e88) thrown at [./src/hotspot/share/prims/jni.cpp, line 615]
Event: 54.797 Thread 0x000001d3ca809000 Implicit null exception at 0x000001d3b4e37994 to 0x000001d3b4e3a718
Event: 54.863 Thread 0x000001d3ca809000 Exception <a 'java/lang/NoSuchMethodError'{0x000000008f6f9160}: 'java.lang.Object java.lang.invoke.Invokers$Holder.linkToTargetMethod(java.lang.Object, java.lang.Object, java.lang.Object, java.lang.Object, int, java.lang.Object, java.lang.Object)'> (0x000000008f6f9160) thrown at [./src/hotspot/share/interpreter/linkResolver.cpp, line 773]
Event: 54.901 Thread 0x000001d3ca809000 Exception <a 'java/lang/NoSuchMethodError'{0x000000008f2ebd30}: 'java.lang.Object java.lang.invoke.DirectMethodHandle$Holder.invokeStatic(java.lang.Object, java.lang.Object, java.lang.Object, java.lang.Object, java.lang.Object, java.lang.Object, java.lang.Object, int)'> (0x000000008f2ebd30) thrown at [./src/hotspot/share/interpreter/linkResolver.cpp, line 773]
Event: 54.901 Thread 0x000001d3ca809000 Exception <a 'java/lang/NoSuchMethodError'{0x000000008f2f0168}: 'java.lang.Object java.lang.invoke.DirectMethodHandle$Holder.invokeSpecial(java.lang.Object, java.lang.Object, java.lang.Object, java.lang.Object, java.lang.Object, java.lang.Object, java.lang.Object, java.lang.Object, int)'> (0x000000008f2f0168) thrown at [./src/hotspot/share/interpreter/linkResolver.cpp, line 773]
Event: 54.901 Thread 0x000001d3ca809000 Exception <a 'java/lang/NoSuchMethodError'{0x000000008f2f3f20}: 'java.lang.Object java.lang.invoke.Invokers$Holder.linkToTargetMethod(java.lang.Object, java.lang.Object, java.lang.Object, java.lang.Object, java.lang.Object, java.lang.Object, int, java.lang.Object)'> (0x000000008f2f3f20) thrown at [./src/hotspot/share/interpreter/linkResolver.cpp, line 773]

Events (20 events):
Event: 54.960 loading class java/util/regex/Pattern$GroupCurly done
Event: 54.961 loading class com/android/ide/common/signing/CertificateInfo
Event: 54.961 loading class com/android/ide/common/signing/CertificateInfo done
Event: 54.961 loading class com/android/tools/build/apkzlib/sign/SigningOptions
Event: 54.961 loading class com/android/tools/build/apkzlib/sign/SigningOptions done
Event: 54.962 loading class com/android/tools/build/apkzlib/sign/AutoValue_SigningOptions$Builder
Event: 54.962 loading class com/android/tools/build/apkzlib/sign/AutoValue_SigningOptions$Builder done
Event: 54.962 loading class com/android/tools/build/apkzlib/sign/SigningOptions$Builder
Event: 54.962 loading class com/android/tools/build/apkzlib/sign/SigningOptions$Builder done
Event: 54.962 loading class com/android/tools/build/apkzlib/sign/AutoValue_SigningOptions
Event: 54.962 loading class com/android/tools/build/apkzlib/sign/AutoValue_SigningOptions done
Event: 54.962 loading class com/android/tools/build/apkzlib/sign/SigningOptions$Validation
Event: 54.962 loading class com/android/tools/build/apkzlib/sign/SigningOptions$Validation done
Event: 54.963 loading class com/android/build/gradle/internal/packaging/IncrementalPackagerBuilder$1
Event: 54.963 loading class com/android/build/gradle/internal/packaging/IncrementalPackagerBuilder$1 done
Event: 54.963 loading class com/android/apksig/util/RunnablesProvider
Event: 54.963 loading class com/android/apksig/util/RunnablesProvider done
Event: 54.963 loading class com/android/apksig/util/RunnablesProvider
Event: 54.963 loading class com/android/apksig/util/RunnablesProvider done
Event: 54.964 Executing VM operation: G1CollectForAllocation


Dynamic libraries:
0x00007ff70fae0000 - 0x00007ff70faea000 	D:\ANDROID STUDIO\jre\bin\java.exe
0x00007ffe3ffb0000 - 0x00007ffe401a5000 	C:\Windows\SYSTEM32\ntdll.dll
0x00007ffe3e940000 - 0x00007ffe3e9fd000 	C:\Windows\System32\KERNEL32.DLL
0x00007ffe3dad0000 - 0x00007ffe3dd98000 	C:\Windows\System32\KERNELBASE.dll
0x00007ffe3d6f0000 - 0x00007ffe3d7f0000 	C:\Windows\System32\ucrtbase.dll
0x00007ffe3a710000 - 0x00007ffe3a729000 	D:\ANDROID STUDIO\jre\bin\jli.dll
0x00007ffe3eb70000 - 0x00007ffe3ed10000 	C:\Windows\System32\USER32.dll
0x00007ffe3d7f0000 - 0x00007ffe3d812000 	C:\Windows\System32\win32u.dll
0x00007ffe3fd20000 - 0x00007ffe3fd4a000 	C:\Windows\System32\GDI32.dll
0x00007ffe3de80000 - 0x00007ffe3df8b000 	C:\Windows\System32\gdi32full.dll
0x00007ffe3cb10000 - 0x00007ffe3cdaa000 	C:\Windows\WinSxS\amd64_microsoft.windows.common-controls_6595b64144ccf1df_6.0.19041.844_none_ca00b6081b84eb1d\COMCTL32.dll
0x00007ffe3d870000 - 0x00007ffe3d90d000 	C:\Windows\System32\msvcp_win.dll
0x00007ffe3eeb0000 - 0x00007ffe3ef4e000 	C:\Windows\System32\msvcrt.dll
0x00007ffe39a60000 - 0x00007ffe39a77000 	D:\ANDROID STUDIO\jre\bin\VCRUNTIME140.dll
0x00007ffe3e830000 - 0x00007ffe3e860000 	C:\Windows\System32\IMM32.DLL
0x00007ffe36e30000 - 0x00007ffe36ecd000 	D:\ANDROID STUDIO\jre\bin\msvcp140.dll
0x00007ffde7bf0000 - 0x00007ffde86ac000 	D:\ANDROID STUDIO\jre\bin\server\jvm.dll
0x00007ffe3f6a0000 - 0x00007ffe3f74c000 	C:\Windows\System32\ADVAPI32.dll
0x00007ffe3ead0000 - 0x00007ffe3eb6b000 	C:\Windows\System32\sechost.dll
0x00007ffe3fd60000 - 0x00007ffe3fe8b000 	C:\Windows\System32\RPCRT4.dll
0x00007ffe3e930000 - 0x00007ffe3e938000 	C:\Windows\System32\PSAPI.DLL
0x00007ffe36390000 - 0x00007ffe363b7000 	C:\Windows\SYSTEM32\WINMM.dll
0x00007ffe36aa0000 - 0x00007ffe36aaa000 	C:\Windows\SYSTEM32\VERSION.dll
0x00007ffe3ac80000 - 0x00007ffe3ac89000 	C:\Windows\SYSTEM32\WSOCK32.dll
0x00007ffe3f750000 - 0x00007ffe3f7bb000 	C:\Windows\System32\WS2_32.dll
0x00007ffe3b970000 - 0x00007ffe3b982000 	C:\Windows\SYSTEM32\kernel.appcore.dll
0x00007ffe3a9a0000 - 0x00007ffe3a9b1000 	D:\ANDROID STUDIO\jre\bin\verify.dll
0x00007ffe3d120000 - 0x00007ffe3d304000 	C:\Windows\SYSTEM32\DBGHELP.DLL
0x00007ffe3ced0000 - 0x00007ffe3cefc000 	C:\Windows\SYSTEM32\dbgcore.DLL
0x00007ffe3df90000 - 0x00007ffe3e010000 	C:\Windows\System32\bcryptPrimitives.dll
0x00007ffe3a8e0000 - 0x00007ffe3a909000 	D:\ANDROID STUDIO\jre\bin\java.dll
0x00007ffe3a930000 - 0x00007ffe3a93b000 	D:\ANDROID STUDIO\jre\bin\jimage.dll
0x00007ffe3a7c0000 - 0x00007ffe3a7d8000 	D:\ANDROID STUDIO\jre\bin\zip.dll
0x00007ffe3ef50000 - 0x00007ffe3f692000 	C:\Windows\System32\SHELL32.dll
0x00007ffe3b1d0000 - 0x00007ffe3b960000 	C:\Windows\SYSTEM32\windows.storage.dll
0x00007ffe3f9a0000 - 0x00007ffe3fcf5000 	C:\Windows\System32\combase.dll
0x00007ffe3ca70000 - 0x00007ffe3ca9c000 	C:\Windows\SYSTEM32\Wldp.dll
0x00007ffe3f7c0000 - 0x00007ffe3f86e000 	C:\Windows\System32\SHCORE.dll
0x00007ffe3ea00000 - 0x00007ffe3ea55000 	C:\Windows\System32\shlwapi.dll
0x00007ffe3d630000 - 0x00007ffe3d64f000 	C:\Windows\SYSTEM32\profapi.dll
0x00007ffe3a360000 - 0x00007ffe3a37a000 	D:\ANDROID STUDIO\jre\bin\net.dll
0x00007ffe34630000 - 0x00007ffe3473b000 	C:\Windows\SYSTEM32\WINHTTP.dll
0x00007ffe3c7d0000 - 0x00007ffe3c83a000 	C:\Windows\system32\mswsock.dll
0x00007ffe3a340000 - 0x00007ffe3a354000 	D:\ANDROID STUDIO\jre\bin\nio.dll
0x00007ffe3a690000 - 0x00007ffe3a6b7000 	C:\Users\vaish\.gradle\native\fdc75f09e3144964f2cf3f50f0aa648679c211496f362492102eb8c894070792\windows-amd64\native-platform.dll
0x00007ffe07df0000 - 0x00007ffe07f86000 	C:\Users\vaish\.gradle\native\12488b8bf47d2d4c9fbf2f6322a914ad602e24e48041cd04a747c6da556b65c4\windows-amd64\native-platform-file-events.dll
0x00007ffe3a920000 - 0x00007ffe3a92a000 	D:\ANDROID STUDIO\jre\bin\management.dll
0x00007ffe3a660000 - 0x00007ffe3a66c000 	D:\ANDROID STUDIO\jre\bin\management_ext.dll
0x00007ffe3d480000 - 0x00007ffe3d498000 	C:\Windows\SYSTEM32\CRYPTSP.dll
0x00007ffe3c1a0000 - 0x00007ffe3c1d4000 	C:\Windows\system32\rsaenh.dll
0x00007ffe3de50000 - 0x00007ffe3de77000 	C:\Windows\System32\bcrypt.dll
0x00007ffe3d5b0000 - 0x00007ffe3d5de000 	C:\Windows\SYSTEM32\USERENV.dll
0x00007ffe3ca60000 - 0x00007ffe3ca6c000 	C:\Windows\SYSTEM32\CRYPTBASE.dll
0x00007ffe3c4d0000 - 0x00007ffe3c50b000 	C:\Windows\SYSTEM32\IPHLPAPI.DLL
0x00007ffe3fd50000 - 0x00007ffe3fd58000 	C:\Windows\System32\NSI.dll
0x00007ffe31270000 - 0x00007ffe31287000 	C:\Windows\SYSTEM32\dhcpcsvc6.DLL
0x00007ffe31250000 - 0x00007ffe3126d000 	C:\Windows\SYSTEM32\dhcpcsvc.DLL
0x00007ffe3c510000 - 0x00007ffe3c5dc000 	C:\Windows\SYSTEM32\DNSAPI.dll
0x00007ffe31310000 - 0x00007ffe3131b000 	C:\Windows\SYSTEM32\WINNSI.DLL
0x00007ffe37e60000 - 0x00007ffe38002000 	D:\ANDROID STUDIO\jre\bin\awt.dll
0x00007ffe3e860000 - 0x00007ffe3e92d000 	C:\Windows\System32\OLEAUT32.dll
0x00007ffe36c30000 - 0x00007ffe36c5f000 	C:\Windows\SYSTEM32\dwmapi.dll
0x00007ffe361b0000 - 0x00007ffe36240000 	C:\Windows\SYSTEM32\apphelp.dll
0x00007ffe362b0000 - 0x00007ffe3634e000 	C:\Windows\system32\uxtheme.dll
0x00007ffe3d440000 - 0x00007ffe3d473000 	C:\Windows\SYSTEM32\ntmarta.dll
0x00007ffe3a020000 - 0x00007ffe3a047000 	D:\ANDROID STUDIO\jre\bin\sunec.dll

dbghelp: loaded successfully - version: 4.0.5 - missing functions: none
symbol engine: initialized successfully - sym options: 0x614 - pdb path: .;D:\ANDROID STUDIO\jre\bin;C:\Windows\SYSTEM32;C:\Windows\WinSxS\amd64_microsoft.windows.common-controls_6595b64144ccf1df_6.0.19041.844_none_ca00b6081b84eb1d;D:\ANDROID STUDIO\jre\bin\server;C:\Users\vaish\.gradle\native\fdc75f09e3144964f2cf3f50f0aa648679c211496f362492102eb8c894070792\windows-amd64;C:\Users\vaish\.gradle\native\12488b8bf47d2d4c9fbf2f6322a914ad602e24e48041cd04a747c6da556b65c4\windows-amd64

VM Arguments:
jvm_args: --add-opens=java.base/java.util=ALL-UNNAMED --add-opens=java.base/java.lang=ALL-UNNAMED --add-opens=java.base/java.lang.invoke=ALL-UNNAMED --add-opens=java.prefs/java.util.prefs=ALL-UNNAMED -Xmx2048m -Dfile.encoding=UTF-8 -Duser.country=US -Duser.language=en -Duser.variant 
java_command: org.gradle.launcher.daemon.bootstrap.GradleDaemon 6.7.1
java_class_path (initial): C:\Users\vaish\.gradle\wrapper\dists\gradle-6.7.1-bin\bwlcbys1h7rz3272sye1xwiv6\gradle-6.7.1\lib\gradle-launcher-6.7.1.jar
Launcher Type: SUN_STANDARD

[Global flags]
     intx CICompilerCount                          = 4                                         {product} {ergonomic}
     uint ConcGCThreads                            = 2                                         {product} {ergonomic}
     uint G1ConcRefinementThreads                  = 8                                         {product} {ergonomic}
   size_t G1HeapRegionSize                         = 1048576                                   {product} {ergonomic}
    uintx GCDrainStackTargetSize                   = 64                                        {product} {ergonomic}
   size_t InitialHeapSize                          = 132120576                                 {product} {ergonomic}
   size_t MarkStackSize                            = 4194304                                   {product} {ergonomic}
   size_t MaxHeapSize                              = 2147483648                                {product} {command line}
   size_t MaxNewSize                               = 1287651328                                {product} {ergonomic}
   size_t MinHeapDeltaBytes                        = 1048576                                   {product} {ergonomic}
    uintx NonNMethodCodeHeapSize                   = 5836300                                {pd product} {ergonomic}
    uintx NonProfiledCodeHeapSize                  = 122910970                              {pd product} {ergonomic}
    uintx ProfiledCodeHeapSize                     = 122910970                              {pd product} {ergonomic}
    uintx ReservedCodeCacheSize                    = 251658240                              {pd product} {ergonomic}
     bool SegmentedCodeCache                       = true                                      {product} {ergonomic}
     bool UseCompressedClassPointers               = true                                 {lp64_product} {ergonomic}
     bool UseCompressedOops                        = true                                 {lp64_product} {ergonomic}
     bool UseG1GC                                  = true                                      {product} {ergonomic}
     bool UseLargePagesIndividualAllocation        = false                                  {pd product} {ergonomic}

Logging:
Log output configuration:
 #0: stdout all=warning uptime,level,tags
 #1: stderr all=off uptime,level,tags

Environment Variables:
PATH=C:\Program Files\Google\Chrome\Application;C:\Program Files (x86)\VMware\VMware Player\bin\;C:\Windows\system32;C:\Windows;C:\Windows\System32\Wbem;C:\Windows\System32\WindowsPowerShell\v1.0\;C:\Windows\System32\OpenSSH\;C:\Program Files (x86)\NVIDIA Corporation\PhysX\Common;C:\Program Files\NVIDIA Corporation\NVIDIA NvDLISR;C:\Users\vaish\AppData\Local\Microsoft\WindowsApps;;C:\Users\vaish\AppData\Local\Programs\Microsoft VS Code\bin
USERNAME=vaish
OS=Windows_NT
PROCESSOR_IDENTIFIER=Intel64 Family 6 Model 142 Stepping 12, GenuineIntel



---------------  S Y S T E M  ---------------

OS: Windows 10 , 64 bit Build 19041 (10.0.19041.928)
OS uptime: 12 days 18:29 hours

CPU:total 8 (initial active 8) (4 cores per cpu, 2 threads per core) family 6 model 142 stepping 12, cmov, cx8, fxsr, mmx, sse, sse2, sse3, ssse3, sse4.1, sse4.2, popcnt, avx, avx2, aes, clmul, erms, 3dnowpref, lzcnt, ht, tsc, tscinvbit, bmi1, bmi2, adx, fma

Memory: 4k page, system-wide physical 8020M (79M free)
TotalPageFile size 32596M (AvailPageFile size 505M)
current process WorkingSet (physical memory assigned to process): 412M, peak: 456M
current process commit charge ("private bytes"): 652M, peak: 1162M

vm_info: OpenJDK 64-Bit Server VM (11.0.8+10-b944.6842174) for windows-amd64 JRE (11.0.8+10-b944.6842174), built on Sep 19 2020 01:11:42 by "builder" with MS VC++ 14.0 (VS2015)

END.
