#
# There is insufficient memory for the Java Runtime Environment to continue.
# Native memory allocation (malloc) failed to allocate 2127696 bytes for Chunk::new
# Possible reasons:
#   The system is out of physical RAM or swap space
#   The process is running with CompressedOops enabled, and the Java Heap may be blocking the growth of the native heap
# Possible solutions:
#   Reduce memory load on the system
#   Increase physical memory or swap space
#   Check if swap backing store is full
#   Decrease Java heap size (-Xmx/-Xms)
#   Decrease number of Java threads
#   Decrease Java thread stack sizes (-Xss)
#   Set larger code cache with -XX:ReservedCodeCacheSize=
#   JVM is running with Unscaled Compressed Oops mode in which the Java heap is
#     placed in the first 4GB address space. The Java Heap base address is the
#     maximum limit for the native heap growth. Please use -XX:HeapBaseMinAddress
#     to set the Java Heap base and to place the Java Heap above 4GB virtual address.
# This output file may be truncated or incomplete.
#
#  Out of Memory Error (./src/hotspot/share/memory/arena.cpp:197), pid=13816, tid=20068
#
# JRE version: OpenJDK Runtime Environment (11.0.8+10) (build 11.0.8+10-b944.6842174)
# Java VM: OpenJDK 64-Bit Server VM (11.0.8+10-b944.6842174, mixed mode, tiered, compressed oops, g1 gc, windows-amd64)
# No core dump will be written. Minidumps are not enabled by default on client versions of Windows
#

---------------  S U M M A R Y ------------

Command Line: --add-opens=java.base/java.util=ALL-UNNAMED --add-opens=java.base/java.lang=ALL-UNNAMED --add-opens=java.base/java.lang.invoke=ALL-UNNAMED --add-opens=java.prefs/java.util.prefs=ALL-UNNAMED -Xmx2048m -Dfile.encoding=UTF-8 -Duser.country=US -Duser.language=en -Duser.variant org.gradle.launcher.daemon.bootstrap.GradleDaemon 6.7.1

Host: Intel(R) Core(TM) i5-10210U CPU @ 1.60GHz, 8 cores, 7G,  Windows 10 , 64 bit Build 19041 (10.0.19041.928)
Time: Wed Jun 16 15:55:22 2021 India Standard Time elapsed time: 43 seconds (0d 0h 0m 43s)

---------------  T H R E A D  ---------------

Current thread (0x000001ac81098800):  JavaThread "C2 CompilerThread0" daemon [_thread_in_native, id=20068, stack(0x0000004d7bd00000,0x0000004d7be00000)]


Current CompileTask:
C2:  43097 5662       4       sun.reflect.generics.parser.SignatureParser::parsePackageNameAndSimpleClassTypeSignature (119 bytes)

Stack: [0x0000004d7bd00000,0x0000004d7be00000]
Native frames: (J=compiled Java code, j=interpreted, Vv=VM code, C=native code)
V  [jvm.dll+0x5de50a]
V  [jvm.dll+0x7122f5]
V  [jvm.dll+0x71384d]
V  [jvm.dll+0x713f03]
V  [jvm.dll+0x23e728]
V  [jvm.dll+0xb899c]
V  [jvm.dll+0xb8e9c]
V  [jvm.dll+0x35020b]
V  [jvm.dll+0x31dea3]
V  [jvm.dll+0x31d39a]
V  [jvm.dll+0x1f7702]
V  [jvm.dll+0x1f68d4]
V  [jvm.dll+0x17f32c]
V  [jvm.dll+0x205047]
V  [jvm.dll+0x203891]
V  [jvm.dll+0x6dad3f]
V  [jvm.dll+0x6d3895]
V  [jvm.dll+0x5dd4a6]
C  [ucrtbase.dll+0x21bb2]
C  [KERNEL32.DLL+0x17034]
C  [ntdll.dll+0x52651]


---------------  P R O C E S S  ---------------

Threads class SMR info:
_java_thread_list=0x000001ac86ca7c40, length=137, elements={
0x000001ace5c2b000, 0x000001ac80717000, 0x000001ac80718000, 0x000001ac81096000,
0x000001ac81097000, 0x000001ac81098800, 0x000001ac8109c800, 0x000001ac8072b800,
0x000001ac811e2000, 0x000001ac811ec800, 0x000001ac8145f800, 0x000001ac812a2000,
0x000001ac81bea800, 0x000001ac827fc800, 0x000001ac827fd800, 0x000001ac81995800,
0x000001ac83032000, 0x000001ac83229000, 0x000001ac82219000, 0x000001ac8221a000,
0x000001ac83026000, 0x000001ac83028800, 0x000001ac8302a000, 0x000001ac83027000,
0x000001ac83028000, 0x000001ac8302b000, 0x000001ac83029800, 0x000001ac8302c000,
0x000001ac8302c800, 0x000001ac83bda800, 0x000001ac83bdc800, 0x000001ac83bdd000,
0x000001ac83bdb800, 0x000001ac83bde000, 0x000001ac83bdf000, 0x000001ac83bd9000,
0x000001ac83bdf800, 0x000001ac83bda000, 0x000001ac83be3000, 0x000001ac83be3800,
0x000001ac83be6000, 0x000001ac83be4800, 0x000001ac83be1800, 0x000001ac83be5800,
0x000001ac83be0800, 0x000001ac83be7000, 0x000001ac83be2000, 0x000001ac830a7800,
0x000001ac830ab800, 0x000001ac830aa000, 0x000001ac830a8800, 0x000001ac830ab000,
0x000001ac830a9800, 0x000001ac830ac800, 0x000001ac830ad800, 0x000001ac830ae000,
0x000001ac81f64000, 0x000001ac81f62800, 0x000001ac81f60000, 0x000001ac81f63800,
0x000001ac81f65000, 0x000001ac81f5f800, 0x000001ac81f66000, 0x000001ac81f66800,
0x000001ac81f61000, 0x000001ac81f67800, 0x000001ac81f61800, 0x000001ac81f6a000,
0x000001ac81f6c800, 0x000001ac81f6a800, 0x000001ac81f68800, 0x000001ac81f6d000,
0x000001ac81f6b800, 0x000001ac81f6e000, 0x000001ac81f69000, 0x000001ac8379b800,
0x000001ac8379e800, 0x000001ac8379f800, 0x000001ac837a0800, 0x000001ac8379c000,
0x000001ac8379a800, 0x000001ac837a2000, 0x000001ac837a1000, 0x000001ac837a3000,
0x000001ac8379d000, 0x000001ac837a3800, 0x000001ac8379e000, 0x000001ac837a6000,
0x000001ac837a5000, 0x000001ac837a7000, 0x000001ac837a7800, 0x000001ac837a8800,
0x000001ac837a9800, 0x000001ac837a4800, 0x000001ac82b9e000, 0x000001ac82ba3000,
0x000001ac82b9f000, 0x000001ac82b9f800, 0x000001ac82ba0800, 0x000001ac82ba1800,
0x000001ac82ba2000, 0x000001ac82b9d000, 0x000001ac82ba4800, 0x000001ac82ba6000,
0x000001ac82ba5800, 0x000001ac82ba4000, 0x000001ac82ba7000, 0x000001ac82ba8800,
0x000001ac82ba8000, 0x000001ac82bac000, 0x000001ac82ba9800, 0x000001ac82bab000,
0x000001ac82baa800, 0x000001ac85534800, 0x000001ac85537800, 0x000001ac85532000,
0x000001ac85537000, 0x000001ac85533000, 0x000001ac85538800, 0x000001ac85535800,
0x000001ac85536000, 0x000001ac85533800, 0x000001ac8553c800, 0x000001ac8553c000,
0x000001ac8553b000, 0x000001ac8553a000, 0x000001ac8553d800, 0x000001ac8553e800,
0x000001ac8553f000, 0x000001ac85539800, 0x000001ac85540000, 0x000001ac85540800,
0x000001ac81e50800, 0x000001ac81e54800, 0x000001ac81e55000, 0x000001ac81e53800,
0x000001ac850bc000
}

Java Threads: ( => current thread )
  0x000001ace5c2b000 JavaThread "main" [_thread_blocked, id=18456, stack(0x0000004d7b200000,0x0000004d7b300000)]
  0x000001ac80717000 JavaThread "Reference Handler" daemon [_thread_blocked, id=23140, stack(0x0000004d7b900000,0x0000004d7ba00000)]
  0x000001ac80718000 JavaThread "Finalizer" daemon [_thread_blocked, id=9232, stack(0x0000004d7ba00000,0x0000004d7bb00000)]
  0x000001ac81096000 JavaThread "Signal Dispatcher" daemon [_thread_blocked, id=6716, stack(0x0000004d7bb00000,0x0000004d7bc00000)]
  0x000001ac81097000 JavaThread "Attach Listener" daemon [_thread_blocked, id=4516, stack(0x0000004d7bc00000,0x0000004d7bd00000)]
=>0x000001ac81098800 JavaThread "C2 CompilerThread0" daemon [_thread_in_native, id=20068, stack(0x0000004d7bd00000,0x0000004d7be00000)]
  0x000001ac8109c800 JavaThread "C1 CompilerThread0" daemon [_thread_blocked, id=20664, stack(0x0000004d7be00000,0x0000004d7bf00000)]
  0x000001ac8072b800 JavaThread "Sweeper thread" daemon [_thread_blocked, id=23020, stack(0x0000004d7bf00000,0x0000004d7c000000)]
  0x000001ac811e2000 JavaThread "Common-Cleaner" daemon [_thread_blocked, id=21744, stack(0x0000004d7c000000,0x0000004d7c100000)]
  0x000001ac811ec800 JavaThread "Service Thread" daemon [_thread_blocked, id=3240, stack(0x0000004d7c100000,0x0000004d7c200000)]
  0x000001ac8145f800 JavaThread "Daemon health stats" [_thread_blocked, id=19132, stack(0x0000004d7c600000,0x0000004d7c700000)]
  0x000001ac812a2000 JavaThread "Incoming local TCP Connector on port 64020" [_thread_in_native, id=3104, stack(0x0000004d7c800000,0x0000004d7c900000)]
  0x000001ac81bea800 JavaThread "Daemon periodic checks" [_thread_blocked, id=7044, stack(0x0000004d7c900000,0x0000004d7ca00000)]
  0x000001ac827fc800 JavaThread "Daemon" [_thread_blocked, id=8120, stack(0x0000004d7ca00000,0x0000004d7cb00000)]
  0x000001ac827fd800 JavaThread "Handler for socket connection from /127.0.0.1:64020 to /127.0.0.1:64022" [_thread_in_native, id=3916, stack(0x0000004d7cb00000,0x0000004d7cc00000)]
  0x000001ac81995800 JavaThread "Cancel handler" [_thread_blocked, id=596, stack(0x0000004d7cc00000,0x0000004d7cd00000)]
  0x000001ac83032000 JavaThread "Daemon worker" [_thread_in_vm, id=16808, stack(0x0000004d7cd00000,0x0000004d7ce00000)]
  0x000001ac83229000 JavaThread "Asynchronous log dispatcher for DefaultDaemonConnection: socket connection from /127.0.0.1:64020 to /127.0.0.1:64022" [_thread_blocked, id=19036, stack(0x0000004d7ce00000,0x0000004d7cf00000)]
  0x000001ac82219000 JavaThread "Stdin handler" [_thread_blocked, id=18692, stack(0x0000004d7cf00000,0x0000004d7d000000)]
  0x000001ac8221a000 JavaThread "Thread-8" [_thread_blocked, id=14020, stack(0x0000004d7d000000,0x0000004d7d100000)]
  0x000001ac83026000 JavaThread "Cache worker for file hash cache (C:\Users\vaish\.gradle\caches\6.7.1\fileHashes)" [_thread_blocked, id=3060, stack(0x0000004d7d600000,0x0000004d7d700000)]
  0x000001ac83028800 JavaThread "File lock request listener" [_thread_in_native, id=8512, stack(0x0000004d7d700000,0x0000004d7d800000)]
  0x000001ac8302a000 JavaThread "Cache worker for journal cache (C:\Users\vaish\.gradle\caches\journal-1)" [_thread_blocked, id=17064, stack(0x0000004d7d900000,0x0000004d7da00000)]
  0x000001ac83027000 JavaThread "Cache worker for file hash cache (C:\Users\vaish\AndroidStudioProjects\Fitnessapp2\.gradle\6.7.1\fileHashes)" [_thread_blocked, id=1492, stack(0x0000004d7da00000,0x0000004d7db00000)]
  0x000001ac83028000 JavaThread "Cache worker for checksums cache (C:\Users\vaish\AndroidStudioProjects\Fitnessapp2\.gradle\checksums)" [_thread_blocked, id=22808, stack(0x0000004d7db00000,0x0000004d7dc00000)]
  0x000001ac8302b000 JavaThread "Cache worker for cache directory md-supplier (C:\Users\vaish\.gradle\caches\6.7.1\md-supplier)" [_thread_blocked, id=2776, stack(0x0000004d7dc00000,0x0000004d7dd00000)]
  0x000001ac83029800 JavaThread "Cache worker for cache directory md-rule (C:\Users\vaish\.gradle\caches\6.7.1\md-rule)" [_thread_blocked, id=6016, stack(0x0000004d7dd00000,0x0000004d7de00000)]
  0x000001ac8302c000 JavaThread "Cache worker for execution history cache (C:\Users\vaish\.gradle\caches\6.7.1\executionHistory)" [_thread_blocked, id=12316, stack(0x0000004d7de00000,0x0000004d7df00000)]
  0x000001ac8302c800 JavaThread "jar transforms" [_thread_blocked, id=17256, stack(0x0000004d7df00000,0x0000004d7e000000)]
  0x000001ac83bda800 JavaThread "Cache worker for file content cache (C:\Users\vaish\.gradle\caches\6.7.1\fileContent)" [_thread_blocked, id=22652, stack(0x0000004d7e000000,0x0000004d7e100000)]
  0x000001ac83bdc800 JavaThread "Cache worker for Build Output Cleanup Cache (C:\Users\vaish\AndroidStudioProjects\Fitnessapp2\.gradle\buildOutputCleanup)" [_thread_blocked, id=19932, stack(0x0000004d7e200000,0x0000004d7e300000)]
  0x000001ac83bdd000 JavaThread "Build operations" [_thread_blocked, id=11396, stack(0x0000004d7e100000,0x0000004d7e200000)]
  0x000001ac83bdb800 JavaThread "Build operations Thread 2" [_thread_blocked, id=19788, stack(0x0000004d7e300000,0x0000004d7e400000)]
  0x000001ac83bde000 JavaThread "Build operations Thread 3" [_thread_blocked, id=22128, stack(0x0000004d7e400000,0x0000004d7e500000)]
  0x000001ac83bdf000 JavaThread "Build operations Thread 4" [_thread_blocked, id=3188, stack(0x0000004d7e500000,0x0000004d7e600000)]
  0x000001ac83bd9000 JavaThread "Build operations Thread 5" [_thread_blocked, id=8632, stack(0x0000004d7e600000,0x0000004d7e700000)]
  0x000001ac83bdf800 JavaThread "Build operations Thread 6" [_thread_blocked, id=22968, stack(0x0000004d7e700000,0x0000004d7e800000)]
  0x000001ac83bda000 JavaThread "Build operations Thread 7" [_thread_blocked, id=8420, stack(0x0000004d7e800000,0x0000004d7e900000)]
  0x000001ac83be3000 JavaThread "Build operations Thread 8" [_thread_blocked, id=1564, stack(0x0000004d7e900000,0x0000004d7ea00000)]
  0x000001ac83be3800 JavaThread "jar transforms Thread 2" [_thread_blocked, id=17904, stack(0x0000004d7ea00000,0x0000004d7eb00000)]
  0x000001ac83be6000 JavaThread "jar transforms Thread 3" [_thread_blocked, id=22356, stack(0x0000004d7eb00000,0x0000004d7ec00000)]
  0x000001ac83be4800 JavaThread "jar transforms Thread 4" [_thread_blocked, id=3452, stack(0x0000004d7ec00000,0x0000004d7ed00000)]
  0x000001ac83be1800 JavaThread "jar transforms Thread 5" [_thread_blocked, id=3628, stack(0x0000004d7ed00000,0x0000004d7ee00000)]
  0x000001ac83be5800 JavaThread "jar transforms Thread 6" [_thread_blocked, id=7812, stack(0x0000004d7ee00000,0x0000004d7ef00000)]
  0x000001ac83be0800 JavaThread "jar transforms Thread 7" [_thread_blocked, id=15860, stack(0x0000004d7ef00000,0x0000004d7f000000)]
  0x000001ac83be7000 JavaThread "jar transforms Thread 8" [_thread_blocked, id=23200, stack(0x0000004d7f000000,0x0000004d7f100000)]
  0x000001ac83be2000 JavaThread "jar transforms Thread 9" [_thread_blocked, id=12352, stack(0x0000004d7f100000,0x0000004d7f200000)]
  0x000001ac830a7800 JavaThread "jar transforms Thread 10" [_thread_blocked, id=22732, stack(0x0000004d7f200000,0x0000004d7f300000)]
  0x000001ac830ab800 JavaThread "jar transforms Thread 11" [_thread_blocked, id=23076, stack(0x0000004d7f300000,0x0000004d7f400000)]
  0x000001ac830aa000 JavaThread "jar transforms Thread 12" [_thread_blocked, id=15508, stack(0x0000004d7f400000,0x0000004d7f500000)]
  0x000001ac830a8800 JavaThread "jar transforms Thread 13" [_thread_blocked, id=9868, stack(0x0000004d7f500000,0x0000004d7f600000)]
  0x000001ac830ab000 JavaThread "jar transforms Thread 14" [_thread_blocked, id=20516, stack(0x0000004d7f600000,0x0000004d7f700000)]
  0x000001ac830a9800 JavaThread "jar transforms Thread 15" [_thread_blocked, id=5604, stack(0x0000004d7f700000,0x0000004d7f800000)]
  0x000001ac830ac800 JavaThread "jar transforms Thread 16" [_thread_blocked, id=2748, stack(0x0000004d7f800000,0x0000004d7f900000)]
  0x000001ac830ad800 JavaThread "jar transforms Thread 17" [_thread_blocked, id=20148, stack(0x0000004d7f900000,0x0000004d7fa00000)]
  0x000001ac830ae000 JavaThread "jar transforms Thread 18" [_thread_blocked, id=1696, stack(0x0000004d7fa00000,0x0000004d7fb00000)]
  0x000001ac81f64000 JavaThread "jar transforms Thread 19" [_thread_blocked, id=14972, stack(0x0000004d7fb00000,0x0000004d7fc00000)]
  0x000001ac81f62800 JavaThread "jar transforms Thread 20" [_thread_blocked, id=22340, stack(0x0000004d7fc00000,0x0000004d7fd00000)]
  0x000001ac81f60000 JavaThread "jar transforms Thread 21" [_thread_blocked, id=11236, stack(0x0000004d7fd00000,0x0000004d7fe00000)]
  0x000001ac81f63800 JavaThread "jar transforms Thread 22" [_thread_blocked, id=22516, stack(0x0000004d7fe00000,0x0000004d7ff00000)]
  0x000001ac81f65000 JavaThread "jar transforms Thread 23" [_thread_blocked, id=6096, stack(0x0000004d7ff00000,0x0000004d80000000)]
  0x000001ac81f5f800 JavaThread "jar transforms Thread 24" [_thread_blocked, id=5168, stack(0x0000004d00000000,0x0000004d00100000)]
  0x000001ac81f66000 JavaThread "jar transforms Thread 25" [_thread_blocked, id=8808, stack(0x0000004d00100000,0x0000004d00200000)]
  0x000001ac81f66800 JavaThread "jar transforms Thread 26" [_thread_blocked, id=18716, stack(0x0000004d00200000,0x0000004d00300000)]
  0x000001ac81f61000 JavaThread "jar transforms Thread 27" [_thread_blocked, id=13732, stack(0x0000004d00300000,0x0000004d00400000)]
  0x000001ac81f67800 JavaThread "jar transforms Thread 28" [_thread_blocked, id=8080, stack(0x0000004d00400000,0x0000004d00500000)]
  0x000001ac81f61800 JavaThread "jar transforms Thread 29" [_thread_blocked, id=16792, stack(0x0000004d00500000,0x0000004d00600000)]
  0x000001ac81f6a000 JavaThread "jar transforms Thread 30" [_thread_blocked, id=14536, stack(0x0000004d00600000,0x0000004d00700000)]
  0x000001ac81f6c800 JavaThread "jar transforms Thread 31" [_thread_blocked, id=22224, stack(0x0000004d00700000,0x0000004d00800000)]
  0x000001ac81f6a800 JavaThread "jar transforms Thread 32" [_thread_blocked, id=10920, stack(0x0000004d00800000,0x0000004d00900000)]
  0x000001ac81f68800 JavaThread "jar transforms Thread 33" [_thread_blocked, id=21960, stack(0x0000004d00900000,0x0000004d00a00000)]
  0x000001ac81f6d000 JavaThread "jar transforms Thread 34" [_thread_blocked, id=2736, stack(0x0000004d00a00000,0x0000004d00b00000)]
  0x000001ac81f6b800 JavaThread "jar transforms Thread 35" [_thread_blocked, id=12984, stack(0x0000004d00b00000,0x0000004d00c00000)]
  0x000001ac81f6e000 JavaThread "jar transforms Thread 36" [_thread_blocked, id=11940, stack(0x0000004d00c00000,0x0000004d00d00000)]
  0x000001ac81f69000 JavaThread "jar transforms Thread 37" [_thread_blocked, id=21188, stack(0x0000004d00d00000,0x0000004d00e00000)]
  0x000001ac8379b800 JavaThread "jar transforms Thread 38" [_thread_blocked, id=19016, stack(0x0000004d00e00000,0x0000004d00f00000)]
  0x000001ac8379e800 JavaThread "jar transforms Thread 39" [_thread_blocked, id=296, stack(0x0000004d00f00000,0x0000004d01000000)]
  0x000001ac8379f800 JavaThread "jar transforms Thread 40" [_thread_blocked, id=22120, stack(0x0000004d01000000,0x0000004d01100000)]
  0x000001ac837a0800 JavaThread "jar transforms Thread 41" [_thread_blocked, id=22800, stack(0x0000004d01100000,0x0000004d01200000)]
  0x000001ac8379c000 JavaThread "jar transforms Thread 42" [_thread_blocked, id=22324, stack(0x0000004d01200000,0x0000004d01300000)]
  0x000001ac8379a800 JavaThread "jar transforms Thread 43" [_thread_blocked, id=7768, stack(0x0000004d01300000,0x0000004d01400000)]
  0x000001ac837a2000 JavaThread "jar transforms Thread 44" [_thread_blocked, id=15936, stack(0x0000004d01400000,0x0000004d01500000)]
  0x000001ac837a1000 JavaThread "jar transforms Thread 45" [_thread_blocked, id=9048, stack(0x0000004d01500000,0x0000004d01600000)]
  0x000001ac837a3000 JavaThread "jar transforms Thread 46" [_thread_blocked, id=3024, stack(0x0000004d01600000,0x0000004d01700000)]
  0x000001ac8379d000 JavaThread "jar transforms Thread 47" [_thread_blocked, id=132, stack(0x0000004d01700000,0x0000004d01800000)]
  0x000001ac837a3800 JavaThread "jar transforms Thread 48" [_thread_blocked, id=6292, stack(0x0000004d01800000,0x0000004d01900000)]
  0x000001ac8379e000 JavaThread "jar transforms Thread 49" [_thread_blocked, id=13448, stack(0x0000004d01900000,0x0000004d01a00000)]
  0x000001ac837a6000 JavaThread "jar transforms Thread 50" [_thread_blocked, id=15084, stack(0x0000004d01a00000,0x0000004d01b00000)]
  0x000001ac837a5000 JavaThread "jar transforms Thread 51" [_thread_blocked, id=15500, stack(0x0000004d01b00000,0x0000004d01c00000)]
  0x000001ac837a7000 JavaThread "jar transforms Thread 52" [_thread_blocked, id=6820, stack(0x0000004d01c00000,0x0000004d01d00000)]
  0x000001ac837a7800 JavaThread "jar transforms Thread 53" [_thread_blocked, id=360, stack(0x0000004d01d00000,0x0000004d01e00000)]
  0x000001ac837a8800 JavaThread "jar transforms Thread 54" [_thread_blocked, id=23484, stack(0x0000004d01e00000,0x0000004d01f00000)]
  0x000001ac837a9800 JavaThread "jar transforms Thread 55" [_thread_blocked, id=14628, stack(0x0000004d01f00000,0x0000004d02000000)]
  0x000001ac837a4800 JavaThread "jar transforms Thread 56" [_thread_blocked, id=22092, stack(0x0000004d02000000,0x0000004d02100000)]
  0x000001ac82b9e000 JavaThread "jar transforms Thread 57" [_thread_blocked, id=17948, stack(0x0000004d02100000,0x0000004d02200000)]
  0x000001ac82ba3000 JavaThread "jar transforms Thread 58" [_thread_blocked, id=2600, stack(0x0000004d02200000,0x0000004d02300000)]
  0x000001ac82b9f000 JavaThread "jar transforms Thread 59" [_thread_blocked, id=4340, stack(0x0000004d02300000,0x0000004d02400000)]
  0x000001ac82b9f800 JavaThread "jar transforms Thread 60" [_thread_blocked, id=14236, stack(0x0000004d02400000,0x0000004d02500000)]
  0x000001ac82ba0800 JavaThread "jar transforms Thread 61" [_thread_blocked, id=6092, stack(0x0000004d02500000,0x0000004d02600000)]
  0x000001ac82ba1800 JavaThread "jar transforms Thread 62" [_thread_blocked, id=10636, stack(0x0000004d02600000,0x0000004d02700000)]
  0x000001ac82ba2000 JavaThread "jar transforms Thread 63" [_thread_blocked, id=19256, stack(0x0000004d02700000,0x0000004d02800000)]
  0x000001ac82b9d000 JavaThread "jar transforms Thread 64" [_thread_blocked, id=15800, stack(0x0000004d02800000,0x0000004d02900000)]
  0x000001ac82ba4800 JavaThread "jar transforms Thread 65" [_thread_blocked, id=19572, stack(0x0000004d02900000,0x0000004d02a00000)]
  0x000001ac82ba6000 JavaThread "jar transforms Thread 66" [_thread_blocked, id=5036, stack(0x0000004d02a00000,0x0000004d02b00000)]
  0x000001ac82ba5800 JavaThread "jar transforms Thread 67" [_thread_blocked, id=12268, stack(0x0000004d02b00000,0x0000004d02c00000)]
  0x000001ac82ba4000 JavaThread "jar transforms Thread 68" [_thread_blocked, id=288, stack(0x0000004d02c00000,0x0000004d02d00000)]
  0x000001ac82ba7000 JavaThread "jar transforms Thread 69" [_thread_blocked, id=9776, stack(0x0000004d02d00000,0x0000004d02e00000)]
  0x000001ac82ba8800 JavaThread "jar transforms Thread 70" [_thread_blocked, id=22592, stack(0x0000004d02e00000,0x0000004d02f00000)]
  0x000001ac82ba8000 JavaThread "jar transforms Thread 71" [_thread_blocked, id=1872, stack(0x0000004d02f00000,0x0000004d03000000)]
  0x000001ac82bac000 JavaThread "jar transforms Thread 72" [_thread_blocked, id=22436, stack(0x0000004d03000000,0x0000004d03100000)]
  0x000001ac82ba9800 JavaThread "jar transforms Thread 73" [_thread_blocked, id=12056, stack(0x0000004d03100000,0x0000004d03200000)]
  0x000001ac82bab000 JavaThread "jar transforms Thread 74" [_thread_blocked, id=5532, stack(0x0000004d03200000,0x0000004d03300000)]
  0x000001ac82baa800 JavaThread "jar transforms Thread 75" [_thread_blocked, id=18788, stack(0x0000004d03300000,0x0000004d03400000)]
  0x000001ac85534800 JavaThread "jar transforms Thread 76" [_thread_blocked, id=22776, stack(0x0000004d03400000,0x0000004d03500000)]
  0x000001ac85537800 JavaThread "jar transforms Thread 77" [_thread_blocked, id=20724, stack(0x0000004d03500000,0x0000004d03600000)]
  0x000001ac85532000 JavaThread "jar transforms Thread 78" [_thread_blocked, id=18640, stack(0x0000004d03600000,0x0000004d03700000)]
  0x000001ac85537000 JavaThread "jar transforms Thread 79" [_thread_blocked, id=5740, stack(0x0000004d03700000,0x0000004d03800000)]
  0x000001ac85533000 JavaThread "jar transforms Thread 80" [_thread_blocked, id=20120, stack(0x0000004d03800000,0x0000004d03900000)]
  0x000001ac85538800 JavaThread "jar transforms Thread 81" [_thread_blocked, id=3972, stack(0x0000004d03900000,0x0000004d03a00000)]
  0x000001ac85535800 JavaThread "jar transforms Thread 82" [_thread_blocked, id=17424, stack(0x0000004d03a00000,0x0000004d03b00000)]
  0x000001ac85536000 JavaThread "jar transforms Thread 83" [_thread_blocked, id=9072, stack(0x0000004d03b00000,0x0000004d03c00000)]
  0x000001ac85533800 JavaThread "jar transforms Thread 84" [_thread_blocked, id=18048, stack(0x0000004d03c00000,0x0000004d03d00000)]
  0x000001ac8553c800 JavaThread "jar transforms Thread 85" [_thread_blocked, id=13244, stack(0x0000004d03d00000,0x0000004d03e00000)]
  0x000001ac8553c000 JavaThread "jar transforms Thread 86" [_thread_blocked, id=18120, stack(0x0000004d03e00000,0x0000004d03f00000)]
  0x000001ac8553b000 JavaThread "jar transforms Thread 87" [_thread_blocked, id=1776, stack(0x0000004d03f00000,0x0000004d04000000)]
  0x000001ac8553a000 JavaThread "jar transforms Thread 88" [_thread_blocked, id=3780, stack(0x0000004d04000000,0x0000004d04100000)]
  0x000001ac8553d800 JavaThread "jar transforms Thread 89" [_thread_blocked, id=6984, stack(0x0000004d04100000,0x0000004d04200000)]
  0x000001ac8553e800 JavaThread "jar transforms Thread 90" [_thread_blocked, id=14340, stack(0x0000004d04200000,0x0000004d04300000)]
  0x000001ac8553f000 JavaThread "jar transforms Thread 91" [_thread_blocked, id=19320, stack(0x0000004d04300000,0x0000004d04400000)]
  0x000001ac85539800 JavaThread "jar transforms Thread 92" [_thread_blocked, id=21440, stack(0x0000004d04400000,0x0000004d04500000)]
  0x000001ac85540000 JavaThread "jar transforms Thread 93" [_thread_blocked, id=8528, stack(0x0000004d04500000,0x0000004d04600000)]
  0x000001ac85540800 JavaThread "jar transforms Thread 94" [_thread_blocked, id=20524, stack(0x0000004d04600000,0x0000004d04700000)]
  0x000001ac81e50800 JavaThread "jar transforms Thread 95" [_thread_blocked, id=7448, stack(0x0000004d04700000,0x0000004d04800000)]
  0x000001ac81e54800 JavaThread "jar transforms Thread 96" [_thread_blocked, id=9240, stack(0x0000004d04800000,0x0000004d04900000)]
  0x000001ac81e55000 JavaThread "jar transforms Thread 97" [_thread_blocked, id=8172, stack(0x0000004d04900000,0x0000004d04a00000)]
  0x000001ac81e53800 JavaThread "Memory manager" [_thread_blocked, id=11540, stack(0x0000004d04a00000,0x0000004d04b00000)]
  0x000001ac850bc000 JavaThread "C2 CompilerThread1" daemon [_thread_in_native, id=14996, stack(0x0000004d04b00000,0x0000004d04c00000)]

Other Threads:
  0x000001ac80714000 VMThread "VM Thread" [stack: 0x0000004d7b800000,0x0000004d7b900000] [id=11868]
  0x000001ac811ee800 WatcherThread [stack: 0x0000004d7c200000,0x0000004d7c300000] [id=7216]
  0x000001ace5c40800 GCTaskThread "GC Thread#0" [stack: 0x0000004d7b300000,0x0000004d7b400000] [id=3884]
  0x000001ac8112f800 GCTaskThread "GC Thread#1" [stack: 0x0000004d7c300000,0x0000004d7c400000] [id=17516]
  0x000001ac81130000 GCTaskThread "GC Thread#2" [stack: 0x0000004d7c400000,0x0000004d7c500000] [id=6964]
  0x000001ac818ef000 GCTaskThread "GC Thread#3" [stack: 0x0000004d7d100000,0x0000004d7d200000] [id=20872]
  0x000001ac82218000 GCTaskThread "GC Thread#4" [stack: 0x0000004d7d200000,0x0000004d7d300000] [id=22720]
  0x000001ac81f26800 GCTaskThread "GC Thread#5" [stack: 0x0000004d7d300000,0x0000004d7d400000] [id=23384]
  0x000001ac820f5000 GCTaskThread "GC Thread#6" [stack: 0x0000004d7d400000,0x0000004d7d500000] [id=17260]
  0x000001ac81b3a800 GCTaskThread "GC Thread#7" [stack: 0x0000004d7d500000,0x0000004d7d600000] [id=11736]
  0x000001ace5c75000 ConcurrentGCThread "G1 Main Marker" [stack: 0x0000004d7b400000,0x0000004d7b500000] [id=10160]
  0x000001ace5c76800 ConcurrentGCThread "G1 Conc#0" [stack: 0x0000004d7b500000,0x0000004d7b600000] [id=4400]
  0x000001ac82d1f800 ConcurrentGCThread "G1 Conc#1" [stack: 0x0000004d7d800000,0x0000004d7d900000] [id=20768]
  0x000001ace5d07000 ConcurrentGCThread "G1 Refine#0" [stack: 0x0000004d7b600000,0x0000004d7b700000] [id=14824]
  0x000001ac80560800 ConcurrentGCThread "G1 Young RemSet Sampling" [stack: 0x0000004d7b700000,0x0000004d7b800000] [id=11244]

Threads with active compile tasks:
C2 CompilerThread0  43153 5662       4       sun.reflect.generics.parser.SignatureParser::parsePackageNameAndSimpleClassTypeSignature (119 bytes)
C2 CompilerThread1  43153 5705       4       java.net.URLClassLoader$1::run (5 bytes)

VM state:not at safepoint (normal execution)

VM Mutex/Monitor currently owned by a thread: None

Heap address: 0x0000000080000000, size: 2048 MB, Compressed Oops mode: 32-bit
Narrow klass base: 0x0000000000000000, Narrow klass shift: 3
Compressed class space size: 1073741824 Address: 0x0000000100000000

Heap:
 garbage-first heap   total 129024K, used 52650K [0x0000000080000000, 0x0000000100000000)
  region size 1024K, 12 young (12288K), 5 survivors (5120K)
 Metaspace       used 62910K, capacity 64391K, committed 64460K, reserved 1105920K
  class space    used 8142K, capacity 8646K, committed 8704K, reserved 1048576K
Heap Regions: E=young(eden), S=young(survivor), O=old, HS=humongous(starts), HC=humongous(continues), CS=collection set, F=free, A=archive, TAMS=top-at-mark-start (previous, next)
|   0|0x0000000080000000, 0x0000000080100000, 0x0000000080100000|100%| O|  |TAMS 0x0000000080100000, 0x0000000080000000| Untracked 
|   1|0x0000000080100000, 0x0000000080200000, 0x0000000080200000|100%| O|  |TAMS 0x0000000080200000, 0x0000000080100000| Untracked 
|   2|0x0000000080200000, 0x0000000080300000, 0x0000000080300000|100%| O|  |TAMS 0x0000000080300000, 0x0000000080200000| Untracked 
|   3|0x0000000080300000, 0x0000000080400000, 0x0000000080400000|100%|HS|  |TAMS 0x0000000080400000, 0x0000000080300000| Complete 
|   4|0x0000000080400000, 0x0000000080500000, 0x0000000080500000|100%|HC|  |TAMS 0x0000000080500000, 0x0000000080400000| Complete 
|   5|0x0000000080500000, 0x0000000080600000, 0x0000000080600000|100%|HC|  |TAMS 0x0000000080600000, 0x0000000080500000| Complete 
|   6|0x0000000080600000, 0x0000000080700000, 0x0000000080700000|100%| O|  |TAMS 0x0000000080700000, 0x0000000080600000| Untracked 
|   7|0x0000000080700000, 0x0000000080800000, 0x0000000080800000|100%| O|  |TAMS 0x0000000080800000, 0x0000000080700000| Untracked 
|   8|0x0000000080800000, 0x0000000080900000, 0x0000000080900000|100%| O|  |TAMS 0x0000000080900000, 0x0000000080800000| Untracked 
|   9|0x0000000080900000, 0x0000000080a00000, 0x0000000080a00000|100%| O|  |TAMS 0x0000000080a00000, 0x0000000080900000| Untracked 
|  10|0x0000000080a00000, 0x0000000080b00000, 0x0000000080b00000|100%| O|  |TAMS 0x0000000080b00000, 0x0000000080a00000| Untracked 
|  11|0x0000000080b00000, 0x0000000080c00000, 0x0000000080c00000|100%| O|  |TAMS 0x0000000080c00000, 0x0000000080b00000| Untracked 
|  12|0x0000000080c00000, 0x0000000080d00000, 0x0000000080d00000|100%| O|  |TAMS 0x0000000080d00000, 0x0000000080c00000| Untracked 
|  13|0x0000000080d00000, 0x0000000080e00000, 0x0000000080e00000|100%| O|  |TAMS 0x0000000080e00000, 0x0000000080d00000| Untracked 
|  14|0x0000000080e00000, 0x0000000080f00000, 0x0000000080f00000|100%| O|  |TAMS 0x0000000080f00000, 0x0000000080e00000| Untracked 
|  15|0x0000000080f00000, 0x0000000081000000, 0x0000000081000000|100%| O|  |TAMS 0x0000000081000000, 0x0000000080f00000| Untracked 
|  16|0x0000000081000000, 0x0000000081100000, 0x0000000081100000|100%| O|  |TAMS 0x0000000081100000, 0x0000000081000000| Untracked 
|  17|0x0000000081100000, 0x0000000081200000, 0x0000000081200000|100%| O|  |TAMS 0x0000000081200000, 0x0000000081100000| Untracked 
|  18|0x0000000081200000, 0x0000000081300000, 0x0000000081300000|100%| O|  |TAMS 0x0000000081300000, 0x0000000081200000| Untracked 
|  19|0x0000000081300000, 0x0000000081400000, 0x0000000081400000|100%| O|  |TAMS 0x0000000081400000, 0x0000000081300000| Untracked 
|  20|0x0000000081400000, 0x0000000081500000, 0x0000000081500000|100%| O|  |TAMS 0x0000000081500000, 0x0000000081400000| Untracked 
|  21|0x0000000081500000, 0x0000000081600000, 0x0000000081600000|100%| O|  |TAMS 0x0000000081600000, 0x0000000081500000| Untracked 
|  22|0x0000000081600000, 0x0000000081700000, 0x0000000081700000|100%|HS|  |TAMS 0x0000000081700000, 0x0000000081600000| Complete 
|  23|0x0000000081700000, 0x0000000081800000, 0x0000000081800000|100%|HS|  |TAMS 0x0000000081800000, 0x0000000081700000| Complete 
|  24|0x0000000081800000, 0x0000000081900000, 0x0000000081900000|100%|HC|  |TAMS 0x0000000081900000, 0x0000000081800000| Complete 
|  25|0x0000000081900000, 0x0000000081a00000, 0x0000000081a00000|100%| O|  |TAMS 0x0000000081a00000, 0x0000000081900000| Untracked 
|  26|0x0000000081a00000, 0x0000000081b00000, 0x0000000081b00000|100%| O|  |TAMS 0x0000000081b00000, 0x0000000081a00000| Untracked 
|  27|0x0000000081b00000, 0x0000000081c00000, 0x0000000081c00000|100%| O|  |TAMS 0x0000000081c00000, 0x0000000081b00000| Untracked 
|  28|0x0000000081c00000, 0x0000000081d00000, 0x0000000081d00000|100%| O|  |TAMS 0x0000000081d00000, 0x0000000081c00000| Untracked 
|  29|0x0000000081d00000, 0x0000000081e00000, 0x0000000081e00000|100%| O|  |TAMS 0x0000000081e00000, 0x0000000081d00000| Untracked 
|  30|0x0000000081e00000, 0x0000000081f00000, 0x0000000081f00000|100%| O|  |TAMS 0x0000000081f00000, 0x0000000081e00000| Untracked 
|  31|0x0000000081f00000, 0x0000000082000000, 0x0000000082000000|100%| O|  |TAMS 0x0000000082000000, 0x0000000081f00000| Untracked 
|  32|0x0000000082000000, 0x0000000082100000, 0x0000000082100000|100%| O|  |TAMS 0x0000000082100000, 0x0000000082000000| Untracked 
|  33|0x0000000082100000, 0x0000000082200000, 0x0000000082200000|100%| O|  |TAMS 0x0000000082200000, 0x0000000082100000| Untracked 
|  34|0x0000000082200000, 0x0000000082300000, 0x0000000082300000|100%| O|  |TAMS 0x0000000082300000, 0x0000000082200000| Untracked 
|  35|0x0000000082300000, 0x0000000082400000, 0x0000000082400000|100%| O|  |TAMS 0x0000000082400000, 0x0000000082300000| Untracked 
|  36|0x0000000082400000, 0x0000000082500000, 0x0000000082500000|100%| O|  |TAMS 0x00000000824f6800, 0x0000000082400000| Untracked 
|  37|0x0000000082500000, 0x0000000082600000, 0x0000000082600000|100%| O|  |TAMS 0x0000000082500000, 0x0000000082500000| Untracked 
|  38|0x0000000082600000, 0x0000000082700000, 0x0000000082700000|100%| O|  |TAMS 0x0000000082600000, 0x0000000082600000| Untracked 
|  39|0x0000000082700000, 0x0000000082800000, 0x0000000082800000|100%| O|  |TAMS 0x0000000082700000, 0x0000000082700000| Untracked 
|  40|0x0000000082800000, 0x000000008286a800, 0x0000000082900000| 41%| O|  |TAMS 0x0000000082800000, 0x0000000082800000| Untracked 
|  41|0x0000000082900000, 0x0000000082900000, 0x0000000082a00000|  0%| F|  |TAMS 0x0000000082900000, 0x0000000082900000| Untracked 
|  42|0x0000000082a00000, 0x0000000082a00000, 0x0000000082b00000|  0%| F|  |TAMS 0x0000000082a00000, 0x0000000082a00000| Untracked 
|  43|0x0000000082b00000, 0x0000000082b00000, 0x0000000082c00000|  0%| F|  |TAMS 0x0000000082b00000, 0x0000000082b00000| Untracked 
|  44|0x0000000082c00000, 0x0000000082c00000, 0x0000000082d00000|  0%| F|  |TAMS 0x0000000082c00000, 0x0000000082c00000| Untracked 
|  45|0x0000000082d00000, 0x0000000082d00000, 0x0000000082e00000|  0%| F|  |TAMS 0x0000000082d00000, 0x0000000082d00000| Untracked 
|  46|0x0000000082e00000, 0x0000000082e00000, 0x0000000082f00000|  0%| F|  |TAMS 0x0000000082e00000, 0x0000000082e00000| Untracked 
|  47|0x0000000082f00000, 0x0000000082f00000, 0x0000000083000000|  0%| F|  |TAMS 0x0000000082f00000, 0x0000000082f00000| Untracked 
|  48|0x0000000083000000, 0x0000000083000000, 0x0000000083100000|  0%| F|  |TAMS 0x0000000083000000, 0x0000000083000000| Untracked 
|  49|0x0000000083100000, 0x0000000083100000, 0x0000000083200000|  0%| F|  |TAMS 0x0000000083100000, 0x0000000083100000| Untracked 
|  50|0x0000000083200000, 0x0000000083200000, 0x0000000083300000|  0%| F|  |TAMS 0x0000000083200000, 0x0000000083200000| Untracked 
|  51|0x0000000083300000, 0x0000000083300000, 0x0000000083400000|  0%| F|  |TAMS 0x0000000083300000, 0x0000000083300000| Untracked 
|  52|0x0000000083400000, 0x0000000083400000, 0x0000000083500000|  0%| F|  |TAMS 0x0000000083400000, 0x0000000083400000| Untracked 
|  53|0x0000000083500000, 0x0000000083500000, 0x0000000083600000|  0%| F|  |TAMS 0x0000000083500000, 0x0000000083500000| Untracked 
|  54|0x0000000083600000, 0x0000000083600000, 0x0000000083700000|  0%| F|  |TAMS 0x0000000083600000, 0x0000000083600000| Untracked 
|  55|0x0000000083700000, 0x0000000083700000, 0x0000000083800000|  0%| F|  |TAMS 0x0000000083700000, 0x0000000083700000| Untracked 
|  56|0x0000000083800000, 0x0000000083800000, 0x0000000083900000|  0%| F|  |TAMS 0x0000000083800000, 0x0000000083800000| Untracked 
|  57|0x0000000083900000, 0x0000000083900000, 0x0000000083a00000|  0%| F|  |TAMS 0x0000000083900000, 0x0000000083900000| Untracked 
|  58|0x0000000083a00000, 0x0000000083a00000, 0x0000000083b00000|  0%| F|  |TAMS 0x0000000083a00000, 0x0000000083a00000| Untracked 
|  59|0x0000000083b00000, 0x0000000083b00000, 0x0000000083c00000|  0%| F|  |TAMS 0x0000000083b00000, 0x0000000083b00000| Untracked 
|  60|0x0000000083c00000, 0x0000000083c00000, 0x0000000083d00000|  0%| F|  |TAMS 0x0000000083c00000, 0x0000000083c00000| Untracked 
|  61|0x0000000083d00000, 0x0000000083d00000, 0x0000000083e00000|  0%| F|  |TAMS 0x0000000083d00000, 0x0000000083d00000| Untracked 
|  62|0x0000000083e00000, 0x0000000083e00000, 0x0000000083f00000|  0%| F|  |TAMS 0x0000000083e00000, 0x0000000083e00000| Untracked 
|  63|0x0000000083f00000, 0x0000000083f00000, 0x0000000084000000|  0%| F|  |TAMS 0x0000000083f00000, 0x0000000083f00000| Untracked 
|  64|0x0000000084000000, 0x0000000084000000, 0x0000000084100000|  0%| F|  |TAMS 0x0000000084000000, 0x0000000084000000| Untracked 
|  65|0x0000000084100000, 0x0000000084100000, 0x0000000084200000|  0%| F|  |TAMS 0x0000000084100000, 0x0000000084100000| Untracked 
|  66|0x0000000084200000, 0x0000000084200000, 0x0000000084300000|  0%| F|  |TAMS 0x0000000084200000, 0x0000000084200000| Untracked 
|  67|0x0000000084300000, 0x0000000084300000, 0x0000000084400000|  0%| F|  |TAMS 0x0000000084300000, 0x0000000084300000| Untracked 
|  68|0x0000000084400000, 0x0000000084400000, 0x0000000084500000|  0%| F|  |TAMS 0x0000000084400000, 0x0000000084400000| Untracked 
|  69|0x0000000084500000, 0x0000000084500000, 0x0000000084600000|  0%| F|  |TAMS 0x0000000084500000, 0x0000000084500000| Untracked 
|  70|0x0000000084600000, 0x0000000084600000, 0x0000000084700000|  0%| F|  |TAMS 0x0000000084600000, 0x0000000084600000| Untracked 
|  71|0x0000000084700000, 0x0000000084800000, 0x0000000084800000|100%| S|CS|TAMS 0x0000000084700000, 0x0000000084700000| Complete 
|  72|0x0000000084800000, 0x0000000084900000, 0x0000000084900000|100%| S|CS|TAMS 0x0000000084800000, 0x0000000084800000| Complete 
|  73|0x0000000084900000, 0x0000000084a00000, 0x0000000084a00000|100%| S|CS|TAMS 0x0000000084900000, 0x0000000084900000| Complete 
|  74|0x0000000084a00000, 0x0000000084b00000, 0x0000000084b00000|100%| S|CS|TAMS 0x0000000084a00000, 0x0000000084a00000| Complete 
|  75|0x0000000084b00000, 0x0000000084c00000, 0x0000000084c00000|100%| S|CS|TAMS 0x0000000084b00000, 0x0000000084b00000| Complete 
|  76|0x0000000084c00000, 0x0000000084c00000, 0x0000000084d00000|  0%| F|  |TAMS 0x0000000084c00000, 0x0000000084c00000| Untracked 
|  77|0x0000000084d00000, 0x0000000084d00000, 0x0000000084e00000|  0%| F|  |TAMS 0x0000000084d00000, 0x0000000084d00000| Untracked 
|  78|0x0000000084e00000, 0x0000000084e00000, 0x0000000084f00000|  0%| F|  |TAMS 0x0000000084e00000, 0x0000000084e00000| Untracked 
|  79|0x0000000084f00000, 0x0000000084f00000, 0x0000000085000000|  0%| F|  |TAMS 0x0000000084f00000, 0x0000000084f00000| Untracked 
|  80|0x0000000085000000, 0x0000000085000000, 0x0000000085100000|  0%| F|  |TAMS 0x0000000085000000, 0x0000000085000000| Untracked 
|  81|0x0000000085100000, 0x0000000085100000, 0x0000000085200000|  0%| F|  |TAMS 0x0000000085100000, 0x0000000085100000| Untracked 
|  82|0x0000000085200000, 0x0000000085200000, 0x0000000085300000|  0%| F|  |TAMS 0x0000000085200000, 0x0000000085200000| Untracked 
|  83|0x0000000085300000, 0x0000000085300000, 0x0000000085400000|  0%| F|  |TAMS 0x0000000085300000, 0x0000000085300000| Untracked 
|  84|0x0000000085400000, 0x0000000085400000, 0x0000000085500000|  0%| F|  |TAMS 0x0000000085400000, 0x0000000085400000| Untracked 
|  85|0x0000000085500000, 0x0000000085500000, 0x0000000085600000|  0%| F|  |TAMS 0x0000000085500000, 0x0000000085500000| Untracked 
|  86|0x0000000085600000, 0x0000000085600000, 0x0000000085700000|  0%| F|  |TAMS 0x0000000085600000, 0x0000000085600000| Untracked 
|  87|0x0000000085700000, 0x0000000085700000, 0x0000000085800000|  0%| F|  |TAMS 0x0000000085700000, 0x0000000085700000| Untracked 
|  88|0x0000000085800000, 0x0000000085800000, 0x0000000085900000|  0%| F|  |TAMS 0x0000000085800000, 0x0000000085800000| Untracked 
|  89|0x0000000085900000, 0x0000000085900000, 0x0000000085a00000|  0%| F|  |TAMS 0x0000000085900000, 0x0000000085900000| Untracked 
|  90|0x0000000085a00000, 0x0000000085a00000, 0x0000000085b00000|  0%| F|  |TAMS 0x0000000085a00000, 0x0000000085a00000| Untracked 
|  91|0x0000000085b00000, 0x0000000085b00000, 0x0000000085c00000|  0%| F|  |TAMS 0x0000000085b00000, 0x0000000085b00000| Untracked 
|  92|0x0000000085c00000, 0x0000000085c00000, 0x0000000085d00000|  0%| F|  |TAMS 0x0000000085c00000, 0x0000000085c00000| Untracked 
|  93|0x0000000085d00000, 0x0000000085d00000, 0x0000000085e00000|  0%| F|  |TAMS 0x0000000085d00000, 0x0000000085d00000| Untracked 
|  94|0x0000000085e00000, 0x0000000085e00000, 0x0000000085f00000|  0%| F|  |TAMS 0x0000000085e00000, 0x0000000085e00000| Untracked 
|  95|0x0000000085f00000, 0x0000000085f00000, 0x0000000086000000|  0%| F|  |TAMS 0x0000000085f00000, 0x0000000085f00000| Untracked 
|  96|0x0000000086000000, 0x0000000086000000, 0x0000000086100000|  0%| F|  |TAMS 0x0000000086000000, 0x0000000086000000| Untracked 
|  97|0x0000000086100000, 0x0000000086100000, 0x0000000086200000|  0%| F|  |TAMS 0x0000000086100000, 0x0000000086100000| Untracked 
|  98|0x0000000086200000, 0x0000000086200000, 0x0000000086300000|  0%| F|  |TAMS 0x0000000086200000, 0x0000000086200000| Untracked 
|  99|0x0000000086300000, 0x0000000086300000, 0x0000000086400000|  0%| F|  |TAMS 0x0000000086300000, 0x0000000086300000| Untracked 
| 100|0x0000000086400000, 0x0000000086400000, 0x0000000086500000|  0%| F|  |TAMS 0x0000000086400000, 0x0000000086400000| Untracked 
| 101|0x0000000086500000, 0x0000000086500000, 0x0000000086600000|  0%| F|  |TAMS 0x0000000086500000, 0x0000000086500000| Untracked 
| 102|0x0000000086600000, 0x0000000086600000, 0x0000000086700000|  0%| F|  |TAMS 0x0000000086600000, 0x0000000086600000| Untracked 
| 103|0x0000000086700000, 0x0000000086700000, 0x0000000086800000|  0%| F|  |TAMS 0x0000000086700000, 0x0000000086700000| Untracked 
| 104|0x0000000086800000, 0x0000000086800000, 0x0000000086900000|  0%| F|  |TAMS 0x0000000086800000, 0x0000000086800000| Untracked 
| 105|0x0000000086900000, 0x0000000086900000, 0x0000000086a00000|  0%| F|  |TAMS 0x0000000086900000, 0x0000000086900000| Untracked 
| 106|0x0000000086a00000, 0x0000000086a00000, 0x0000000086b00000|  0%| F|  |TAMS 0x0000000086a00000, 0x0000000086a00000| Untracked 
| 107|0x0000000086b00000, 0x0000000086b00000, 0x0000000086c00000|  0%| F|  |TAMS 0x0000000086b00000, 0x0000000086b00000| Untracked 
| 108|0x0000000086c00000, 0x0000000086c00000, 0x0000000086d00000|  0%| F|  |TAMS 0x0000000086c00000, 0x0000000086c00000| Untracked 
| 109|0x0000000086d00000, 0x0000000086d00000, 0x0000000086e00000|  0%| F|  |TAMS 0x0000000086d00000, 0x0000000086d00000| Untracked 
| 110|0x0000000086e00000, 0x0000000086e00000, 0x0000000086f00000|  0%| F|  |TAMS 0x0000000086e00000, 0x0000000086e00000| Untracked 
| 111|0x0000000086f00000, 0x0000000086f00000, 0x0000000087000000|  0%| F|  |TAMS 0x0000000086f00000, 0x0000000086f00000| Untracked 
| 112|0x0000000087000000, 0x0000000087000000, 0x0000000087100000|  0%| F|  |TAMS 0x0000000087000000, 0x0000000087000000| Untracked 
| 113|0x0000000087100000, 0x0000000087100000, 0x0000000087200000|  0%| F|  |TAMS 0x0000000087100000, 0x0000000087100000| Untracked 
| 114|0x0000000087200000, 0x0000000087200000, 0x0000000087300000|  0%| F|  |TAMS 0x0000000087200000, 0x0000000087200000| Untracked 
| 115|0x0000000087300000, 0x0000000087300000, 0x0000000087400000|  0%| F|  |TAMS 0x0000000087300000, 0x0000000087300000| Untracked 
| 116|0x0000000087400000, 0x0000000087400000, 0x0000000087500000|  0%| F|  |TAMS 0x0000000087400000, 0x0000000087400000| Untracked 
| 117|0x0000000087500000, 0x0000000087500000, 0x0000000087600000|  0%| F|  |TAMS 0x0000000087500000, 0x0000000087500000| Untracked 
| 118|0x0000000087600000, 0x0000000087600000, 0x0000000087700000|  0%| F|  |TAMS 0x0000000087600000, 0x0000000087600000| Untracked 
| 119|0x0000000087700000, 0x0000000087780800, 0x0000000087800000| 50%| E|  |TAMS 0x0000000087700000, 0x0000000087700000| Complete 
| 120|0x0000000087800000, 0x0000000087900000, 0x0000000087900000|100%| E|CS|TAMS 0x0000000087800000, 0x0000000087800000| Complete 
| 121|0x0000000087900000, 0x0000000087a00000, 0x0000000087a00000|100%| E|CS|TAMS 0x0000000087900000, 0x0000000087900000| Complete 
| 122|0x0000000087a00000, 0x0000000087b00000, 0x0000000087b00000|100%| E|CS|TAMS 0x0000000087a00000, 0x0000000087a00000| Complete 
| 123|0x0000000087b00000, 0x0000000087c00000, 0x0000000087c00000|100%| E|CS|TAMS 0x0000000087b00000, 0x0000000087b00000| Complete 
| 124|0x0000000087c00000, 0x0000000087d00000, 0x0000000087d00000|100%| E|CS|TAMS 0x0000000087c00000, 0x0000000087c00000| Complete 
| 125|0x0000000087d00000, 0x0000000087e00000, 0x0000000087e00000|100%| E|CS|TAMS 0x0000000087d00000, 0x0000000087d00000| Complete 

Card table byte_map: [0x000001acf9420000,0x000001acf9820000] _byte_map_base: 0x000001acf9020000

Marking Bits (Prev, Next): (CMBitMap*) 0x000001ace5c6b470, (CMBitMap*) 0x000001ace5c6b438
 Prev Bits: [0x000001acfbc20000, 0x000001acfdc20000)
 Next Bits: [0x000001acf9c20000, 0x000001acfbc20000)

Polling page: 0x000001ace45d0000

Metaspace:

Usage:
  Non-class:     54.44 MB capacity,    53.50 MB ( 98%) used,   824.13 KB (  1%) free+waste,   136.63 KB ( <1%) overhead. 
      Class:      8.47 MB capacity,     7.96 MB ( 94%) used,   461.81 KB (  5%) free+waste,    64.13 KB ( <1%) overhead. 
       Both:     62.91 MB capacity,    61.46 MB ( 98%) used,     1.26 MB (  2%) free+waste,   200.75 KB ( <1%) overhead. 

Virtual space:
  Non-class space:       56.00 MB reserved,      54.45 MB ( 97%) committed 
      Class space:        1.00 GB reserved,       8.50 MB ( <1%) committed 
             Both:        1.05 GB reserved,      62.95 MB (  6%) committed 

Chunk freelists:
   Non-Class:  11.00 KB
       Class:  26.00 KB
        Both:  37.00 KB

MaxMetaspaceSize: 17179869184.00 GB
CompressedClassSpaceSize: 1.00 GB

CodeHeap 'non-profiled nmethods': size=120000Kb used=2952Kb max_used=2952Kb free=117047Kb
 bounds [0x000001acf1080000, 0x000001acf1370000, 0x000001acf85b0000]
CodeHeap 'profiled nmethods': size=120000Kb used=11736Kb max_used=11736Kb free=108263Kb
 bounds [0x000001ace9b50000, 0x000001acea6d0000, 0x000001acf1080000]
CodeHeap 'non-nmethods': size=5760Kb used=2233Kb max_used=2270Kb free=3526Kb
 bounds [0x000001ace95b0000, 0x000001ace9820000, 0x000001ace9b50000]
 total_blobs=6267 nmethods=5452 adapters=726
 compilation: enabled
              stopped_count=0, restarted_count=0
 full_count=0

Compilation events (20 events):
Event: 42.964 Thread 0x000001ac8109c800 5693       3       com.google.common.collect.ImmutableMap::copyOf (41 bytes)
Event: 42.965 Thread 0x000001ac8109c800 nmethod 5693 0x000001acea6b9390 code [0x000001acea6b95c0, 0x000001acea6b9e58]
Event: 42.965 Thread 0x000001ac8109c800 5691       3       com.google.common.collect.RegularImmutableMap::get (13 bytes)
Event: 42.965 Thread 0x000001ac8109c800 nmethod 5691 0x000001acea6ba090 code [0x000001acea6ba240, 0x000001acea6ba388]
Event: 42.970 Thread 0x000001ac8109c800 5694       3       org.gradle.api.internal.DefaultMutationGuard::newActionWithMutation (11 bytes)
Event: 42.970 Thread 0x000001ac8109c800 nmethod 5694 0x000001acea6ba410 code [0x000001acea6ba5e0, 0x000001acea6ba8b8]
Event: 42.970 Thread 0x000001ac8109c800 5695       3       org.gradle.api.internal.DefaultMutationGuard$2::<init> (20 bytes)
Event: 42.970 Thread 0x000001ac8109c800 nmethod 5695 0x000001acea6baa10 code [0x000001acea6babc0, 0x000001acea6badd8]
Event: 42.971 Thread 0x000001ac8109c800 5696       3       org.gradle.api.internal.AbstractMutationGuard::withMutationDisabled (7 bytes)
Event: 42.971 Thread 0x000001ac8109c800 nmethod 5696 0x000001acea6bae90 code [0x000001acea6bb040, 0x000001acea6bb208]
Event: 42.971 Thread 0x000001ac8109c800 5697       1       org.gradle.api.internal.DefaultNamedDomainObjectCollection$AbstractNamedDomainObjectProvider::getName (5 bytes)
Event: 42.972 Thread 0x000001ac8109c800 nmethod 5697 0x000001acf1360510 code [0x000001acf13606c0, 0x000001acf1360778]
Event: 42.981 Thread 0x000001ac8109c800 5698       1       org.gradle.api.internal.DefaultNamedDomainObjectCollection$AbstractNamedDomainObjectProvider::getType (5 bytes)
Event: 42.981 Thread 0x000001ac8109c800 nmethod 5698 0x000001acf1360810 code [0x000001acf13609c0, 0x000001acf1360a78]
Event: 42.982 Thread 0x000001ac8109c800 5699       3       com.google.common.collect.ImmutableSet::builder (8 bytes)
Event: 42.982 Thread 0x000001ac8109c800 nmethod 5699 0x000001acea6bb290 code [0x000001acea6bb480, 0x000001acea6bb888]
Event: 42.986 Thread 0x000001ac850bc000 5700       4       com.google.common.base.Equivalence$Equals::doHash (5 bytes)
Event: 42.987 Thread 0x000001ac850bc000 nmethod 5700 0x000001acf1360b10 code [0x000001acf1360ca0, 0x000001acf1360d78]
Event: 42.993 Thread 0x000001ac8109c800 5701       3       org.gradle.configuration.internal.DefaultUserCodeApplicationContext::current (11 bytes)
Event: 42.993 Thread 0x000001ac8109c800 nmethod 5701 0x000001acea6bba10 code [0x000001acea6bbbe0, 0x000001acea6bbe88]

GC Heap History (20 events):
Event: 9.572 GC heap before
{Heap before GC invocations=0 (full 0):
 garbage-first heap   total 129024K, used 29696K [0x0000000080000000, 0x0000000100000000)
  region size 1024K, 24 young (24576K), 0 survivors (0K)
 Metaspace       used 10401K, capacity 10640K, committed 11008K, reserved 1058816K
  class space    used 1098K, capacity 1164K, committed 1280K, reserved 1048576K
}
Event: 9.581 GC heap after
{Heap after GC invocations=1 (full 0):
 garbage-first heap   total 129024K, used 8494K [0x0000000080000000, 0x0000000100000000)
  region size 1024K, 3 young (3072K), 3 survivors (3072K)
 Metaspace       used 10401K, capacity 10640K, committed 11008K, reserved 1058816K
  class space    used 1098K, capacity 1164K, committed 1280K, reserved 1048576K
}
Event: 23.496 GC heap before
{Heap before GC invocations=1 (full 0):
 garbage-first heap   total 129024K, used 81198K [0x0000000080000000, 0x0000000100000000)
  region size 1024K, 75 young (76800K), 3 survivors (3072K)
 Metaspace       used 18943K, capacity 19336K, committed 19456K, reserved 1067008K
  class space    used 2295K, capacity 2456K, committed 2560K, reserved 1048576K
}
Event: 23.528 GC heap after
{Heap after GC invocations=2 (full 0):
 garbage-first heap   total 129024K, used 15609K [0x0000000080000000, 0x0000000100000000)
  region size 1024K, 10 young (10240K), 10 survivors (10240K)
 Metaspace       used 18943K, capacity 19336K, committed 19456K, reserved 1067008K
  class space    used 2295K, capacity 2456K, committed 2560K, reserved 1048576K
}
Event: 23.826 GC heap before
{Heap before GC invocations=2 (full 0):
 garbage-first heap   total 129024K, used 27897K [0x0000000080000000, 0x0000000100000000)
  region size 1024K, 23 young (23552K), 10 survivors (10240K)
 Metaspace       used 20636K, capacity 21105K, committed 21248K, reserved 1067008K
  class space    used 2531K, capacity 2710K, committed 2816K, reserved 1048576K
}
Event: 23.832 GC heap after
{Heap after GC invocations=3 (full 0):
 garbage-first heap   total 129024K, used 16948K [0x0000000080000000, 0x0000000100000000)
  region size 1024K, 1 young (1024K), 1 survivors (1024K)
 Metaspace       used 20636K, capacity 21105K, committed 21248K, reserved 1067008K
  class space    used 2531K, capacity 2710K, committed 2816K, reserved 1048576K
}
Event: 24.614 GC heap before
{Heap before GC invocations=4 (full 0):
 garbage-first heap   total 129024K, used 64052K [0x0000000080000000, 0x0000000100000000)
  region size 1024K, 47 young (48128K), 1 survivors (1024K)
 Metaspace       used 25929K, capacity 26575K, committed 26752K, reserved 1073152K
  class space    used 3384K, capacity 3600K, committed 3712K, reserved 1048576K
}
Event: 24.617 GC heap after
{Heap after GC invocations=5 (full 0):
 garbage-first heap   total 129024K, used 18543K [0x0000000080000000, 0x0000000100000000)
  region size 1024K, 3 young (3072K), 3 survivors (3072K)
 Metaspace       used 25929K, capacity 26575K, committed 26752K, reserved 1073152K
  class space    used 3384K, capacity 3600K, committed 3712K, reserved 1048576K
}
Event: 27.415 GC heap before
{Heap before GC invocations=5 (full 0):
 garbage-first heap   total 129024K, used 68719K [0x0000000080000000, 0x0000000100000000)
  region size 1024K, 54 young (55296K), 3 survivors (3072K)
 Metaspace       used 35105K, capacity 35741K, committed 35840K, reserved 1081344K
  class space    used 4567K, capacity 4826K, committed 4864K, reserved 1048576K
}
Event: 27.434 GC heap after
{Heap after GC invocations=6 (full 0):
 garbage-first heap   total 129024K, used 21867K [0x0000000080000000, 0x0000000100000000)
  region size 1024K, 6 young (6144K), 6 survivors (6144K)
 Metaspace       used 35105K, capacity 35741K, committed 35840K, reserved 1081344K
  class space    used 4567K, capacity 4826K, committed 4864K, reserved 1048576K
}
Event: 29.019 GC heap before
{Heap before GC invocations=7 (full 0):
 garbage-first heap   total 129024K, used 80235K [0x0000000080000000, 0x0000000100000000)
  region size 1024K, 60 young (61440K), 6 survivors (6144K)
 Metaspace       used 40625K, capacity 41498K, committed 41600K, reserved 1085440K
  class space    used 5190K, capacity 5501K, committed 5504K, reserved 1048576K
}
Event: 29.032 GC heap after
{Heap after GC invocations=8 (full 0):
 garbage-first heap   total 129024K, used 25014K [0x0000000080000000, 0x0000000100000000)
  region size 1024K, 7 young (7168K), 7 survivors (7168K)
 Metaspace       used 40625K, capacity 41498K, committed 41600K, reserved 1085440K
  class space    used 5190K, capacity 5501K, committed 5504K, reserved 1048576K
}
Event: 35.587 GC heap before
{Heap before GC invocations=8 (full 0):
 garbage-first heap   total 129024K, used 82358K [0x0000000080000000, 0x0000000100000000)
  region size 1024K, 63 young (64512K), 7 survivors (7168K)
 Metaspace       used 44194K, capacity 45207K, committed 45440K, reserved 1089536K
  class space    used 5666K, capacity 6016K, committed 6016K, reserved 1048576K
}
Event: 35.594 GC heap after
{Heap after GC invocations=9 (full 0):
 garbage-first heap   total 129024K, used 27330K [0x0000000080000000, 0x0000000100000000)
  region size 1024K, 6 young (6144K), 6 survivors (6144K)
 Metaspace       used 44194K, capacity 45207K, committed 45440K, reserved 1089536K
  class space    used 5666K, capacity 6016K, committed 6016K, reserved 1048576K
}
Event: 39.886 GC heap before
{Heap before GC invocations=9 (full 0):
 garbage-first heap   total 129024K, used 88770K [0x0000000080000000, 0x0000000100000000)
  region size 1024K, 64 young (65536K), 6 survivors (6144K)
 Metaspace       used 49703K, capacity 50862K, committed 51072K, reserved 1093632K
  class space    used 6317K, capacity 6716K, committed 6784K, reserved 1048576K
}
Event: 39.892 GC heap after
{Heap after GC invocations=10 (full 0):
 garbage-first heap   total 129024K, used 37847K [0x0000000080000000, 0x0000000100000000)
  region size 1024K, 8 young (8192K), 8 survivors (8192K)
 Metaspace       used 49703K, capacity 50862K, committed 51072K, reserved 1093632K
  class space    used 6317K, capacity 6716K, committed 6784K, reserved 1048576K
}
Event: 41.082 GC heap before
{Heap before GC invocations=10 (full 0):
 garbage-first heap   total 129024K, used 91095K [0x0000000080000000, 0x0000000100000000)
  region size 1024K, 61 young (62464K), 8 survivors (8192K)
 Metaspace       used 56837K, capacity 58238K, committed 58496K, reserved 1099776K
  class space    used 7239K, capacity 7736K, committed 7808K, reserved 1048576K
}
Event: 41.090 GC heap after
{Heap after GC invocations=11 (full 0):
 garbage-first heap   total 129024K, used 41690K [0x0000000080000000, 0x0000000100000000)
  region size 1024K, 4 young (4096K), 4 survivors (4096K)
 Metaspace       used 56837K, capacity 58238K, committed 58496K, reserved 1099776K
  class space    used 7239K, capacity 7736K, committed 7808K, reserved 1048576K
}
Event: 41.569 GC heap before
{Heap before GC invocations=11 (full 0):
 garbage-first heap   total 129024K, used 60122K [0x0000000080000000, 0x0000000100000000)
  region size 1024K, 23 young (23552K), 4 survivors (4096K)
 Metaspace       used 58710K, capacity 60136K, committed 60160K, reserved 1101824K
  class space    used 7435K, capacity 7913K, committed 7936K, reserved 1048576K
}
Event: 41.575 GC heap after
{Heap after GC invocations=12 (full 0):
 garbage-first heap   total 129024K, used 43879K [0x0000000080000000, 0x0000000100000000)
  region size 1024K, 6 young (6144K), 6 survivors (6144K)
 Metaspace       used 58710K, capacity 60136K, committed 60160K, reserved 1101824K
  class space    used 7435K, capacity 7913K, committed 7936K, reserved 1048576K
}

Deoptimization events (20 events):
Event: 41.650 Thread 0x000001ac83032000 Uncommon trap: trap_request=0xffffff4d fr.pc=0x000001acf10e8a40 relative=0x0000000000000380
Event: 41.650 Thread 0x000001ac83032000 Uncommon trap: reason=unstable_if action=reinterpret pc=0x000001acf10e8a40 method=java.lang.AbstractStringBuilder.isLatin1()Z @ 10 c2
Event: 41.650 Thread 0x000001ac83032000 DEOPT PACKING pc=0x000001acf10e8a40 sp=0x0000004d7cdf6c80
Event: 41.650 Thread 0x000001ac83032000 DEOPT UNPACKING pc=0x000001ace95d74af sp=0x0000004d7cdf6c00 mode 2
Event: 41.650 Thread 0x000001ac83032000 Uncommon trap: trap_request=0xffffff4d fr.pc=0x000001acf10c8014 relative=0x0000000000000454
Event: 41.650 Thread 0x000001ac83032000 Uncommon trap: reason=unstable_if action=reinterpret pc=0x000001acf10c8014 method=java.lang.AbstractStringBuilder.putStringAt(ILjava/lang/String;)V @ 8 c2
Event: 41.650 Thread 0x000001ac83032000 DEOPT PACKING pc=0x000001acf10c8014 sp=0x0000004d7cdf68e0
Event: 41.650 Thread 0x000001ac83032000 DEOPT UNPACKING pc=0x000001ace95d74af sp=0x0000004d7cdf6840 mode 2
Event: 41.650 Thread 0x000001ac83032000 Uncommon trap: trap_request=0xffffff4d fr.pc=0x000001acf10c4598 relative=0x0000000000000458
Event: 41.650 Thread 0x000001ac83032000 Uncommon trap: reason=unstable_if action=reinterpret pc=0x000001acf10c4598 method=java.lang.String.substring(II)Ljava/lang/String; @ 31 c2
Event: 41.650 Thread 0x000001ac83032000 DEOPT PACKING pc=0x000001acf10c4598 sp=0x0000004d7cdf6870
Event: 41.650 Thread 0x000001ac83032000 DEOPT UNPACKING pc=0x000001ace95d74af sp=0x0000004d7cdf6828 mode 2
Event: 41.651 Thread 0x000001ac83032000 Uncommon trap: trap_request=0xffffff4d fr.pc=0x000001acf10c31ec relative=0x00000000000000cc
Event: 41.651 Thread 0x000001ac83032000 Uncommon trap: reason=unstable_if action=reinterpret pc=0x000001acf10c31ec method=java.lang.String.getBytes([BIB)V @ 5 c2
Event: 41.651 Thread 0x000001ac83032000 DEOPT PACKING pc=0x000001acf10c31ec sp=0x0000004d7cdf6860
Event: 41.651 Thread 0x000001ac83032000 DEOPT UNPACKING pc=0x000001ace95d74af sp=0x0000004d7cdf6808 mode 2
Event: 42.010 Thread 0x000001ac83032000 Uncommon trap: trap_request=0xffffff4d fr.pc=0x000001acf118b51c relative=0x00000000000009bc
Event: 42.010 Thread 0x000001ac83032000 Uncommon trap: reason=unstable_if action=reinterpret pc=0x000001acf118b51c method=java.util.WeakHashMap.eq(Ljava/lang/Object;Ljava/lang/Object;)Z @ 2 c2
Event: 42.010 Thread 0x000001ac83032000 DEOPT PACKING pc=0x000001acf118b51c sp=0x0000004d7cdf4220
Event: 42.010 Thread 0x000001ac83032000 DEOPT UNPACKING pc=0x000001ace95d74af sp=0x0000004d7cdf4190 mode 2

Classes redefined (0 events):
No events

Internal exceptions (20 events):
Event: 42.010 Thread 0x000001ac83032000 Exception <a 'java/lang/ClassNotFoundException'{0x0000000086b8a8f8}: org/gradle/api/internal/FactoryNamedDomainObjectContainerCustomizer> (0x0000000086b8a8f8) thrown at [./src/hotspot/share/classfile/systemDictionary.cpp, line 231]
Event: 42.014 Thread 0x000001ac83032000 Exception <a 'java/lang/ClassNotFoundException'{0x0000000086bc2a10}: org/gradle/api/internal/FactoryNamedDomainObjectContainer_DecoratedCustomizer> (0x0000000086bc2a10) thrown at [./src/hotspot/share/classfile/systemDictionary.cpp, line 231]
Event: 42.030 Thread 0x000001ac83032000 Exception <a 'java/lang/ClassNotFoundException'{0x000000008632a1e0}: com/android/build/gradle/internal/dsl/BuildType_DecoratedBeanInfo> (0x000000008632a1e0) thrown at [./src/hotspot/share/classfile/systemDictionary.cpp, line 231]
Event: 42.030 Thread 0x000001ac83032000 Exception <a 'java/lang/ClassNotFoundException'{0x0000000086341b18}: com/android/build/gradle/internal/dsl/BuildTypeBeanInfo> (0x0000000086341b18) thrown at [./src/hotspot/share/classfile/systemDictionary.cpp, line 231]
Event: 42.031 Thread 0x000001ac83032000 Exception <a 'java/lang/ClassNotFoundException'{0x0000000086358a48}: com/android/builder/core/AbstractBuildTypeBeanInfo> (0x0000000086358a48) thrown at [./src/hotspot/share/classfile/systemDictionary.cpp, line 231]
Event: 42.033 Thread 0x000001ac83032000 Exception <a 'java/lang/ClassNotFoundException'{0x000000008636ff78}: com/android/builder/core/AbstractBuildTypeCustomizer> (0x000000008636ff78) thrown at [./src/hotspot/share/classfile/systemDictionary.cpp, line 231]
Event: 42.035 Thread 0x000001ac83032000 Exception <a 'java/lang/ClassNotFoundException'{0x00000000863a4068}: com/android/build/gradle/internal/dsl/BuildTypeCustomizer> (0x00000000863a4068) thrown at [./src/hotspot/share/classfile/systemDictionary.cpp, line 231]
Event: 42.043 Thread 0x000001ac83032000 Exception <a 'java/lang/ClassNotFoundException'{0x000000008622b030}: com/android/build/gradle/internal/dsl/BuildType_DecoratedCustomizer> (0x000000008622b030) thrown at [./src/hotspot/share/classfile/systemDictionary.cpp, line 231]
Event: 42.051 Thread 0x000001ac83032000 Exception <a 'java/lang/ClassNotFoundException'{0x00000000862e5c98}: build_2a4hgh8r9nju7papwedhtd79h$_run_closure1$_closure4BeanInfo> (0x00000000862e5c98) thrown at [./src/hotspot/share/classfile/systemDictionary.cpp, line 231]
Event: 42.051 Thread 0x000001ac83032000 Exception <a 'java/lang/ClassNotFoundException'{0x00000000862f5f20}: build_2a4hgh8r9nju7papwedhtd79h$_run_closure1$_closure4Customizer> (0x00000000862f5f20) thrown at [./src/hotspot/share/classfile/systemDictionary.cpp, line 231]
Event: 42.055 Thread 0x000001ac83032000 Exception <a 'java/lang/ClassNotFoundException'{0x000000008611d7a8}: build_2a4hgh8r9nju7papwedhtd79h$_run_closure1BeanInfo> (0x000000008611d7a8) thrown at [./src/hotspot/share/classfile/systemDictionary.cpp, line 231]
Event: 42.056 Thread 0x000001ac83032000 Exception <a 'java/lang/ClassNotFoundException'{0x000000008612d270}: build_2a4hgh8r9nju7papwedhtd79h$_run_closure1Customizer> (0x000000008612d270) thrown at [./src/hotspot/share/classfile/systemDictionary.cpp, line 231]
Event: 42.074 Thread 0x000001ac83032000 Exception <a 'java/lang/ClassNotFoundException'{0x0000000086184b50}: org/gradle/api/JavaVersionBeanInfo> (0x0000000086184b50) thrown at [./src/hotspot/share/classfile/systemDictionary.cpp, line 231]
Event: 42.078 Thread 0x000001ac83032000 Exception <a 'java/lang/ClassNotFoundException'{0x0000000086190008}: java/lang/EnumBeanInfo> (0x0000000086190008) thrown at [./src/hotspot/share/classfile/systemDictionary.cpp, line 231]
Event: 42.078 Thread 0x000001ac83032000 Exception <a 'java/lang/ClassNotFoundException'{0x000000008619b530}: java/lang/EnumCustomizer> (0x000000008619b530) thrown at [./src/hotspot/share/classfile/systemDictionary.cpp, line 231]
Event: 42.084 Thread 0x000001ac83032000 Exception <a 'java/lang/ClassNotFoundException'{0x00000000861c6710}: org/gradle/api/JavaVersionCustomizer> (0x00000000861c6710) thrown at [./src/hotspot/share/classfile/systemDictionary.cpp, line 231]
Event: 42.095 Thread 0x000001ac83032000 Exception <a 'java/lang/ClassNotFoundException'{0x00000000860193c8}: com/android/build/gradle/internal/CompileOptions_DecoratedBeanInfo> (0x00000000860193c8) thrown at [./src/hotspot/share/classfile/systemDictionary.cpp, line 231]
Event: 42.096 Thread 0x000001ac83032000 Exception <a 'java/lang/ClassNotFoundException'{0x000000008602fa70}: com/android/build/gradle/internal/CompileOptionsBeanInfo> (0x000000008602fa70) thrown at [./src/hotspot/share/classfile/systemDictionary.cpp, line 231]
Event: 42.098 Thread 0x000001ac83032000 Exception <a 'java/lang/ClassNotFoundException'{0x0000000086046758}: com/android/build/gradle/internal/CompileOptionsCustomizer> (0x0000000086046758) thrown at [./src/hotspot/share/classfile/systemDictionary.cpp, line 231]
Event: 42.102 Thread 0x000001ac83032000 Exception <a 'java/lang/ClassNotFoundException'{0x0000000086069b28}: com/android/build/gradle/internal/CompileOptions_DecoratedCustomizer> (0x0000000086069b28) thrown at [./src/hotspot/share/classfile/systemDictionary.cpp, line 231]

Events (20 events):
Event: 42.989 loading class com/android/build/api/artifact/impl/InAndOutDirectoryOperationRequestImpl$Companion$initializeInput$1
Event: 42.989 loading class com/android/build/api/artifact/impl/InAndOutDirectoryOperationRequestImpl$Companion$initializeInput$1 done
Event: 42.989 loading class com/android/build/api/artifact/impl/ArtifactTransformationRequestImpl
Event: 42.989 loading class com/android/build/api/artifact/impl/ArtifactTransformationRequestImpl done
Event: 42.990 loading class com/android/build/api/artifact/ArtifactTransformationRequest
Event: 42.990 loading class com/android/build/api/artifact/ArtifactTransformationRequest done
Event: 42.991 loading class com/android/build/gradle/tasks/ProcessPackagedManifestTask$CreationAction
Event: 42.991 loading class com/android/build/gradle/tasks/ProcessPackagedManifestTask$CreationAction done
Event: 42.991 loading class com/android/build/gradle/tasks/ProcessPackagedManifestTask
Event: 42.991 loading class com/android/build/gradle/tasks/ProcessPackagedManifestTask done
Event: 42.992 loading class com/android/build/gradle/tasks/ProcessPackagedManifestTask$CreationAction$handleProvider$1
Event: 42.992 loading class com/android/build/gradle/tasks/ProcessPackagedManifestTask$CreationAction$handleProvider$1 done
Event: 42.992 loading class com/android/build/gradle/tasks/ProcessPackagedManifestTask$CreationAction$handleProvider$2
Event: 42.992 loading class com/android/build/gradle/tasks/ProcessPackagedManifestTask$CreationAction$handleProvider$2 done
Event: 42.992 loading class com/android/build/gradle/internal/scope/InternalArtifactType$PACKAGED_MANIFESTS
Event: 42.992 loading class com/android/build/gradle/internal/scope/InternalArtifactType$PACKAGED_MANIFESTS done
Event: 42.993 loading class com/android/build/gradle/tasks/GenerateManifestJarTask$CreationAction
Event: 42.993 loading class com/android/build/gradle/tasks/GenerateManifestJarTask$CreationAction done
Event: 42.994 loading class com/android/build/gradle/tasks/GenerateManifestJarTask
Event: 42.994 loading class com/android/build/gradle/tasks/GenerateManifestJarTask done


Dynamic libraries:
0x00007ff6c3dd0000 - 0x00007ff6c3dda000 	D:\ANDROID STUDIO\jre\bin\java.exe
0x00007ffe3ffb0000 - 0x00007ffe401a5000 	C:\Windows\SYSTEM32\ntdll.dll
0x00007ffe3e940000 - 0x00007ffe3e9fd000 	C:\Windows\System32\KERNEL32.DLL
0x00007ffe3dad0000 - 0x00007ffe3dd98000 	C:\Windows\System32\KERNELBASE.dll
0x00007ffe3d6f0000 - 0x00007ffe3d7f0000 	C:\Windows\System32\ucrtbase.dll
0x00007ffe3a710000 - 0x00007ffe3a729000 	D:\ANDROID STUDIO\jre\bin\jli.dll
0x00007ffe3eb70000 - 0x00007ffe3ed10000 	C:\Windows\System32\USER32.dll
0x00007ffe3d7f0000 - 0x00007ffe3d812000 	C:\Windows\System32\win32u.dll
0x00007ffe3fd20000 - 0x00007ffe3fd4a000 	C:\Windows\System32\GDI32.dll
0x00007ffe3cb10000 - 0x00007ffe3cdaa000 	C:\Windows\WinSxS\amd64_microsoft.windows.common-controls_6595b64144ccf1df_6.0.19041.844_none_ca00b6081b84eb1d\COMCTL32.dll
0x00007ffe3de80000 - 0x00007ffe3df8b000 	C:\Windows\System32\gdi32full.dll
0x00007ffe3eeb0000 - 0x00007ffe3ef4e000 	C:\Windows\System32\msvcrt.dll
0x00007ffe3d870000 - 0x00007ffe3d90d000 	C:\Windows\System32\msvcp_win.dll
0x00007ffe3a120000 - 0x00007ffe3a137000 	D:\ANDROID STUDIO\jre\bin\VCRUNTIME140.dll
0x00007ffe3e830000 - 0x00007ffe3e860000 	C:\Windows\System32\IMM32.DLL
0x00007ffe36e30000 - 0x00007ffe36ecd000 	D:\ANDROID STUDIO\jre\bin\msvcp140.dll
0x00007ffde7bf0000 - 0x00007ffde86ac000 	D:\ANDROID STUDIO\jre\bin\server\jvm.dll
0x00007ffe3f6a0000 - 0x00007ffe3f74c000 	C:\Windows\System32\ADVAPI32.dll
0x00007ffe3ead0000 - 0x00007ffe3eb6b000 	C:\Windows\System32\sechost.dll
0x00007ffe3fd60000 - 0x00007ffe3fe8b000 	C:\Windows\System32\RPCRT4.dll
0x00007ffe3e930000 - 0x00007ffe3e938000 	C:\Windows\System32\PSAPI.DLL
0x00007ffe36390000 - 0x00007ffe363b7000 	C:\Windows\SYSTEM32\WINMM.dll
0x00007ffe36aa0000 - 0x00007ffe36aaa000 	C:\Windows\SYSTEM32\VERSION.dll
0x00007ffe3ac80000 - 0x00007ffe3ac89000 	C:\Windows\SYSTEM32\WSOCK32.dll
0x00007ffe3f750000 - 0x00007ffe3f7bb000 	C:\Windows\System32\WS2_32.dll
0x00007ffe3b970000 - 0x00007ffe3b982000 	C:\Windows\SYSTEM32\kernel.appcore.dll
0x00007ffe3a9a0000 - 0x00007ffe3a9b1000 	D:\ANDROID STUDIO\jre\bin\verify.dll
0x00007ffe3d120000 - 0x00007ffe3d304000 	C:\Windows\SYSTEM32\DBGHELP.DLL
0x00007ffe3ced0000 - 0x00007ffe3cefc000 	C:\Windows\SYSTEM32\dbgcore.DLL
0x00007ffe3df90000 - 0x00007ffe3e010000 	C:\Windows\System32\bcryptPrimitives.dll
0x00007ffe3a8e0000 - 0x00007ffe3a909000 	D:\ANDROID STUDIO\jre\bin\java.dll
0x00007ffe3a930000 - 0x00007ffe3a93b000 	D:\ANDROID STUDIO\jre\bin\jimage.dll
0x00007ffe3a7c0000 - 0x00007ffe3a7d8000 	D:\ANDROID STUDIO\jre\bin\zip.dll
0x00007ffe3ef50000 - 0x00007ffe3f692000 	C:\Windows\System32\SHELL32.dll
0x00007ffe3b1d0000 - 0x00007ffe3b960000 	C:\Windows\SYSTEM32\windows.storage.dll
0x00007ffe3f9a0000 - 0x00007ffe3fcf5000 	C:\Windows\System32\combase.dll
0x00007ffe3ca70000 - 0x00007ffe3ca9c000 	C:\Windows\SYSTEM32\Wldp.dll
0x00007ffe3f7c0000 - 0x00007ffe3f86e000 	C:\Windows\System32\SHCORE.dll
0x00007ffe3ea00000 - 0x00007ffe3ea55000 	C:\Windows\System32\shlwapi.dll
0x00007ffe3d630000 - 0x00007ffe3d64f000 	C:\Windows\SYSTEM32\profapi.dll
0x00007ffe3a360000 - 0x00007ffe3a37a000 	D:\ANDROID STUDIO\jre\bin\net.dll
0x00007ffe34630000 - 0x00007ffe3473b000 	C:\Windows\SYSTEM32\WINHTTP.dll
0x00007ffe3c7d0000 - 0x00007ffe3c83a000 	C:\Windows\system32\mswsock.dll
0x00007ffe3a340000 - 0x00007ffe3a354000 	D:\ANDROID STUDIO\jre\bin\nio.dll
0x00007ffe3a690000 - 0x00007ffe3a6b7000 	C:\Users\vaish\.gradle\native\fdc75f09e3144964f2cf3f50f0aa648679c211496f362492102eb8c894070792\windows-amd64\native-platform.dll
0x00007ffe07df0000 - 0x00007ffe07f86000 	C:\Users\vaish\.gradle\native\12488b8bf47d2d4c9fbf2f6322a914ad602e24e48041cd04a747c6da556b65c4\windows-amd64\native-platform-file-events.dll
0x00007ffe3a920000 - 0x00007ffe3a92a000 	D:\ANDROID STUDIO\jre\bin\management.dll
0x00007ffe3a660000 - 0x00007ffe3a66c000 	D:\ANDROID STUDIO\jre\bin\management_ext.dll
0x00007ffe3d480000 - 0x00007ffe3d498000 	C:\Windows\SYSTEM32\CRYPTSP.dll
0x00007ffe3c1a0000 - 0x00007ffe3c1d4000 	C:\Windows\system32\rsaenh.dll
0x00007ffe3de50000 - 0x00007ffe3de77000 	C:\Windows\System32\bcrypt.dll
0x00007ffe3d5b0000 - 0x00007ffe3d5de000 	C:\Windows\SYSTEM32\USERENV.dll
0x00007ffe3ca60000 - 0x00007ffe3ca6c000 	C:\Windows\SYSTEM32\CRYPTBASE.dll
0x00007ffe3c4d0000 - 0x00007ffe3c50b000 	C:\Windows\SYSTEM32\IPHLPAPI.DLL
0x00007ffe3fd50000 - 0x00007ffe3fd58000 	C:\Windows\System32\NSI.dll
0x00007ffe31270000 - 0x00007ffe31287000 	C:\Windows\SYSTEM32\dhcpcsvc6.DLL
0x00007ffe31250000 - 0x00007ffe3126d000 	C:\Windows\SYSTEM32\dhcpcsvc.DLL
0x00007ffe3c510000 - 0x00007ffe3c5dc000 	C:\Windows\SYSTEM32\DNSAPI.dll
0x00007ffe31310000 - 0x00007ffe3131b000 	C:\Windows\SYSTEM32\WINNSI.DLL

dbghelp: loaded successfully - version: 4.0.5 - missing functions: none
symbol engine: initialized successfully - sym options: 0x614 - pdb path: .;D:\ANDROID STUDIO\jre\bin;C:\Windows\SYSTEM32;C:\Windows\WinSxS\amd64_microsoft.windows.common-controls_6595b64144ccf1df_6.0.19041.844_none_ca00b6081b84eb1d;D:\ANDROID STUDIO\jre\bin\server;C:\Users\vaish\.gradle\native\fdc75f09e3144964f2cf3f50f0aa648679c211496f362492102eb8c894070792\windows-amd64;C:\Users\vaish\.gradle\native\12488b8bf47d2d4c9fbf2f6322a914ad602e24e48041cd04a747c6da556b65c4\windows-amd64

VM Arguments:
jvm_args: --add-opens=java.base/java.util=ALL-UNNAMED --add-opens=java.base/java.lang=ALL-UNNAMED --add-opens=java.base/java.lang.invoke=ALL-UNNAMED --add-opens=java.prefs/java.util.prefs=ALL-UNNAMED -Xmx2048m -Dfile.encoding=UTF-8 -Duser.country=US -Duser.language=en -Duser.variant 
java_command: org.gradle.launcher.daemon.bootstrap.GradleDaemon 6.7.1
java_class_path (initial): C:\Users\vaish\.gradle\wrapper\dists\gradle-6.7.1-bin\bwlcbys1h7rz3272sye1xwiv6\gradle-6.7.1\lib\gradle-launcher-6.7.1.jar
Launcher Type: SUN_STANDARD

[Global flags]
     intx CICompilerCount                          = 4                                         {product} {ergonomic}
     uint ConcGCThreads                            = 2                                         {product} {ergonomic}
     uint G1ConcRefinementThreads                  = 8                                         {product} {ergonomic}
   size_t G1HeapRegionSize                         = 1048576                                   {product} {ergonomic}
    uintx GCDrainStackTargetSize                   = 64                                        {product} {ergonomic}
   size_t InitialHeapSize                          = 132120576                                 {product} {ergonomic}
   size_t MarkStackSize                            = 4194304                                   {product} {ergonomic}
   size_t MaxHeapSize                              = 2147483648                                {product} {command line}
   size_t MaxNewSize                               = 1287651328                                {product} {ergonomic}
   size_t MinHeapDeltaBytes                        = 1048576                                   {product} {ergonomic}
    uintx NonNMethodCodeHeapSize                   = 5836300                                {pd product} {ergonomic}
    uintx NonProfiledCodeHeapSize                  = 122910970                              {pd product} {ergonomic}
    uintx ProfiledCodeHeapSize                     = 122910970                              {pd product} {ergonomic}
    uintx ReservedCodeCacheSize                    = 251658240                              {pd product} {ergonomic}
     bool SegmentedCodeCache                       = true                                      {product} {ergonomic}
     bool UseCompressedClassPointers               = true                                 {lp64_product} {ergonomic}
     bool UseCompressedOops                        = true                                 {lp64_product} {ergonomic}
     bool UseG1GC                                  = true                                      {product} {ergonomic}
     bool UseLargePagesIndividualAllocation        = false                                  {pd product} {ergonomic}

Logging:
Log output configuration:
 #0: stdout all=warning uptime,level,tags
 #1: stderr all=off uptime,level,tags

Environment Variables:
PATH=C:\Program Files\Google\Chrome\Application;C:\Program Files (x86)\VMware\VMware Player\bin\;C:\Windows\system32;C:\Windows;C:\Windows\System32\Wbem;C:\Windows\System32\WindowsPowerShell\v1.0\;C:\Windows\System32\OpenSSH\;C:\Program Files (x86)\NVIDIA Corporation\PhysX\Common;C:\Program Files\NVIDIA Corporation\NVIDIA NvDLISR;C:\Users\vaish\AppData\Local\Microsoft\WindowsApps;;C:\Users\vaish\AppData\Local\Programs\Microsoft VS Code\bin
USERNAME=vaish
OS=Windows_NT
PROCESSOR_IDENTIFIER=Intel64 Family 6 Model 142 Stepping 12, GenuineIntel



---------------  S Y S T E M  ---------------

OS: Windows 10 , 64 bit Build 19041 (10.0.19041.928)
OS uptime: 14 days 1:13 hours

CPU:total 8 (initial active 8) (4 cores per cpu, 2 threads per core) family 6 model 142 stepping 12, cmov, cx8, fxsr, mmx, sse, sse2, sse3, ssse3, sse4.1, sse4.2, popcnt, avx, avx2, aes, clmul, erms, 3dnowpref, lzcnt, ht, tsc, tscinvbit, bmi1, bmi2, adx, fma

Memory: 4k page, system-wide physical 8020M (361M free)
TotalPageFile size 32596M (AvailPageFile size 1M)
current process WorkingSet (physical memory assigned to process): 318M, peak: 318M
current process commit charge ("private bytes"): 362M, peak: 363M

vm_info: OpenJDK 64-Bit Server VM (11.0.8+10-b944.6842174) for windows-amd64 JRE (11.0.8+10-b944.6842174), built on Sep 19 2020 01:11:42 by "builder" with MS VC++ 14.0 (VS2015)

END.
